<?xml version="1.0" encoding="UTF-8"?>
<coverage generated="1775439358784" clover="3.2.0">
  <project timestamp="1775439358785" name="All files">
    <metrics statements="547" coveredstatements="465" conditionals="302" coveredconditionals="193" methods="222" coveredmethods="189" elements="1071" coveredelements="847" complexity="0" loc="547" ncloc="547" packages="13" files="53" classes="53"/>
    <package name="api">
      <metrics statements="6" coveredstatements="4" conditionals="2" coveredconditionals="1" methods="1" coveredmethods="1"/>
      <file name="axios.js" path="C:\Users\Sebas Berrios\OneDrive\Escritorio\Lyfter\duad_sebas\duad_sebas\react\paw-store\src\api\axios.js">
        <metrics statements="6" coveredstatements="4" conditionals="2" coveredconditionals="1" methods="1" coveredmethods="1"/>
        <line num="3" count="10" type="stmt"/>
        <line num="10" count="10" type="stmt"/>
        <line num="11" count="2" type="stmt"/>
        <line num="12" count="2" type="cond" truecount="1" falsecount="1"/>
        <line num="13" count="0" type="stmt"/>
        <line num="15" count="0" type="stmt"/>
      </file>
    </package>
    <package name="assets">
      <metrics statements="0" coveredstatements="0" conditionals="0" coveredconditionals="0" methods="0" coveredmethods="0"/>
      <file name="close-svgrepo-com.svg" path="C:\Users\Sebas Berrios\OneDrive\Escritorio\Lyfter\duad_sebas\duad_sebas\react\paw-store\src\assets\close-svgrepo-com.svg">
        <metrics statements="0" coveredstatements="0" conditionals="0" coveredconditionals="0" methods="0" coveredmethods="0"/>
      </file>
      <file name="error_24dp_E3E3E3_FILL0_wght400_GRAD0_opsz24.svg" path="C:\Users\Sebas Berrios\OneDrive\Escritorio\Lyfter\duad_sebas\duad_sebas\react\paw-store\src\assets\error_24dp_E3E3E3_FILL0_wght400_GRAD0_opsz24.svg">
        <metrics statements="0" coveredstatements="0" conditionals="0" coveredconditionals="0" methods="0" coveredmethods="0"/>
      </file>
      <file name="lock_24dp_000000_FILL0_wght400_GRAD0_opsz24.svg" path="C:\Users\Sebas Berrios\OneDrive\Escritorio\Lyfter\duad_sebas\duad_sebas\react\paw-store\src\assets\lock_24dp_000000_FILL0_wght400_GRAD0_opsz24.svg">
        <metrics statements="0" coveredstatements="0" conditionals="0" coveredconditionals="0" methods="0" coveredmethods="0"/>
      </file>
      <file name="lucide-PawPrint-Outlined.svg" path="C:\Users\Sebas Berrios\OneDrive\Escritorio\Lyfter\duad_sebas\duad_sebas\react\paw-store\src\assets\lucide-PawPrint-Outlined.svg">
        <metrics statements="0" coveredstatements="0" conditionals="0" coveredconditionals="0" methods="0" coveredmethods="0"/>
      </file>
      <file name="sentiment_dissatisfied_24dp_000000_FILL0_wght400_GRAD0_opsz24.svg" path="C:\Users\Sebas Berrios\OneDrive\Escritorio\Lyfter\duad_sebas\duad_sebas\react\paw-store\src\assets\sentiment_dissatisfied_24dp_000000_FILL0_wght400_GRAD0_opsz24.svg">
        <metrics statements="0" coveredstatements="0" conditionals="0" coveredconditionals="0" methods="0" coveredmethods="0"/>
      </file>
    </package>
    <package name="components">
      <metrics statements="0" coveredstatements="0" conditionals="0" coveredconditionals="0" methods="0" coveredmethods="0"/>
      <file name="shared.module.css" path="C:\Users\Sebas Berrios\OneDrive\Escritorio\Lyfter\duad_sebas\duad_sebas\react\paw-store\src\components\shared.module.css">
        <metrics statements="0" coveredstatements="0" conditionals="0" coveredconditionals="0" methods="0" coveredmethods="0"/>
      </file>
    </package>
    <package name="components.Forms">
      <metrics statements="89" coveredstatements="79" conditionals="73" coveredconditionals="44" methods="29" coveredmethods="26"/>
      <file name="AddProductForm.jsx" path="C:\Users\Sebas Berrios\OneDrive\Escritorio\Lyfter\duad_sebas\duad_sebas\react\paw-store\src\components\Forms\AddProductForm.jsx">
        <metrics statements="5" coveredstatements="3" conditionals="4" coveredconditionals="1" methods="2" coveredmethods="1"/>
        <line num="10" count="24" type="stmt"/>
        <line num="13" count="24" type="stmt"/>
        <line num="14" count="0" type="stmt"/>
        <line num="19" count="0" type="cond" truecount="0" falsecount="2"/>
        <line num="22" count="24" type="stmt"/>
      </file>
      <file name="EditProductForm.jsx" path="C:\Users\Sebas Berrios\OneDrive\Escritorio\Lyfter\duad_sebas\duad_sebas\react\paw-store\src\components\Forms\EditProductForm.jsx">
        <metrics statements="8" coveredstatements="6" conditionals="20" coveredconditionals="10" methods="3" coveredmethods="2"/>
        <line num="12" count="2" type="stmt"/>
        <line num="24" count="2" type="stmt"/>
        <line num="25" count="1" type="cond" truecount="1" falsecount="1"/>
        <line num="27" count="1" type="stmt"/>
        <line num="37" count="2" type="stmt"/>
        <line num="38" count="0" type="stmt"/>
        <line num="44" count="0" type="stmt"/>
        <line num="47" count="2" type="stmt"/>
      </file>
      <file name="Forms.module.css" path="C:\Users\Sebas Berrios\OneDrive\Escritorio\Lyfter\duad_sebas\duad_sebas\react\paw-store\src\components\Forms\Forms.module.css">
        <metrics statements="0" coveredstatements="0" conditionals="0" coveredconditionals="0" methods="0" coveredmethods="0"/>
      </file>
      <file name="FormsComponents.jsx" path="C:\Users\Sebas Berrios\OneDrive\Escritorio\Lyfter\duad_sebas\duad_sebas\react\paw-store\src\components\Forms\FormsComponents.jsx">
        <metrics statements="12" coveredstatements="12" conditionals="12" coveredconditionals="8" methods="5" coveredmethods="5"/>
        <line num="1" count="4" type="stmt"/>
        <line num="2" count="65" type="stmt"/>
        <line num="5" count="4" type="stmt"/>
        <line num="6" count="65" type="stmt"/>
        <line num="9" count="4" type="stmt"/>
        <line num="20" count="262" type="cond" truecount="3" falsecount="1"/>
        <line num="23" count="262" type="stmt"/>
        <line num="36" count="4" type="stmt"/>
        <line num="47" count="26" type="cond" truecount="2" falsecount="2"/>
        <line num="50" count="26" type="stmt"/>
        <line num="63" count="4" type="stmt"/>
        <line num="64" count="78" type="stmt"/>
      </file>
      <file name="LoginForm.jsx" path="C:\Users\Sebas Berrios\OneDrive\Escritorio\Lyfter\duad_sebas\duad_sebas\react\paw-store\src\components\Forms\LoginForm.jsx">
        <metrics statements="11" coveredstatements="11" conditionals="8" coveredconditionals="7" methods="3" coveredmethods="3"/>
        <line num="14" count="12" type="stmt"/>
        <line num="17" count="12" type="stmt"/>
        <line num="19" count="12" type="stmt"/>
        <line num="21" count="12" type="stmt"/>
        <line num="22" count="1" type="stmt"/>
        <line num="23" count="1" type="cond" truecount="1" falsecount="1"/>
        <line num="24" count="1" type="stmt"/>
        <line num="25" count="1" type="stmt"/>
        <line num="26" count="1" type="stmt"/>
        <line num="30" count="12" type="stmt"/>
        <line num="79" count="1" type="stmt"/>
      </file>
      <file name="OrderSummary.module.css" path="C:\Users\Sebas Berrios\OneDrive\Escritorio\Lyfter\duad_sebas\duad_sebas\react\paw-store\src\components\Forms\OrderSummary.module.css">
        <metrics statements="0" coveredstatements="0" conditionals="0" coveredconditionals="0" methods="0" coveredmethods="0"/>
      </file>
      <file name="PurchaseInfoForm.jsx" path="C:\Users\Sebas Berrios\OneDrive\Escritorio\Lyfter\duad_sebas\duad_sebas\react\paw-store\src\components\Forms\PurchaseInfoForm.jsx">
        <metrics statements="41" coveredstatements="39" conditionals="23" coveredconditionals="15" methods="12" coveredmethods="12"/>
        <line num="19" count="13" type="stmt"/>
        <line num="24" count="26" type="stmt"/>
        <line num="50" count="15" type="stmt"/>
        <line num="53" count="15" type="stmt"/>
        <line num="55" count="15" type="stmt"/>
        <line num="56" count="15" type="stmt"/>
        <line num="57" count="15" type="stmt"/>
        <line num="58" count="15" type="stmt"/>
        <line num="59" count="45" type="stmt"/>
        <line num="61" count="45" type="stmt"/>
        <line num="62" count="45" type="stmt"/>
        <line num="63" count="45" type="stmt"/>
        <line num="65" count="15" type="stmt"/>
        <line num="66" count="45" type="stmt"/>
        <line num="68" count="15" type="stmt"/>
        <line num="69" count="45" type="stmt"/>
        <line num="71" count="15" type="stmt"/>
        <line num="72" count="45" type="stmt"/>
        <line num="75" count="15" type="stmt"/>
        <line num="77" count="15" type="stmt"/>
        <line num="78" count="1" type="stmt"/>
        <line num="83" count="1" type="cond" truecount="1" falsecount="1"/>
        <line num="85" count="1" type="stmt"/>
        <line num="87" count="1" type="stmt"/>
        <line num="88" count="1" type="stmt"/>
        <line num="89" count="1" type="stmt"/>
        <line num="90" count="1" type="stmt"/>
        <line num="91" count="1" type="stmt"/>
        <line num="92" count="1" type="stmt"/>
        <line num="93" count="1" type="stmt"/>
        <line num="95" count="0" type="stmt"/>
        <line num="101" count="15" type="stmt"/>
        <line num="102" count="1" type="stmt"/>
        <line num="103" count="1" type="stmt"/>
        <line num="110" count="1" type="stmt"/>
        <line num="111" count="1" type="stmt"/>
        <line num="112" count="1" type="stmt"/>
        <line num="114" count="1" type="stmt"/>
        <line num="116" count="0" type="stmt"/>
        <line num="123" count="15" type="cond" truecount="3" falsecount="0"/>
        <line num="125" count="15" type="cond" truecount="2" falsecount="0"/>
      </file>
      <file name="RegisterForm.jsx" path="C:\Users\Sebas Berrios\OneDrive\Escritorio\Lyfter\duad_sebas\duad_sebas\react\paw-store\src\components\Forms\RegisterForm.jsx">
        <metrics statements="12" coveredstatements="8" conditionals="6" coveredconditionals="3" methods="4" coveredmethods="3"/>
        <line num="14" count="14" type="stmt"/>
        <line num="17" count="14" type="stmt"/>
        <line num="18" count="14" type="stmt"/>
        <line num="20" count="14" type="stmt"/>
        <line num="22" count="14" type="stmt"/>
        <line num="23" count="0" type="stmt"/>
        <line num="24" count="0" type="cond" truecount="0" falsecount="2"/>
        <line num="25" count="0" type="stmt"/>
        <line num="26" count="0" type="stmt"/>
        <line num="29" count="14" type="stmt"/>
        <line num="103" count="1" type="cond" truecount="2" falsecount="0"/>
        <line num="121" count="1" type="stmt"/>
      </file>
    </package>
    <package name="components.Messages-States">
      <metrics statements="50" coveredstatements="30" conditionals="4" coveredconditionals="1" methods="28" coveredmethods="13"/>
      <file name="Alerts.jsx" path="C:\Users\Sebas Berrios\OneDrive\Escritorio\Lyfter\duad_sebas\duad_sebas\react\paw-store\src\components\Messages-States\Alerts.jsx">
        <metrics statements="22" coveredstatements="13" conditionals="4" coveredconditionals="1" methods="11" coveredmethods="3"/>
        <line num="3" count="2" type="stmt"/>
        <line num="4" count="0" type="stmt"/>
        <line num="12" count="2" type="stmt"/>
        <line num="13" count="1" type="stmt"/>
        <line num="21" count="2" type="stmt"/>
        <line num="22" count="0" type="stmt"/>
        <line num="33" count="2" type="stmt"/>
        <line num="34" count="0" type="stmt"/>
        <line num="37" count="0" type="stmt"/>
        <line num="41" count="2" type="stmt"/>
        <line num="42" count="0" type="stmt"/>
        <line num="47" count="2" type="stmt"/>
        <line num="54" count="1" type="stmt"/>
        <line num="55" count="1" type="stmt"/>
        <line num="59" count="2" type="stmt"/>
        <line num="60" count="1" type="stmt"/>
        <line num="66" count="2" type="stmt"/>
        <line num="67" count="0" type="stmt"/>
        <line num="75" count="0" type="cond" truecount="0" falsecount="2"/>
        <line num="76" count="0" type="stmt"/>
        <line num="81" count="2" type="stmt"/>
        <line num="82" count="0" type="stmt"/>
      </file>
      <file name="Error.jsx" path="C:\Users\Sebas Berrios\OneDrive\Escritorio\Lyfter\duad_sebas\duad_sebas\react\paw-store\src\components\Messages-States\Error.jsx">
        <metrics statements="2" coveredstatements="1" conditionals="0" coveredconditionals="0" methods="2" coveredmethods="1"/>
        <line num="5" count="3" type="stmt"/>
        <line num="15" count="0" type="stmt"/>
      </file>
      <file name="Loading.jsx" path="C:\Users\Sebas Berrios\OneDrive\Escritorio\Lyfter\duad_sebas\duad_sebas\react\paw-store\src\components\Messages-States\Loading.jsx">
        <metrics statements="2" coveredstatements="1" conditionals="0" coveredconditionals="0" methods="2" coveredmethods="1"/>
        <line num="5" count="3" type="stmt"/>
        <line num="16" count="0" type="stmt"/>
      </file>
      <file name="MessagesStates.module.css" path="C:\Users\Sebas Berrios\OneDrive\Escritorio\Lyfter\duad_sebas\duad_sebas\react\paw-store\src\components\Messages-States\MessagesStates.module.css">
        <metrics statements="0" coveredstatements="0" conditionals="0" coveredconditionals="0" methods="0" coveredmethods="0"/>
      </file>
      <file name="NotFound.jsx" path="C:\Users\Sebas Berrios\OneDrive\Escritorio\Lyfter\duad_sebas\duad_sebas\react\paw-store\src\components\Messages-States\NotFound.jsx">
        <metrics statements="4" coveredstatements="3" conditionals="0" coveredconditionals="0" methods="2" coveredmethods="1"/>
        <line num="6" count="2" type="stmt"/>
        <line num="7" count="2" type="stmt"/>
        <line num="12" count="0" type="stmt"/>
        <line num="14" count="2" type="stmt"/>
      </file>
      <file name="PurchaseSuccess.jsx" path="C:\Users\Sebas Berrios\OneDrive\Escritorio\Lyfter\duad_sebas\duad_sebas\react\paw-store\src\components\Messages-States\PurchaseSuccess.jsx">
        <metrics statements="3" coveredstatements="3" conditionals="0" coveredconditionals="0" methods="2" coveredmethods="2"/>
        <line num="5" count="1" type="stmt"/>
        <line num="6" count="7" type="stmt"/>
        <line num="19" count="7" type="stmt"/>
      </file>
      <file name="Restricted.jsx" path="C:\Users\Sebas Berrios\OneDrive\Escritorio\Lyfter\duad_sebas\duad_sebas\react\paw-store\src\components\Messages-States\Restricted.jsx">
        <metrics statements="17" coveredstatements="9" conditionals="0" coveredconditionals="0" methods="9" coveredmethods="5"/>
        <line num="6" count="2" type="stmt"/>
        <line num="7" count="2" type="stmt"/>
        <line num="9" count="2" type="stmt"/>
        <line num="10" count="9" type="stmt"/>
        <line num="12" count="2" type="stmt"/>
        <line num="13" count="9" type="stmt"/>
        <line num="15" count="2" type="stmt"/>
        <line num="16" count="2" type="stmt"/>
        <line num="22" count="2" type="stmt"/>
        <line num="39" count="0" type="stmt"/>
        <line num="40" count="0" type="stmt"/>
        <line num="45" count="0" type="stmt"/>
        <line num="47" count="0" type="stmt"/>
        <line num="51" count="0" type="stmt"/>
        <line num="52" count="0" type="stmt"/>
        <line num="57" count="0" type="stmt"/>
        <line num="59" count="0" type="stmt"/>
      </file>
    </package>
    <package name="components.Products">
      <metrics statements="3" coveredstatements="3" conditionals="0" coveredconditionals="0" methods="3" coveredmethods="3"/>
      <file name="NoProductsMessage.jsx" path="C:\Users\Sebas Berrios\OneDrive\Escritorio\Lyfter\duad_sebas\duad_sebas\react\paw-store\src\components\Products\NoProductsMessage.jsx">
        <metrics statements="1" coveredstatements="1" conditionals="0" coveredconditionals="0" methods="1" coveredmethods="1"/>
        <line num="6" count="3" type="stmt"/>
      </file>
      <file name="NoProductsMessage.module.css" path="C:\Users\Sebas Berrios\OneDrive\Escritorio\Lyfter\duad_sebas\duad_sebas\react\paw-store\src\components\Products\NoProductsMessage.module.css">
        <metrics statements="0" coveredstatements="0" conditionals="0" coveredconditionals="0" methods="0" coveredmethods="0"/>
      </file>
      <file name="ProductCard.jsx" path="C:\Users\Sebas Berrios\OneDrive\Escritorio\Lyfter\duad_sebas\duad_sebas\react\paw-store\src\components\Products\ProductCard.jsx">
        <metrics statements="2" coveredstatements="2" conditionals="0" coveredconditionals="0" methods="2" coveredmethods="2"/>
        <line num="5" count="9" type="stmt"/>
        <line num="18" count="1" type="stmt"/>
      </file>
      <file name="ProductCard.module.css" path="C:\Users\Sebas Berrios\OneDrive\Escritorio\Lyfter\duad_sebas\duad_sebas\react\paw-store\src\components\Products\ProductCard.module.css">
        <metrics statements="0" coveredstatements="0" conditionals="0" coveredconditionals="0" methods="0" coveredmethods="0"/>
      </file>
    </package>
    <package name="components.PurchaseFlow">
      <metrics statements="15" coveredstatements="15" conditionals="10" coveredconditionals="9" methods="11" coveredmethods="11"/>
      <file name="ContinueCard.jsx" path="C:\Users\Sebas Berrios\OneDrive\Escritorio\Lyfter\duad_sebas\duad_sebas\react\paw-store\src\components\PurchaseFlow\ContinueCard.jsx">
        <metrics statements="1" coveredstatements="1" conditionals="4" coveredconditionals="4" methods="1" coveredmethods="1"/>
        <line num="4" count="9" type="stmt"/>
      </file>
      <file name="ContinueCard.module.css" path="C:\Users\Sebas Berrios\OneDrive\Escritorio\Lyfter\duad_sebas\duad_sebas\react\paw-store\src\components\PurchaseFlow\ContinueCard.module.css">
        <metrics statements="0" coveredstatements="0" conditionals="0" coveredconditionals="0" methods="0" coveredmethods="0"/>
      </file>
      <file name="ItemCart.jsx" path="C:\Users\Sebas Berrios\OneDrive\Escritorio\Lyfter\duad_sebas\duad_sebas\react\paw-store\src\components\PurchaseFlow\ItemCart.jsx">
        <metrics statements="3" coveredstatements="3" conditionals="0" coveredconditionals="0" methods="2" coveredmethods="2"/>
        <line num="4" count="2" type="stmt"/>
        <line num="5" count="18" type="stmt"/>
        <line num="54" count="14" type="stmt"/>
      </file>
      <file name="ItemCart.module.css" path="C:\Users\Sebas Berrios\OneDrive\Escritorio\Lyfter\duad_sebas\duad_sebas\react\paw-store\src\components\PurchaseFlow\ItemCart.module.css">
        <metrics statements="0" coveredstatements="0" conditionals="0" coveredconditionals="0" methods="0" coveredmethods="0"/>
      </file>
      <file name="PurchaseSummary.jsx" path="C:\Users\Sebas Berrios\OneDrive\Escritorio\Lyfter\duad_sebas\duad_sebas\react\paw-store\src\components\PurchaseFlow\PurchaseSummary.jsx">
        <metrics statements="11" coveredstatements="11" conditionals="6" coveredconditionals="5" methods="8" coveredmethods="8"/>
        <line num="5" count="2" type="stmt"/>
        <line num="6" count="14" type="stmt"/>
        <line num="10" count="56" type="stmt"/>
        <line num="23" count="2" type="stmt"/>
        <line num="24" count="14" type="stmt"/>
        <line num="27" count="21" type="cond" truecount="1" falsecount="1"/>
        <line num="29" count="84" type="stmt"/>
        <line num="43" count="14" type="stmt"/>
        <line num="50" count="21" type="stmt"/>
        <line num="56" count="21" type="stmt"/>
        <line num="60" count="14" type="stmt"/>
      </file>
      <file name="PurchaseSummary.module.css" path="C:\Users\Sebas Berrios\OneDrive\Escritorio\Lyfter\duad_sebas\duad_sebas\react\paw-store\src\components\PurchaseFlow\PurchaseSummary.module.css">
        <metrics statements="0" coveredstatements="0" conditionals="0" coveredconditionals="0" methods="0" coveredmethods="0"/>
      </file>
    </package>
    <package name="components.Static">
      <metrics statements="10" coveredstatements="10" conditionals="16" coveredconditionals="10" methods="8" coveredmethods="8"/>
      <file name="Navbar.jsx" path="C:\Users\Sebas Berrios\OneDrive\Escritorio\Lyfter\duad_sebas\duad_sebas\react\paw-store\src\components\Static\Navbar.jsx">
        <metrics statements="10" coveredstatements="10" conditionals="16" coveredconditionals="10" methods="8" coveredmethods="8"/>
        <line num="10" count="14" type="stmt"/>
        <line num="11" count="14" type="stmt"/>
        <line num="13" count="14" type="stmt"/>
        <line num="32" count="14" type="cond" truecount="1" falsecount="1"/>
        <line num="40" count="14" type="cond" truecount="1" falsecount="1"/>
        <line num="48" count="14" type="cond" truecount="1" falsecount="1"/>
        <line num="57" count="3" type="cond" truecount="1" falsecount="1"/>
        <line num="67" count="9" type="cond" truecount="1" falsecount="1"/>
        <line num="77" count="1" type="stmt"/>
        <line num="86" count="5" type="cond" truecount="1" falsecount="1"/>
      </file>
      <file name="Navbar.module.css" path="C:\Users\Sebas Berrios\OneDrive\Escritorio\Lyfter\duad_sebas\duad_sebas\react\paw-store\src\components\Static\Navbar.module.css">
        <metrics statements="0" coveredstatements="0" conditionals="0" coveredconditionals="0" methods="0" coveredmethods="0"/>
      </file>
    </package>
    <package name="components.Table">
      <metrics statements="28" coveredstatements="27" conditionals="25" coveredconditionals="17" methods="12" coveredmethods="12"/>
      <file name="AdminProductsTable.jsx" path="C:\Users\Sebas Berrios\OneDrive\Escritorio\Lyfter\duad_sebas\duad_sebas\react\paw-store\src\components\Table\AdminProductsTable.jsx">
        <metrics statements="1" coveredstatements="1" conditionals="7" coveredconditionals="2" methods="1" coveredmethods="1"/>
        <line num="13" count="13" type="stmt"/>
      </file>
      <file name="Body.jsx" path="C:\Users\Sebas Berrios\OneDrive\Escritorio\Lyfter\duad_sebas\duad_sebas\react\paw-store\src\components\Table\Body.jsx">
        <metrics statements="25" coveredstatements="24" conditionals="18" coveredconditionals="15" methods="9" coveredmethods="9"/>
        <line num="3" count="1" type="stmt"/>
        <line num="4" count="132" type="stmt"/>
        <line num="9" count="1" type="stmt"/>
        <line num="15" count="110" type="cond" truecount="2" falsecount="0"/>
        <line num="17" count="1" type="stmt"/>
        <line num="18" count="22" type="stmt"/>
        <line num="24" count="1" type="stmt"/>
        <line num="25" count="22" type="cond" truecount="1" falsecount="1"/>
        <line num="26" count="22" type="stmt"/>
        <line num="28" count="0" type="stmt"/>
        <line num="32" count="13" type="cond" truecount="1" falsecount="1"/>
        <line num="33" count="13" type="stmt"/>
        <line num="43" count="22" type="stmt"/>
        <line num="46" count="132" type="stmt"/>
        <line num="48" count="132" type="cond" truecount="2" falsecount="0"/>
        <line num="49" count="22" type="stmt"/>
        <line num="56" count="110" type="cond" truecount="2" falsecount="0"/>
        <line num="57" count="22" type="stmt"/>
        <line num="63" count="1" type="stmt"/>
        <line num="70" count="1" type="stmt"/>
        <line num="79" count="88" type="cond" truecount="2" falsecount="0"/>
        <line num="80" count="22" type="stmt"/>
        <line num="87" count="66" type="cond" truecount="2" falsecount="0"/>
        <line num="88" count="22" type="stmt"/>
        <line num="97" count="44" type="stmt"/>
      </file>
      <file name="Head.jsx" path="C:\Users\Sebas Berrios\OneDrive\Escritorio\Lyfter\duad_sebas\duad_sebas\react\paw-store\src\components\Table\Head.jsx">
        <metrics statements="2" coveredstatements="2" conditionals="0" coveredconditionals="0" methods="2" coveredmethods="2"/>
        <line num="4" count="13" type="stmt"/>
        <line num="8" count="78" type="stmt"/>
      </file>
      <file name="Table.module.css" path="C:\Users\Sebas Berrios\OneDrive\Escritorio\Lyfter\duad_sebas\duad_sebas\react\paw-store\src\components\Table\Table.module.css">
        <metrics statements="0" coveredstatements="0" conditionals="0" coveredconditionals="0" methods="0" coveredmethods="0"/>
      </file>
    </package>
    <package name="pages">
      <metrics statements="98" coveredstatements="85" conditionals="35" coveredconditionals="33" methods="46" coveredmethods="42"/>
      <file name="Administration.jsx" path="C:\Users\Sebas Berrios\OneDrive\Escritorio\Lyfter\duad_sebas\duad_sebas\react\paw-store\src\pages\Administration.jsx">
        <metrics statements="42" coveredstatements="30" conditionals="10" coveredconditionals="8" methods="18" coveredmethods="15"/>
        <line num="15" count="39" type="stmt"/>
        <line num="16" count="39" type="stmt"/>
        <line num="18" count="39" type="stmt"/>
        <line num="19" count="39" type="stmt"/>
        <line num="20" count="39" type="stmt"/>
        <line num="22" count="13" type="stmt"/>
        <line num="23" count="39" type="stmt"/>
        <line num="25" count="13" type="stmt"/>
        <line num="26" count="39" type="stmt"/>
        <line num="28" count="13" type="stmt"/>
        <line num="29" count="39" type="stmt"/>
        <line num="32" count="39" type="stmt"/>
        <line num="33" count="39" type="stmt"/>
        <line num="35" count="13" type="stmt"/>
        <line num="36" count="13" type="stmt"/>
        <line num="37" count="13" type="stmt"/>
        <line num="39" count="21" type="stmt"/>
        <line num="41" count="13" type="stmt"/>
        <line num="42" count="13" type="cond" truecount="2" falsecount="0"/>
        <line num="43" count="2" type="stmt"/>
        <line num="47" count="13" type="stmt"/>
        <line num="48" count="1" type="stmt"/>
        <line num="49" count="1" type="stmt"/>
        <line num="50" count="1" type="stmt"/>
        <line num="52" count="0" type="stmt"/>
        <line num="56" count="13" type="stmt"/>
        <line num="57" count="1" type="stmt"/>
        <line num="60" count="13" type="stmt"/>
        <line num="61" count="0" type="cond" truecount="0" falsecount="2"/>
        <line num="62" count="0" type="stmt"/>
        <line num="63" count="0" type="stmt"/>
        <line num="71" count="0" type="stmt"/>
        <line num="73" count="0" type="stmt"/>
        <line num="77" count="13" type="stmt"/>
        <line num="78" count="0" type="stmt"/>
        <line num="81" count="13" type="stmt"/>
        <line num="82" count="0" type="stmt"/>
        <line num="90" count="0" type="stmt"/>
        <line num="91" count="0" type="stmt"/>
        <line num="92" count="0" type="stmt"/>
        <line num="94" count="0" type="stmt"/>
        <line num="98" count="13" type="stmt"/>
      </file>
      <file name="Administration.module.css" path="C:\Users\Sebas Berrios\OneDrive\Escritorio\Lyfter\duad_sebas\duad_sebas\react\paw-store\src\pages\Administration.module.css">
        <metrics statements="0" coveredstatements="0" conditionals="0" coveredconditionals="0" methods="0" coveredmethods="0"/>
      </file>
      <file name="Home.jsx" path="C:\Users\Sebas Berrios\OneDrive\Escritorio\Lyfter\duad_sebas\duad_sebas\react\paw-store\src\pages\Home.jsx">
        <metrics statements="14" coveredstatements="13" conditionals="7" coveredconditionals="7" methods="8" coveredmethods="7"/>
        <line num="9" count="6" type="stmt"/>
        <line num="10" count="18" type="stmt"/>
        <line num="12" count="6" type="stmt"/>
        <line num="13" count="18" type="stmt"/>
        <line num="15" count="6" type="stmt"/>
        <line num="16" count="18" type="stmt"/>
        <line num="18" count="18" type="stmt"/>
        <line num="20" count="6" type="stmt"/>
        <line num="21" count="6" type="stmt"/>
        <line num="22" count="6" type="stmt"/>
        <line num="25" count="6" type="stmt"/>
        <line num="26" count="0" type="stmt"/>
        <line num="29" count="6" type="stmt"/>
        <line num="57" count="1" type="stmt"/>
      </file>
      <file name="Home.module.css" path="C:\Users\Sebas Berrios\OneDrive\Escritorio\Lyfter\duad_sebas\duad_sebas\react\paw-store\src\pages\Home.module.css">
        <metrics statements="0" coveredstatements="0" conditionals="0" coveredconditionals="0" methods="0" coveredmethods="0"/>
      </file>
      <file name="ProductDetails.jsx" path="C:\Users\Sebas Berrios\OneDrive\Escritorio\Lyfter\duad_sebas\duad_sebas\react\paw-store\src\pages\ProductDetails.jsx">
        <metrics statements="25" coveredstatements="25" conditionals="10" coveredconditionals="10" methods="10" coveredmethods="10"/>
        <line num="19" count="6" type="stmt"/>
        <line num="27" count="10" type="stmt"/>
        <line num="29" count="30" type="stmt"/>
        <line num="30" count="30" type="stmt"/>
        <line num="32" count="10" type="stmt"/>
        <line num="33" count="30" type="stmt"/>
        <line num="35" count="30" type="stmt"/>
        <line num="36" count="10" type="stmt"/>
        <line num="37" count="10" type="stmt"/>
        <line num="39" count="10" type="stmt"/>
        <line num="40" count="10" type="cond" truecount="2" falsecount="0"/>
        <line num="41" count="3" type="stmt"/>
        <line num="43" count="10" type="stmt"/>
        <line num="46" count="10" type="stmt"/>
        <line num="48" count="10" type="stmt"/>
        <line num="49" count="1" type="stmt"/>
        <line num="50" count="1" type="stmt"/>
        <line num="51" count="1" type="stmt"/>
        <line num="53" count="1" type="stmt"/>
        <line num="57" count="10" type="cond" truecount="2" falsecount="0"/>
        <line num="58" count="9" type="cond" truecount="2" falsecount="0"/>
        <line num="59" count="8" type="cond" truecount="2" falsecount="0"/>
        <line num="60" count="8" type="stmt"/>
        <line num="67" count="6" type="stmt"/>
        <line num="85" count="1" type="stmt"/>
      </file>
      <file name="ProductDetails.module.css" path="C:\Users\Sebas Berrios\OneDrive\Escritorio\Lyfter\duad_sebas\duad_sebas\react\paw-store\src\pages\ProductDetails.module.css">
        <metrics statements="0" coveredstatements="0" conditionals="0" coveredconditionals="0" methods="0" coveredmethods="0"/>
      </file>
      <file name="Products.jsx" path="C:\Users\Sebas Berrios\OneDrive\Escritorio\Lyfter\duad_sebas\duad_sebas\react\paw-store\src\pages\Products.jsx">
        <metrics statements="17" coveredstatements="17" conditionals="8" coveredconditionals="8" methods="10" coveredmethods="10"/>
        <line num="12" count="4" type="stmt"/>
        <line num="17" count="8" type="stmt"/>
        <line num="29" count="27" type="stmt"/>
        <line num="30" count="27" type="stmt"/>
        <line num="31" count="9" type="stmt"/>
        <line num="32" count="27" type="stmt"/>
        <line num="34" count="27" type="stmt"/>
        <line num="36" count="9" type="stmt"/>
        <line num="37" count="9" type="stmt"/>
        <line num="39" count="9" type="stmt"/>
        <line num="40" count="9" type="cond" truecount="2" falsecount="0"/>
        <line num="41" count="4" type="stmt"/>
        <line num="43" count="9" type="stmt"/>
        <line num="46" count="9" type="stmt"/>
        <line num="47" count="1" type="stmt"/>
        <line num="50" count="10" type="stmt"/>
        <line num="52" count="9" type="cond" truecount="2" falsecount="0"/>
      </file>
      <file name="Products.module.css" path="C:\Users\Sebas Berrios\OneDrive\Escritorio\Lyfter\duad_sebas\duad_sebas\react\paw-store\src\pages\Products.module.css">
        <metrics statements="0" coveredstatements="0" conditionals="0" coveredconditionals="0" methods="0" coveredmethods="0"/>
      </file>
    </package>
    <package name="pages.BuyingProcess">
      <metrics statements="45" coveredstatements="41" conditionals="21" coveredconditionals="13" methods="18" coveredmethods="16"/>
      <file name="BuyingProccess.module.css" path="C:\Users\Sebas Berrios\OneDrive\Escritorio\Lyfter\duad_sebas\duad_sebas\react\paw-store\src\pages\BuyingProcess\BuyingProccess.module.css">
        <metrics statements="0" coveredstatements="0" conditionals="0" coveredconditionals="0" methods="0" coveredmethods="0"/>
      </file>
      <file name="PurchaseFinished.jsx" path="C:\Users\Sebas Berrios\OneDrive\Escritorio\Lyfter\duad_sebas\duad_sebas\react\paw-store\src\pages\BuyingProcess\PurchaseFinished.jsx">
        <metrics statements="20" coveredstatements="20" conditionals="2" coveredconditionals="2" methods="7" coveredmethods="7"/>
        <line num="12" count="7" type="stmt"/>
        <line num="14" count="7" type="stmt"/>
        <line num="15" count="21" type="stmt"/>
        <line num="16" count="7" type="stmt"/>
        <line num="18" count="7" type="stmt"/>
        <line num="20" count="7" type="stmt"/>
        <line num="21" count="10" type="cond" truecount="2" falsecount="0"/>
        <line num="22" count="7" type="stmt"/>
        <line num="23" count="7" type="stmt"/>
        <line num="24" count="7" type="stmt"/>
        <line num="27" count="7" type="stmt"/>
        <line num="28" count="2" type="stmt"/>
        <line num="29" count="2" type="stmt"/>
        <line num="32" count="7" type="stmt"/>
        <line num="33" count="1" type="stmt"/>
        <line num="34" count="1" type="stmt"/>
        <line num="37" count="7" type="stmt"/>
        <line num="38" count="7" type="stmt"/>
        <line num="39" count="7" type="stmt"/>
        <line num="42" count="7" type="stmt"/>
      </file>
      <file name="ShoppingCart.jsx" path="C:\Users\Sebas Berrios\OneDrive\Escritorio\Lyfter\duad_sebas\duad_sebas\react\paw-store\src\pages\BuyingProcess\ShoppingCart.jsx">
        <metrics statements="25" coveredstatements="21" conditionals="19" coveredconditionals="11" methods="11" coveredmethods="9"/>
        <line num="14" count="7" type="stmt"/>
        <line num="27" count="7" type="stmt"/>
        <line num="30" count="7" type="stmt"/>
        <line num="31" count="21" type="stmt"/>
        <line num="33" count="21" type="stmt"/>
        <line num="36" count="7" type="cond" truecount="1" falsecount="1"/>
        <line num="39" count="7" type="cond" truecount="3" falsecount="0"/>
        <line num="45" count="7" type="stmt"/>
        <line num="47" count="7" type="stmt"/>
        <line num="48" count="1" type="stmt"/>
        <line num="49" count="1" type="stmt"/>
        <line num="50" count="1" type="stmt"/>
        <line num="52" count="1" type="stmt"/>
        <line num="54" count="0" type="stmt"/>
        <line num="61" count="7" type="stmt"/>
        <line num="62" count="1" type="stmt"/>
        <line num="63" count="1" type="stmt"/>
        <line num="65" count="0" type="stmt"/>
        <line num="74" count="7" type="stmt"/>
        <line num="75" count="7" type="stmt"/>
        <line num="78" count="7" type="cond" truecount="2" falsecount="0"/>
        <line num="98" count="5" type="stmt"/>
        <line num="101" count="0" type="stmt"/>
        <line num="102" count="0" type="stmt"/>
        <line num="104" count="1" type="stmt"/>
      </file>
    </package>
    <package name="store">
      <metrics statements="184" coveredstatements="152" conditionals="100" coveredconditionals="49" methods="61" coveredmethods="52"/>
      <file name="AuthContext.jsx" path="C:\Users\Sebas Berrios\OneDrive\Escritorio\Lyfter\duad_sebas\duad_sebas\react\paw-store\src\store\AuthContext.jsx">
        <metrics statements="65" coveredstatements="54" conditionals="23" coveredconditionals="17" methods="13" coveredmethods="11"/>
        <line num="9" count="1" type="stmt"/>
        <line num="11" count="1" type="stmt"/>
        <line num="12" count="7" type="stmt"/>
        <line num="13" count="7" type="stmt"/>
        <line num="15" count="0" type="stmt"/>
        <line num="19" count="1" type="stmt"/>
        <line num="20" count="5" type="cond" truecount="1" falsecount="1"/>
        <line num="21" count="0" type="stmt"/>
        <line num="24" count="1" type="stmt"/>
        <line num="25" count="16" type="cond" truecount="2" falsecount="0"/>
        <line num="26" count="16" type="stmt"/>
        <line num="29" count="16" type="stmt"/>
        <line num="30" count="16" type="stmt"/>
        <line num="31" count="16" type="stmt"/>
        <line num="32" count="16" type="stmt"/>
        <line num="34" count="16" type="stmt"/>
        <line num="35" count="9" type="cond" truecount="3" falsecount="1"/>
        <line num="37" count="0" type="cond" truecount="0" falsecount="2"/>
        <line num="38" count="0" type="stmt"/>
        <line num="39" count="0" type="stmt"/>
        <line num="40" count="0" type="stmt"/>
        <line num="43" count="0" type="stmt"/>
        <line num="44" count="0" type="stmt"/>
        <line num="45" count="0" type="stmt"/>
        <line num="46" count="0" type="stmt"/>
        <line num="49" count="0" type="stmt"/>
        <line num="52" count="16" type="stmt"/>
        <line num="53" count="2" type="stmt"/>
        <line num="54" count="2" type="stmt"/>
        <line num="55" count="2" type="stmt"/>
        <line num="58" count="16" type="stmt"/>
        <line num="59" count="1" type="stmt"/>
        <line num="60" count="1" type="stmt"/>
        <line num="61" count="1" type="stmt"/>
        <line num="64" count="16" type="stmt"/>
        <line num="65" count="2" type="stmt"/>
        <line num="66" count="2" type="stmt"/>
        <line num="67" count="2" type="stmt"/>
        <line num="68" count="2" type="stmt"/>
        <line num="69" count="1" type="stmt"/>
        <line num="70" count="1" type="stmt"/>
        <line num="72" count="1" type="stmt"/>
        <line num="73" count="1" type="cond" truecount="2" falsecount="0"/>
        <line num="74" count="1" type="cond" truecount="1" falsecount="1"/>
        <line num="77" count="1" type="stmt"/>
        <line num="81" count="16" type="stmt"/>
        <line num="82" count="2" type="stmt"/>
        <line num="83" count="2" type="stmt"/>
        <line num="84" count="2" type="stmt"/>
        <line num="85" count="1" type="stmt"/>
        <line num="86" count="1" type="stmt"/>
        <line num="88" count="1" type="stmt"/>
        <line num="90" count="1" type="cond" truecount="3" falsecount="0"/>
        <line num="93" count="1" type="cond" truecount="1" falsecount="1"/>
        <line num="96" count="1" type="stmt"/>
        <line num="100" count="16" type="stmt"/>
        <line num="101" count="1" type="stmt"/>
        <line num="102" count="1" type="stmt"/>
        <line num="103" count="1" type="stmt"/>
        <line num="104" count="1" type="stmt"/>
        <line num="105" count="1" type="stmt"/>
        <line num="108" count="16" type="cond" truecount="2" falsecount="0"/>
        <line num="109" count="16" type="stmt"/>
        <line num="111" count="16" type="stmt"/>
        <line num="130" count="12" type="stmt"/>
      </file>
      <file name="useProductsStore.jsx" path="C:\Users\Sebas Berrios\OneDrive\Escritorio\Lyfter\duad_sebas\duad_sebas\react\paw-store\src\store\useProductsStore.jsx">
        <metrics statements="52" coveredstatements="45" conditionals="35" coveredconditionals="15" methods="26" coveredmethods="23"/>
        <line num="4" count="9" type="stmt"/>
        <line num="20" count="3" type="stmt"/>
        <line num="30" count="3" type="stmt"/>
        <line num="31" count="3" type="stmt"/>
        <line num="33" count="1" type="stmt"/>
        <line num="34" count="1" type="cond" truecount="1" falsecount="1"/>
        <line num="36" count="0" type="stmt"/>
        <line num="39" count="1" type="stmt"/>
        <line num="42" count="2" type="cond" truecount="2" falsecount="1"/>
        <line num="43" count="2" type="stmt"/>
        <line num="50" count="3" type="stmt"/>
        <line num="60" count="2" type="stmt"/>
        <line num="64" count="2" type="stmt"/>
        <line num="65" count="2" type="stmt"/>
        <line num="66" count="2" type="cond" truecount="3" falsecount="1"/>
        <line num="67" count="2" type="stmt"/>
        <line num="68" count="1" type="stmt"/>
        <line num="69" count="1" type="cond" truecount="1" falsecount="1"/>
        <line num="70" count="1" type="stmt"/>
        <line num="73" count="1" type="stmt"/>
        <line num="74" count="1" type="stmt"/>
        <line num="76" count="1" type="stmt"/>
        <line num="78" count="1" type="stmt"/>
        <line num="79" count="1" type="cond" truecount="1" falsecount="1"/>
        <line num="80" count="1" type="stmt"/>
        <line num="82" count="2" type="stmt"/>
        <line num="85" count="1" type="cond" truecount="2" falsecount="1"/>
        <line num="88" count="1" type="stmt"/>
        <line num="95" count="2" type="stmt"/>
        <line num="102" count="1" type="stmt"/>
        <line num="106" count="1" type="stmt"/>
        <line num="107" count="1" type="stmt"/>
        <line num="113" count="1" type="stmt"/>
        <line num="116" count="0" type="cond" truecount="0" falsecount="3"/>
        <line num="119" count="0" type="stmt"/>
        <line num="126" count="1" type="stmt"/>
        <line num="133" count="1" type="stmt"/>
        <line num="137" count="1" type="stmt"/>
        <line num="138" count="1" type="stmt"/>
        <line num="139" count="1" type="stmt"/>
        <line num="141" count="2" type="cond" truecount="2" falsecount="0"/>
        <line num="146" count="0" type="cond" truecount="0" falsecount="3"/>
        <line num="149" count="0" type="stmt"/>
        <line num="156" count="1" type="stmt"/>
        <line num="163" count="1" type="stmt"/>
        <line num="167" count="1" type="stmt"/>
        <line num="168" count="1" type="stmt"/>
        <line num="169" count="1" type="stmt"/>
        <line num="170" count="2" type="stmt"/>
        <line num="174" count="0" type="cond" truecount="0" falsecount="3"/>
        <line num="177" count="0" type="stmt"/>
        <line num="184" count="1" type="stmt"/>
      </file>
      <file name="usePurchaseStore.jsx" path="C:\Users\Sebas Berrios\OneDrive\Escritorio\Lyfter\duad_sebas\duad_sebas\react\paw-store\src\store\usePurchaseStore.jsx">
        <metrics statements="67" coveredstatements="53" conditionals="42" coveredconditionals="17" methods="22" coveredmethods="18"/>
        <line num="6" count="4" type="stmt"/>
        <line num="22" count="4" type="stmt"/>
        <line num="35" count="1" type="stmt"/>
        <line num="46" count="1" type="stmt"/>
        <line num="47" count="1" type="cond" truecount="1" falsecount="1"/>
        <line num="49" count="1" type="cond" truecount="1" falsecount="1"/>
        <line num="51" count="1" type="stmt"/>
        <line num="52" count="1" type="stmt"/>
        <line num="58" count="1" type="stmt"/>
        <line num="63" count="1" type="stmt"/>
        <line num="65" count="1" type="stmt"/>
        <line num="67" count="1" type="cond" truecount="1" falsecount="1"/>
        <line num="69" count="1" type="stmt"/>
        <line num="70" count="1" type="stmt"/>
        <line num="71" count="1" type="stmt"/>
        <line num="73" count="1" type="stmt"/>
        <line num="86" count="0" type="cond" truecount="0" falsecount="3"/>
        <line num="87" count="0" type="stmt"/>
        <line num="93" count="0" type="stmt"/>
        <line num="95" count="1" type="stmt"/>
        <line num="102" count="1" type="stmt"/>
        <line num="106" count="1" type="stmt"/>
        <line num="108" count="1" type="stmt"/>
        <line num="109" count="1" type="cond" truecount="1" falsecount="1"/>
        <line num="111" count="1" type="cond" truecount="1" falsecount="1"/>
        <line num="117" count="0" type="stmt"/>
        <line num="119" count="1" type="stmt"/>
        <line num="127" count="1" type="stmt"/>
        <line num="128" count="1" type="cond" truecount="1" falsecount="1"/>
        <line num="129" count="0" type="stmt"/>
        <line num="131" count="1" type="stmt"/>
        <line num="148" count="0" type="cond" truecount="0" falsecount="3"/>
        <line num="151" count="0" type="stmt"/>
        <line num="157" count="0" type="stmt"/>
        <line num="159" count="1" type="stmt"/>
        <line num="166" count="1" type="stmt"/>
        <line num="171" count="1" type="stmt"/>
        <line num="173" count="1" type="stmt"/>
        <line num="174" count="1" type="cond" truecount="1" falsecount="1"/>
        <line num="175" count="1" type="cond" truecount="1" falsecount="1"/>
        <line num="177" count="1" type="stmt"/>
        <line num="179" count="1" type="stmt"/>
        <line num="183" count="1" type="stmt"/>
        <line num="187" count="1" type="cond" truecount="1" falsecount="1"/>
        <line num="189" count="1" type="stmt"/>
        <line num="193" count="1" type="stmt"/>
        <line num="195" count="1" type="cond" truecount="1" falsecount="1"/>
        <line num="196" count="0" type="stmt"/>
        <line num="198" count="1" type="stmt"/>
        <line num="205" count="1" type="stmt"/>
        <line num="206" count="1" type="stmt"/>
        <line num="209" count="0" type="cond" truecount="0" falsecount="3"/>
        <line num="210" count="0" type="stmt"/>
        <line num="217" count="1" type="stmt"/>
        <line num="227" count="1" type="stmt"/>
        <line num="234" count="1" type="stmt"/>
        <line num="235" count="1" type="stmt"/>
        <line num="236" count="1" type="stmt"/>
        <line num="237" count="1" type="cond" truecount="1" falsecount="1"/>
        <line num="238" count="1" type="cond" truecount="1" falsecount="1"/>
        <line num="239" count="1" type="cond" truecount="1" falsecount="1"/>
        <line num="240" count="0" type="stmt"/>
        <line num="244" count="1" type="stmt"/>
        <line num="251" count="0" type="cond" truecount="0" falsecount="3"/>
        <line num="254" count="0" type="stmt"/>
        <line num="261" count="1" type="stmt"/>
        <line num="268" count="1" type="stmt"/>
      </file>
    </package>
    <package name="utils">
      <metrics statements="19" coveredstatements="19" conditionals="16" coveredconditionals="16" methods="5" coveredmethods="5"/>
      <file name="helpers.js" path="C:\Users\Sebas Berrios\OneDrive\Escritorio\Lyfter\duad_sebas\duad_sebas\react\paw-store\src\utils\helpers.js">
        <metrics statements="19" coveredstatements="19" conditionals="16" coveredconditionals="16" methods="5" coveredmethods="5"/>
        <line num="1" count="7" type="stmt"/>
        <line num="2" count="241" type="cond" truecount="2" falsecount="0"/>
        <line num="4" count="7" type="stmt"/>
        <line num="5" count="123" type="cond" truecount="4" falsecount="0"/>
        <line num="6" count="1" type="stmt"/>
        <line num="9" count="122" type="cond" truecount="4" falsecount="0"/>
        <line num="10" count="3" type="stmt"/>
        <line num="13" count="119" type="cond" truecount="4" falsecount="0"/>
        <line num="14" count="1" type="stmt"/>
        <line num="17" count="118" type="stmt"/>
        <line num="20" count="7" type="stmt"/>
        <line num="21" count="38" type="cond" truecount="2" falsecount="0"/>
        <line num="22" count="2" type="stmt"/>
        <line num="25" count="36" type="stmt"/>
        <line num="26" count="57" type="stmt"/>
        <line num="30" count="7" type="stmt"/>
        <line num="31" count="7" type="stmt"/>
        <line num="33" count="7" type="stmt"/>
        <line num="35" count="7" type="stmt"/>
      </file>
    </package>
  </project>
</coverage>
