<?xml version="1.0" encoding="UTF-8"?>
<coverage generated="1774679116443" clover="3.2.0">
  <project timestamp="1774679116443" name="All files">
    <metrics statements="658" coveredstatements="535" conditionals="366" coveredconditionals="210" methods="286" coveredmethods="238" elements="1310" coveredelements="983" complexity="0" loc="658" ncloc="658" packages="13" files="53" classes="53"/>
    <package name="api">
      <metrics statements="6" coveredstatements="4" conditionals="2" coveredconditionals="1" methods="1" coveredmethods="1"/>
      <file name="axios.js" path="C:\Users\Sebas Berrios\OneDrive\Escritorio\Lyfter\duad_sebas\duad_sebas\react\paw-store\src\api\axios.js">
        <metrics statements="6" coveredstatements="4" conditionals="2" coveredconditionals="1" methods="1" coveredmethods="1"/>
        <line num="3" count="10" type="stmt"/>
        <line num="10" count="10" type="stmt"/>
        <line num="11" count="2" type="stmt"/>
        <line num="12" count="2" type="cond" truecount="1" falsecount="1"/>
        <line num="13" count="0" type="stmt"/>
        <line num="15" count="0" type="stmt"/>
      </file>
    </package>
    <package name="assets">
      <metrics statements="0" coveredstatements="0" conditionals="0" coveredconditionals="0" methods="0" coveredmethods="0"/>
      <file name="close-svgrepo-com.svg" path="C:\Users\Sebas Berrios\OneDrive\Escritorio\Lyfter\duad_sebas\duad_sebas\react\paw-store\src\assets\close-svgrepo-com.svg">
        <metrics statements="0" coveredstatements="0" conditionals="0" coveredconditionals="0" methods="0" coveredmethods="0"/>
      </file>
      <file name="error_24dp_E3E3E3_FILL0_wght400_GRAD0_opsz24.svg" path="C:\Users\Sebas Berrios\OneDrive\Escritorio\Lyfter\duad_sebas\duad_sebas\react\paw-store\src\assets\error_24dp_E3E3E3_FILL0_wght400_GRAD0_opsz24.svg">
        <metrics statements="0" coveredstatements="0" conditionals="0" coveredconditionals="0" methods="0" coveredmethods="0"/>
      </file>
      <file name="lock_24dp_000000_FILL0_wght400_GRAD0_opsz24.svg" path="C:\Users\Sebas Berrios\OneDrive\Escritorio\Lyfter\duad_sebas\duad_sebas\react\paw-store\src\assets\lock_24dp_000000_FILL0_wght400_GRAD0_opsz24.svg">
        <metrics statements="0" coveredstatements="0" conditionals="0" coveredconditionals="0" methods="0" coveredmethods="0"/>
      </file>
      <file name="lucide-PawPrint-Outlined.svg" path="C:\Users\Sebas Berrios\OneDrive\Escritorio\Lyfter\duad_sebas\duad_sebas\react\paw-store\src\assets\lucide-PawPrint-Outlined.svg">
        <metrics statements="0" coveredstatements="0" conditionals="0" coveredconditionals="0" methods="0" coveredmethods="0"/>
      </file>
      <file name="sentiment_dissatisfied_24dp_000000_FILL0_wght400_GRAD0_opsz24.svg" path="C:\Users\Sebas Berrios\OneDrive\Escritorio\Lyfter\duad_sebas\duad_sebas\react\paw-store\src\assets\sentiment_dissatisfied_24dp_000000_FILL0_wght400_GRAD0_opsz24.svg">
        <metrics statements="0" coveredstatements="0" conditionals="0" coveredconditionals="0" methods="0" coveredmethods="0"/>
      </file>
    </package>
    <package name="components">
      <metrics statements="0" coveredstatements="0" conditionals="0" coveredconditionals="0" methods="0" coveredmethods="0"/>
      <file name="shared.module.css" path="C:\Users\Sebas Berrios\OneDrive\Escritorio\Lyfter\duad_sebas\duad_sebas\react\paw-store\src\components\shared.module.css">
        <metrics statements="0" coveredstatements="0" conditionals="0" coveredconditionals="0" methods="0" coveredmethods="0"/>
      </file>
    </package>
    <package name="components.Forms">
      <metrics statements="86" coveredstatements="76" conditionals="73" coveredconditionals="44" methods="31" coveredmethods="28"/>
      <file name="AddProductForm.jsx" path="C:\Users\Sebas Berrios\OneDrive\Escritorio\Lyfter\duad_sebas\duad_sebas\react\paw-store\src\components\Forms\AddProductForm.jsx">
        <metrics statements="5" coveredstatements="3" conditionals="4" coveredconditionals="1" methods="2" coveredmethods="1"/>
        <line num="10" count="24" type="stmt"/>
        <line num="13" count="24" type="stmt"/>
        <line num="14" count="0" type="stmt"/>
        <line num="19" count="0" type="cond" truecount="0" falsecount="2"/>
        <line num="22" count="24" type="stmt"/>
      </file>
      <file name="EditProductForm.jsx" path="C:\Users\Sebas Berrios\OneDrive\Escritorio\Lyfter\duad_sebas\duad_sebas\react\paw-store\src\components\Forms\EditProductForm.jsx">
        <metrics statements="8" coveredstatements="6" conditionals="20" coveredconditionals="10" methods="3" coveredmethods="2"/>
        <line num="12" count="2" type="stmt"/>
        <line num="24" count="2" type="stmt"/>
        <line num="25" count="1" type="cond" truecount="1" falsecount="1"/>
        <line num="27" count="1" type="stmt"/>
        <line num="37" count="2" type="stmt"/>
        <line num="38" count="0" type="stmt"/>
        <line num="44" count="0" type="stmt"/>
        <line num="47" count="2" type="stmt"/>
      </file>
      <file name="Forms.module.css" path="C:\Users\Sebas Berrios\OneDrive\Escritorio\Lyfter\duad_sebas\duad_sebas\react\paw-store\src\components\Forms\Forms.module.css">
        <metrics statements="0" coveredstatements="0" conditionals="0" coveredconditionals="0" methods="0" coveredmethods="0"/>
      </file>
      <file name="FormsComponents.jsx" path="C:\Users\Sebas Berrios\OneDrive\Escritorio\Lyfter\duad_sebas\duad_sebas\react\paw-store\src\components\Forms\FormsComponents.jsx">
        <metrics statements="12" coveredstatements="12" conditionals="12" coveredconditionals="8" methods="5" coveredmethods="5"/>
        <line num="1" count="4" type="stmt"/>
        <line num="2" count="65" type="stmt"/>
        <line num="5" count="4" type="stmt"/>
        <line num="6" count="65" type="stmt"/>
        <line num="9" count="4" type="stmt"/>
        <line num="20" count="262" type="cond" truecount="3" falsecount="1"/>
        <line num="23" count="262" type="stmt"/>
        <line num="36" count="4" type="stmt"/>
        <line num="47" count="26" type="cond" truecount="2" falsecount="2"/>
        <line num="50" count="26" type="stmt"/>
        <line num="63" count="4" type="stmt"/>
        <line num="64" count="78" type="stmt"/>
      </file>
      <file name="LoginForm.jsx" path="C:\Users\Sebas Berrios\OneDrive\Escritorio\Lyfter\duad_sebas\duad_sebas\react\paw-store\src\components\Forms\LoginForm.jsx">
        <metrics statements="11" coveredstatements="11" conditionals="8" coveredconditionals="7" methods="3" coveredmethods="3"/>
        <line num="14" count="12" type="stmt"/>
        <line num="17" count="12" type="stmt"/>
        <line num="19" count="12" type="stmt"/>
        <line num="21" count="12" type="stmt"/>
        <line num="22" count="1" type="stmt"/>
        <line num="23" count="1" type="cond" truecount="1" falsecount="1"/>
        <line num="24" count="1" type="stmt"/>
        <line num="25" count="1" type="stmt"/>
        <line num="26" count="1" type="stmt"/>
        <line num="30" count="12" type="stmt"/>
        <line num="79" count="1" type="stmt"/>
      </file>
      <file name="OrderSummary.module.css" path="C:\Users\Sebas Berrios\OneDrive\Escritorio\Lyfter\duad_sebas\duad_sebas\react\paw-store\src\components\Forms\OrderSummary.module.css">
        <metrics statements="0" coveredstatements="0" conditionals="0" coveredconditionals="0" methods="0" coveredmethods="0"/>
      </file>
      <file name="PurchaseInfoForm.jsx" path="C:\Users\Sebas Berrios\OneDrive\Escritorio\Lyfter\duad_sebas\duad_sebas\react\paw-store\src\components\Forms\PurchaseInfoForm.jsx">
        <metrics statements="38" coveredstatements="36" conditionals="23" coveredconditionals="15" methods="14" coveredmethods="14"/>
        <line num="18" count="13" type="stmt"/>
        <line num="23" count="26" type="stmt"/>
        <line num="49" count="16" type="stmt"/>
        <line num="52" count="49" type="stmt"/>
        <line num="54" count="49" type="stmt"/>
        <line num="55" count="16" type="stmt"/>
        <line num="56" count="49" type="stmt"/>
        <line num="58" count="49" type="stmt"/>
        <line num="59" count="49" type="stmt"/>
        <line num="60" count="49" type="stmt"/>
        <line num="62" count="16" type="stmt"/>
        <line num="63" count="49" type="stmt"/>
        <line num="65" count="16" type="stmt"/>
        <line num="66" count="49" type="stmt"/>
        <line num="68" count="16" type="stmt"/>
        <line num="69" count="49" type="stmt"/>
        <line num="72" count="16" type="stmt"/>
        <line num="74" count="16" type="stmt"/>
        <line num="75" count="1" type="stmt"/>
        <line num="80" count="1" type="cond" truecount="1" falsecount="1"/>
        <line num="82" count="1" type="stmt"/>
        <line num="84" count="1" type="stmt"/>
        <line num="85" count="1" type="stmt"/>
        <line num="86" count="1" type="stmt"/>
        <line num="87" count="1" type="stmt"/>
        <line num="88" count="1" type="stmt"/>
        <line num="89" count="1" type="stmt"/>
        <line num="91" count="0" type="stmt"/>
        <line num="97" count="16" type="stmt"/>
        <line num="98" count="1" type="stmt"/>
        <line num="99" count="1" type="stmt"/>
        <line num="106" count="1" type="stmt"/>
        <line num="107" count="1" type="stmt"/>
        <line num="108" count="1" type="stmt"/>
        <line num="110" count="1" type="stmt"/>
        <line num="112" count="0" type="stmt"/>
        <line num="119" count="16" type="cond" truecount="3" falsecount="0"/>
        <line num="121" count="16" type="cond" truecount="2" falsecount="0"/>
      </file>
      <file name="RegisterForm.jsx" path="C:\Users\Sebas Berrios\OneDrive\Escritorio\Lyfter\duad_sebas\duad_sebas\react\paw-store\src\components\Forms\RegisterForm.jsx">
        <metrics statements="12" coveredstatements="8" conditionals="6" coveredconditionals="3" methods="4" coveredmethods="3"/>
        <line num="14" count="14" type="stmt"/>
        <line num="17" count="14" type="stmt"/>
        <line num="18" count="14" type="stmt"/>
        <line num="20" count="14" type="stmt"/>
        <line num="22" count="14" type="stmt"/>
        <line num="23" count="0" type="stmt"/>
        <line num="24" count="0" type="cond" truecount="0" falsecount="2"/>
        <line num="25" count="0" type="stmt"/>
        <line num="26" count="0" type="stmt"/>
        <line num="29" count="14" type="stmt"/>
        <line num="103" count="1" type="cond" truecount="2" falsecount="0"/>
        <line num="121" count="1" type="stmt"/>
      </file>
    </package>
    <package name="components.Messages-States">
      <metrics statements="50" coveredstatements="30" conditionals="4" coveredconditionals="1" methods="28" coveredmethods="13"/>
      <file name="Alerts.jsx" path="C:\Users\Sebas Berrios\OneDrive\Escritorio\Lyfter\duad_sebas\duad_sebas\react\paw-store\src\components\Messages-States\Alerts.jsx">
        <metrics statements="22" coveredstatements="13" conditionals="4" coveredconditionals="1" methods="11" coveredmethods="3"/>
        <line num="3" count="2" type="stmt"/>
        <line num="4" count="0" type="stmt"/>
        <line num="12" count="2" type="stmt"/>
        <line num="13" count="1" type="stmt"/>
        <line num="21" count="2" type="stmt"/>
        <line num="22" count="0" type="stmt"/>
        <line num="33" count="2" type="stmt"/>
        <line num="34" count="0" type="stmt"/>
        <line num="37" count="0" type="stmt"/>
        <line num="41" count="2" type="stmt"/>
        <line num="42" count="0" type="stmt"/>
        <line num="47" count="2" type="stmt"/>
        <line num="54" count="1" type="stmt"/>
        <line num="55" count="1" type="stmt"/>
        <line num="59" count="2" type="stmt"/>
        <line num="60" count="1" type="stmt"/>
        <line num="66" count="2" type="stmt"/>
        <line num="67" count="0" type="stmt"/>
        <line num="75" count="0" type="cond" truecount="0" falsecount="2"/>
        <line num="76" count="0" type="stmt"/>
        <line num="81" count="2" type="stmt"/>
        <line num="82" count="0" type="stmt"/>
      </file>
      <file name="Error.jsx" path="C:\Users\Sebas Berrios\OneDrive\Escritorio\Lyfter\duad_sebas\duad_sebas\react\paw-store\src\components\Messages-States\Error.jsx">
        <metrics statements="2" coveredstatements="1" conditionals="0" coveredconditionals="0" methods="2" coveredmethods="1"/>
        <line num="5" count="3" type="stmt"/>
        <line num="15" count="0" type="stmt"/>
      </file>
      <file name="Loading.jsx" path="C:\Users\Sebas Berrios\OneDrive\Escritorio\Lyfter\duad_sebas\duad_sebas\react\paw-store\src\components\Messages-States\Loading.jsx">
        <metrics statements="2" coveredstatements="1" conditionals="0" coveredconditionals="0" methods="2" coveredmethods="1"/>
        <line num="5" count="3" type="stmt"/>
        <line num="16" count="0" type="stmt"/>
      </file>
      <file name="MessagesStates.module.css" path="C:\Users\Sebas Berrios\OneDrive\Escritorio\Lyfter\duad_sebas\duad_sebas\react\paw-store\src\components\Messages-States\MessagesStates.module.css">
        <metrics statements="0" coveredstatements="0" conditionals="0" coveredconditionals="0" methods="0" coveredmethods="0"/>
      </file>
      <file name="NotFound.jsx" path="C:\Users\Sebas Berrios\OneDrive\Escritorio\Lyfter\duad_sebas\duad_sebas\react\paw-store\src\components\Messages-States\NotFound.jsx">
        <metrics statements="4" coveredstatements="3" conditionals="0" coveredconditionals="0" methods="2" coveredmethods="1"/>
        <line num="6" count="2" type="stmt"/>
        <line num="7" count="2" type="stmt"/>
        <line num="12" count="0" type="stmt"/>
        <line num="14" count="2" type="stmt"/>
      </file>
      <file name="PurchaseSuccess.jsx" path="C:\Users\Sebas Berrios\OneDrive\Escritorio\Lyfter\duad_sebas\duad_sebas\react\paw-store\src\components\Messages-States\PurchaseSuccess.jsx">
        <metrics statements="3" coveredstatements="3" conditionals="0" coveredconditionals="0" methods="2" coveredmethods="2"/>
        <line num="5" count="1" type="stmt"/>
        <line num="6" count="7" type="stmt"/>
        <line num="19" count="7" type="stmt"/>
      </file>
      <file name="Restricted.jsx" path="C:\Users\Sebas Berrios\OneDrive\Escritorio\Lyfter\duad_sebas\duad_sebas\react\paw-store\src\components\Messages-States\Restricted.jsx">
        <metrics statements="17" coveredstatements="9" conditionals="0" coveredconditionals="0" methods="9" coveredmethods="5"/>
        <line num="6" count="2" type="stmt"/>
        <line num="7" count="2" type="stmt"/>
        <line num="9" count="2" type="stmt"/>
        <line num="10" count="9" type="stmt"/>
        <line num="12" count="2" type="stmt"/>
        <line num="13" count="9" type="stmt"/>
        <line num="15" count="2" type="stmt"/>
        <line num="16" count="2" type="stmt"/>
        <line num="22" count="2" type="stmt"/>
        <line num="39" count="0" type="stmt"/>
        <line num="40" count="0" type="stmt"/>
        <line num="45" count="0" type="stmt"/>
        <line num="47" count="0" type="stmt"/>
        <line num="51" count="0" type="stmt"/>
        <line num="52" count="0" type="stmt"/>
        <line num="57" count="0" type="stmt"/>
        <line num="59" count="0" type="stmt"/>
      </file>
    </package>
    <package name="components.Products">
      <metrics statements="3" coveredstatements="3" conditionals="0" coveredconditionals="0" methods="3" coveredmethods="3"/>
      <file name="NoProductsMessage.jsx" path="C:\Users\Sebas Berrios\OneDrive\Escritorio\Lyfter\duad_sebas\duad_sebas\react\paw-store\src\components\Products\NoProductsMessage.jsx">
        <metrics statements="1" coveredstatements="1" conditionals="0" coveredconditionals="0" methods="1" coveredmethods="1"/>
        <line num="6" count="3" type="stmt"/>
      </file>
      <file name="NoProductsMessage.module.css" path="C:\Users\Sebas Berrios\OneDrive\Escritorio\Lyfter\duad_sebas\duad_sebas\react\paw-store\src\components\Products\NoProductsMessage.module.css">
        <metrics statements="0" coveredstatements="0" conditionals="0" coveredconditionals="0" methods="0" coveredmethods="0"/>
      </file>
      <file name="ProductCard.jsx" path="C:\Users\Sebas Berrios\OneDrive\Escritorio\Lyfter\duad_sebas\duad_sebas\react\paw-store\src\components\Products\ProductCard.jsx">
        <metrics statements="2" coveredstatements="2" conditionals="0" coveredconditionals="0" methods="2" coveredmethods="2"/>
        <line num="5" count="9" type="stmt"/>
        <line num="18" count="1" type="stmt"/>
      </file>
      <file name="ProductCard.module.css" path="C:\Users\Sebas Berrios\OneDrive\Escritorio\Lyfter\duad_sebas\duad_sebas\react\paw-store\src\components\Products\ProductCard.module.css">
        <metrics statements="0" coveredstatements="0" conditionals="0" coveredconditionals="0" methods="0" coveredmethods="0"/>
      </file>
    </package>
    <package name="components.PurchaseFlow">
      <metrics statements="15" coveredstatements="15" conditionals="10" coveredconditionals="9" methods="11" coveredmethods="11"/>
      <file name="ContinueCard.jsx" path="C:\Users\Sebas Berrios\OneDrive\Escritorio\Lyfter\duad_sebas\duad_sebas\react\paw-store\src\components\PurchaseFlow\ContinueCard.jsx">
        <metrics statements="1" coveredstatements="1" conditionals="4" coveredconditionals="4" methods="1" coveredmethods="1"/>
        <line num="4" count="9" type="stmt"/>
      </file>
      <file name="ContinueCard.module.css" path="C:\Users\Sebas Berrios\OneDrive\Escritorio\Lyfter\duad_sebas\duad_sebas\react\paw-store\src\components\PurchaseFlow\ContinueCard.module.css">
        <metrics statements="0" coveredstatements="0" conditionals="0" coveredconditionals="0" methods="0" coveredmethods="0"/>
      </file>
      <file name="ItemCart.jsx" path="C:\Users\Sebas Berrios\OneDrive\Escritorio\Lyfter\duad_sebas\duad_sebas\react\paw-store\src\components\PurchaseFlow\ItemCart.jsx">
        <metrics statements="3" coveredstatements="3" conditionals="0" coveredconditionals="0" methods="2" coveredmethods="2"/>
        <line num="4" count="2" type="stmt"/>
        <line num="5" count="18" type="stmt"/>
        <line num="54" count="14" type="stmt"/>
      </file>
      <file name="ItemCart.module.css" path="C:\Users\Sebas Berrios\OneDrive\Escritorio\Lyfter\duad_sebas\duad_sebas\react\paw-store\src\components\PurchaseFlow\ItemCart.module.css">
        <metrics statements="0" coveredstatements="0" conditionals="0" coveredconditionals="0" methods="0" coveredmethods="0"/>
      </file>
      <file name="PurchaseSummary.jsx" path="C:\Users\Sebas Berrios\OneDrive\Escritorio\Lyfter\duad_sebas\duad_sebas\react\paw-store\src\components\PurchaseFlow\PurchaseSummary.jsx">
        <metrics statements="11" coveredstatements="11" conditionals="6" coveredconditionals="5" methods="8" coveredmethods="8"/>
        <line num="5" count="2" type="stmt"/>
        <line num="6" count="14" type="stmt"/>
        <line num="10" count="56" type="stmt"/>
        <line num="23" count="2" type="stmt"/>
        <line num="24" count="14" type="stmt"/>
        <line num="27" count="21" type="cond" truecount="1" falsecount="1"/>
        <line num="29" count="84" type="stmt"/>
        <line num="43" count="14" type="stmt"/>
        <line num="50" count="21" type="stmt"/>
        <line num="56" count="21" type="stmt"/>
        <line num="60" count="14" type="stmt"/>
      </file>
      <file name="PurchaseSummary.module.css" path="C:\Users\Sebas Berrios\OneDrive\Escritorio\Lyfter\duad_sebas\duad_sebas\react\paw-store\src\components\PurchaseFlow\PurchaseSummary.module.css">
        <metrics statements="0" coveredstatements="0" conditionals="0" coveredconditionals="0" methods="0" coveredmethods="0"/>
      </file>
    </package>
    <package name="components.Static">
      <metrics statements="10" coveredstatements="10" conditionals="16" coveredconditionals="10" methods="8" coveredmethods="8"/>
      <file name="Navbar.jsx" path="C:\Users\Sebas Berrios\OneDrive\Escritorio\Lyfter\duad_sebas\duad_sebas\react\paw-store\src\components\Static\Navbar.jsx">
        <metrics statements="10" coveredstatements="10" conditionals="16" coveredconditionals="10" methods="8" coveredmethods="8"/>
        <line num="10" count="14" type="stmt"/>
        <line num="11" count="14" type="stmt"/>
        <line num="13" count="14" type="stmt"/>
        <line num="32" count="14" type="cond" truecount="1" falsecount="1"/>
        <line num="40" count="14" type="cond" truecount="1" falsecount="1"/>
        <line num="48" count="14" type="cond" truecount="1" falsecount="1"/>
        <line num="57" count="3" type="cond" truecount="1" falsecount="1"/>
        <line num="67" count="9" type="cond" truecount="1" falsecount="1"/>
        <line num="77" count="1" type="stmt"/>
        <line num="86" count="5" type="cond" truecount="1" falsecount="1"/>
      </file>
      <file name="Navbar.module.css" path="C:\Users\Sebas Berrios\OneDrive\Escritorio\Lyfter\duad_sebas\duad_sebas\react\paw-store\src\components\Static\Navbar.module.css">
        <metrics statements="0" coveredstatements="0" conditionals="0" coveredconditionals="0" methods="0" coveredmethods="0"/>
      </file>
    </package>
    <package name="components.Table">
      <metrics statements="28" coveredstatements="27" conditionals="25" coveredconditionals="17" methods="12" coveredmethods="12"/>
      <file name="AdminProductsTable.jsx" path="C:\Users\Sebas Berrios\OneDrive\Escritorio\Lyfter\duad_sebas\duad_sebas\react\paw-store\src\components\Table\AdminProductsTable.jsx">
        <metrics statements="1" coveredstatements="1" conditionals="7" coveredconditionals="2" methods="1" coveredmethods="1"/>
        <line num="13" count="13" type="stmt"/>
      </file>
      <file name="Body.jsx" path="C:\Users\Sebas Berrios\OneDrive\Escritorio\Lyfter\duad_sebas\duad_sebas\react\paw-store\src\components\Table\Body.jsx">
        <metrics statements="25" coveredstatements="24" conditionals="18" coveredconditionals="15" methods="9" coveredmethods="9"/>
        <line num="3" count="1" type="stmt"/>
        <line num="4" count="132" type="stmt"/>
        <line num="9" count="1" type="stmt"/>
        <line num="15" count="110" type="cond" truecount="2" falsecount="0"/>
        <line num="17" count="1" type="stmt"/>
        <line num="18" count="22" type="stmt"/>
        <line num="24" count="1" type="stmt"/>
        <line num="25" count="22" type="cond" truecount="1" falsecount="1"/>
        <line num="26" count="22" type="stmt"/>
        <line num="28" count="0" type="stmt"/>
        <line num="32" count="13" type="cond" truecount="1" falsecount="1"/>
        <line num="33" count="13" type="stmt"/>
        <line num="43" count="22" type="stmt"/>
        <line num="46" count="132" type="stmt"/>
        <line num="48" count="132" type="cond" truecount="2" falsecount="0"/>
        <line num="49" count="22" type="stmt"/>
        <line num="56" count="110" type="cond" truecount="2" falsecount="0"/>
        <line num="57" count="22" type="stmt"/>
        <line num="63" count="1" type="stmt"/>
        <line num="70" count="1" type="stmt"/>
        <line num="79" count="88" type="cond" truecount="2" falsecount="0"/>
        <line num="80" count="22" type="stmt"/>
        <line num="87" count="66" type="cond" truecount="2" falsecount="0"/>
        <line num="88" count="22" type="stmt"/>
        <line num="97" count="44" type="stmt"/>
      </file>
      <file name="Head.jsx" path="C:\Users\Sebas Berrios\OneDrive\Escritorio\Lyfter\duad_sebas\duad_sebas\react\paw-store\src\components\Table\Head.jsx">
        <metrics statements="2" coveredstatements="2" conditionals="0" coveredconditionals="0" methods="2" coveredmethods="2"/>
        <line num="4" count="13" type="stmt"/>
        <line num="8" count="78" type="stmt"/>
      </file>
      <file name="Table.module.css" path="C:\Users\Sebas Berrios\OneDrive\Escritorio\Lyfter\duad_sebas\duad_sebas\react\paw-store\src\components\Table\Table.module.css">
        <metrics statements="0" coveredstatements="0" conditionals="0" coveredconditionals="0" methods="0" coveredmethods="0"/>
      </file>
    </package>
    <package name="pages">
      <metrics statements="101" coveredstatements="88" conditionals="35" coveredconditionals="33" methods="51" coveredmethods="46"/>
      <file name="Administration.jsx" path="C:\Users\Sebas Berrios\OneDrive\Escritorio\Lyfter\duad_sebas\duad_sebas\react\paw-store\src\pages\Administration.jsx">
        <metrics statements="42" coveredstatements="30" conditionals="10" coveredconditionals="8" methods="18" coveredmethods="15"/>
        <line num="15" count="39" type="stmt"/>
        <line num="16" count="39" type="stmt"/>
        <line num="18" count="39" type="stmt"/>
        <line num="19" count="39" type="stmt"/>
        <line num="20" count="39" type="stmt"/>
        <line num="22" count="13" type="stmt"/>
        <line num="23" count="39" type="stmt"/>
        <line num="25" count="13" type="stmt"/>
        <line num="26" count="39" type="stmt"/>
        <line num="28" count="13" type="stmt"/>
        <line num="29" count="39" type="stmt"/>
        <line num="32" count="39" type="stmt"/>
        <line num="33" count="39" type="stmt"/>
        <line num="35" count="13" type="stmt"/>
        <line num="36" count="13" type="stmt"/>
        <line num="37" count="13" type="stmt"/>
        <line num="39" count="21" type="stmt"/>
        <line num="41" count="13" type="stmt"/>
        <line num="42" count="13" type="cond" truecount="2" falsecount="0"/>
        <line num="43" count="2" type="stmt"/>
        <line num="47" count="13" type="stmt"/>
        <line num="48" count="1" type="stmt"/>
        <line num="49" count="1" type="stmt"/>
        <line num="50" count="1" type="stmt"/>
        <line num="52" count="0" type="stmt"/>
        <line num="56" count="13" type="stmt"/>
        <line num="57" count="1" type="stmt"/>
        <line num="60" count="13" type="stmt"/>
        <line num="61" count="0" type="cond" truecount="0" falsecount="2"/>
        <line num="62" count="0" type="stmt"/>
        <line num="63" count="0" type="stmt"/>
        <line num="71" count="0" type="stmt"/>
        <line num="73" count="0" type="stmt"/>
        <line num="77" count="13" type="stmt"/>
        <line num="78" count="0" type="stmt"/>
        <line num="81" count="13" type="stmt"/>
        <line num="82" count="0" type="stmt"/>
        <line num="90" count="0" type="stmt"/>
        <line num="91" count="0" type="stmt"/>
        <line num="92" count="0" type="stmt"/>
        <line num="94" count="0" type="stmt"/>
        <line num="98" count="13" type="stmt"/>
      </file>
      <file name="Administration.module.css" path="C:\Users\Sebas Berrios\OneDrive\Escritorio\Lyfter\duad_sebas\duad_sebas\react\paw-store\src\pages\Administration.module.css">
        <metrics statements="0" coveredstatements="0" conditionals="0" coveredconditionals="0" methods="0" coveredmethods="0"/>
      </file>
      <file name="Home.jsx" path="C:\Users\Sebas Berrios\OneDrive\Escritorio\Lyfter\duad_sebas\duad_sebas\react\paw-store\src\pages\Home.jsx">
        <metrics statements="14" coveredstatements="13" conditionals="7" coveredconditionals="7" methods="8" coveredmethods="7"/>
        <line num="9" count="6" type="stmt"/>
        <line num="10" count="18" type="stmt"/>
        <line num="12" count="6" type="stmt"/>
        <line num="13" count="18" type="stmt"/>
        <line num="15" count="6" type="stmt"/>
        <line num="16" count="18" type="stmt"/>
        <line num="18" count="18" type="stmt"/>
        <line num="20" count="6" type="stmt"/>
        <line num="21" count="6" type="stmt"/>
        <line num="22" count="6" type="stmt"/>
        <line num="25" count="6" type="stmt"/>
        <line num="26" count="0" type="stmt"/>
        <line num="29" count="6" type="stmt"/>
        <line num="57" count="1" type="stmt"/>
      </file>
      <file name="Home.module.css" path="C:\Users\Sebas Berrios\OneDrive\Escritorio\Lyfter\duad_sebas\duad_sebas\react\paw-store\src\pages\Home.module.css">
        <metrics statements="0" coveredstatements="0" conditionals="0" coveredconditionals="0" methods="0" coveredmethods="0"/>
      </file>
      <file name="ProductDetails.jsx" path="C:\Users\Sebas Berrios\OneDrive\Escritorio\Lyfter\duad_sebas\duad_sebas\react\paw-store\src\pages\ProductDetails.jsx">
        <metrics statements="28" coveredstatements="28" conditionals="10" coveredconditionals="10" methods="14" coveredmethods="14"/>
        <line num="19" count="6" type="stmt"/>
        <line num="27" count="10" type="stmt"/>
        <line num="29" count="30" type="stmt"/>
        <line num="30" count="30" type="stmt"/>
        <line num="32" count="10" type="stmt"/>
        <line num="33" count="30" type="stmt"/>
        <line num="35" count="30" type="stmt"/>
        <line num="36" count="30" type="stmt"/>
        <line num="37" count="10" type="stmt"/>
        <line num="39" count="30" type="stmt"/>
        <line num="40" count="30" type="stmt"/>
        <line num="41" count="30" type="stmt"/>
        <line num="43" count="10" type="stmt"/>
        <line num="44" count="10" type="cond" truecount="2" falsecount="0"/>
        <line num="45" count="3" type="stmt"/>
        <line num="47" count="10" type="stmt"/>
        <line num="50" count="10" type="stmt"/>
        <line num="52" count="10" type="stmt"/>
        <line num="53" count="1" type="stmt"/>
        <line num="54" count="1" type="stmt"/>
        <line num="55" count="1" type="stmt"/>
        <line num="57" count="1" type="stmt"/>
        <line num="61" count="10" type="cond" truecount="2" falsecount="0"/>
        <line num="62" count="9" type="cond" truecount="2" falsecount="0"/>
        <line num="63" count="8" type="cond" truecount="2" falsecount="0"/>
        <line num="64" count="8" type="stmt"/>
        <line num="71" count="6" type="stmt"/>
        <line num="89" count="1" type="stmt"/>
      </file>
      <file name="ProductDetails.module.css" path="C:\Users\Sebas Berrios\OneDrive\Escritorio\Lyfter\duad_sebas\duad_sebas\react\paw-store\src\pages\ProductDetails.module.css">
        <metrics statements="0" coveredstatements="0" conditionals="0" coveredconditionals="0" methods="0" coveredmethods="0"/>
      </file>
      <file name="Products.jsx" path="C:\Users\Sebas Berrios\OneDrive\Escritorio\Lyfter\duad_sebas\duad_sebas\react\paw-store\src\pages\Products.jsx">
        <metrics statements="17" coveredstatements="17" conditionals="8" coveredconditionals="8" methods="11" coveredmethods="10"/>
        <line num="12" count="4" type="stmt"/>
        <line num="17" count="8" type="stmt"/>
        <line num="29" count="27" type="stmt"/>
        <line num="30" count="27" type="stmt"/>
        <line num="31" count="9" type="stmt"/>
        <line num="32" count="27" type="stmt"/>
        <line num="34" count="27" type="stmt"/>
        <line num="36" count="9" type="stmt"/>
        <line num="37" count="9" type="stmt"/>
        <line num="39" count="9" type="stmt"/>
        <line num="40" count="9" type="cond" truecount="2" falsecount="0"/>
        <line num="41" count="4" type="stmt"/>
        <line num="43" count="9" type="stmt"/>
        <line num="46" count="9" type="stmt"/>
        <line num="47" count="1" type="stmt"/>
        <line num="50" count="10" type="stmt"/>
        <line num="52" count="9" type="cond" truecount="2" falsecount="0"/>
      </file>
      <file name="Products.module.css" path="C:\Users\Sebas Berrios\OneDrive\Escritorio\Lyfter\duad_sebas\duad_sebas\react\paw-store\src\pages\Products.module.css">
        <metrics statements="0" coveredstatements="0" conditionals="0" coveredconditionals="0" methods="0" coveredmethods="0"/>
      </file>
    </package>
    <package name="pages.BuyingProcess">
      <metrics statements="55" coveredstatements="51" conditionals="21" coveredconditionals="13" methods="29" coveredmethods="27"/>
      <file name="BuyingProccess.module.css" path="C:\Users\Sebas Berrios\OneDrive\Escritorio\Lyfter\duad_sebas\duad_sebas\react\paw-store\src\pages\BuyingProcess\BuyingProccess.module.css">
        <metrics statements="0" coveredstatements="0" conditionals="0" coveredconditionals="0" methods="0" coveredmethods="0"/>
      </file>
      <file name="PurchaseFinished.jsx" path="C:\Users\Sebas Berrios\OneDrive\Escritorio\Lyfter\duad_sebas\duad_sebas\react\paw-store\src\pages\BuyingProcess\PurchaseFinished.jsx">
        <metrics statements="19" coveredstatements="19" conditionals="2" coveredconditionals="2" methods="8" coveredmethods="8"/>
        <line num="11" count="7" type="stmt"/>
        <line num="13" count="21" type="stmt"/>
        <line num="14" count="7" type="stmt"/>
        <line num="16" count="21" type="stmt"/>
        <line num="18" count="7" type="stmt"/>
        <line num="20" count="7" type="stmt"/>
        <line num="21" count="10" type="cond" truecount="2" falsecount="0"/>
        <line num="22" count="7" type="stmt"/>
        <line num="23" count="7" type="stmt"/>
        <line num="26" count="7" type="stmt"/>
        <line num="27" count="2" type="stmt"/>
        <line num="28" count="2" type="stmt"/>
        <line num="31" count="7" type="stmt"/>
        <line num="32" count="1" type="stmt"/>
        <line num="33" count="1" type="stmt"/>
        <line num="36" count="7" type="stmt"/>
        <line num="37" count="7" type="stmt"/>
        <line num="38" count="7" type="stmt"/>
        <line num="41" count="7" type="stmt"/>
      </file>
      <file name="ShoppingCart.jsx" path="C:\Users\Sebas Berrios\OneDrive\Escritorio\Lyfter\duad_sebas\duad_sebas\react\paw-store\src\pages\BuyingProcess\ShoppingCart.jsx">
        <metrics statements="36" coveredstatements="32" conditionals="19" coveredconditionals="11" methods="21" coveredmethods="19"/>
        <line num="13" count="7" type="stmt"/>
        <line num="15" count="7" type="stmt"/>
        <line num="16" count="21" type="stmt"/>
        <line num="18" count="21" type="stmt"/>
        <line num="19" count="7" type="stmt"/>
        <line num="20" count="21" type="stmt"/>
        <line num="23" count="21" type="stmt"/>
        <line num="25" count="21" type="stmt"/>
        <line num="26" count="21" type="stmt"/>
        <line num="28" count="7" type="cond" truecount="1" falsecount="1"/>
        <line num="31" count="7" type="cond" truecount="3" falsecount="0"/>
        <line num="37" count="21" type="stmt"/>
        <line num="38" count="21" type="stmt"/>
        <line num="40" count="7" type="stmt"/>
        <line num="41" count="21" type="stmt"/>
        <line num="43" count="21" type="stmt"/>
        <line num="45" count="7" type="stmt"/>
        <line num="46" count="21" type="stmt"/>
        <line num="47" count="21" type="stmt"/>
        <line num="49" count="7" type="stmt"/>
        <line num="50" count="1" type="stmt"/>
        <line num="51" count="1" type="stmt"/>
        <line num="52" count="1" type="stmt"/>
        <line num="54" count="1" type="stmt"/>
        <line num="56" count="0" type="stmt"/>
        <line num="63" count="7" type="stmt"/>
        <line num="64" count="1" type="stmt"/>
        <line num="65" count="1" type="stmt"/>
        <line num="67" count="0" type="stmt"/>
        <line num="76" count="7" type="stmt"/>
        <line num="77" count="7" type="stmt"/>
        <line num="80" count="7" type="cond" truecount="2" falsecount="0"/>
        <line num="100" count="5" type="stmt"/>
        <line num="103" count="0" type="stmt"/>
        <line num="104" count="0" type="stmt"/>
        <line num="106" count="1" type="stmt"/>
      </file>
    </package>
    <package name="store">
      <metrics statements="285" coveredstatements="212" conditionals="164" coveredconditionals="66" methods="107" coveredmethods="84"/>
      <file name="AuthContext.jsx" path="C:\Users\Sebas Berrios\OneDrive\Escritorio\Lyfter\duad_sebas\duad_sebas\react\paw-store\src\store\AuthContext.jsx">
        <metrics statements="65" coveredstatements="54" conditionals="23" coveredconditionals="17" methods="13" coveredmethods="11"/>
        <line num="9" count="1" type="stmt"/>
        <line num="11" count="1" type="stmt"/>
        <line num="12" count="7" type="stmt"/>
        <line num="13" count="7" type="stmt"/>
        <line num="15" count="0" type="stmt"/>
        <line num="19" count="1" type="stmt"/>
        <line num="20" count="5" type="cond" truecount="1" falsecount="1"/>
        <line num="21" count="0" type="stmt"/>
        <line num="24" count="1" type="stmt"/>
        <line num="25" count="16" type="cond" truecount="2" falsecount="0"/>
        <line num="26" count="16" type="stmt"/>
        <line num="29" count="16" type="stmt"/>
        <line num="30" count="16" type="stmt"/>
        <line num="31" count="16" type="stmt"/>
        <line num="32" count="16" type="stmt"/>
        <line num="36" count="16" type="stmt"/>
        <line num="37" count="9" type="cond" truecount="3" falsecount="1"/>
        <line num="39" count="0" type="cond" truecount="0" falsecount="2"/>
        <line num="40" count="0" type="stmt"/>
        <line num="41" count="0" type="stmt"/>
        <line num="42" count="0" type="stmt"/>
        <line num="45" count="0" type="stmt"/>
        <line num="46" count="0" type="stmt"/>
        <line num="47" count="0" type="stmt"/>
        <line num="48" count="0" type="stmt"/>
        <line num="51" count="0" type="stmt"/>
        <line num="54" count="16" type="stmt"/>
        <line num="55" count="2" type="stmt"/>
        <line num="56" count="2" type="stmt"/>
        <line num="57" count="2" type="stmt"/>
        <line num="60" count="16" type="stmt"/>
        <line num="61" count="1" type="stmt"/>
        <line num="62" count="1" type="stmt"/>
        <line num="63" count="1" type="stmt"/>
        <line num="66" count="16" type="stmt"/>
        <line num="67" count="2" type="stmt"/>
        <line num="68" count="2" type="stmt"/>
        <line num="69" count="2" type="stmt"/>
        <line num="70" count="2" type="stmt"/>
        <line num="71" count="1" type="stmt"/>
        <line num="72" count="1" type="stmt"/>
        <line num="74" count="1" type="stmt"/>
        <line num="75" count="1" type="cond" truecount="2" falsecount="0"/>
        <line num="76" count="1" type="cond" truecount="1" falsecount="1"/>
        <line num="79" count="1" type="stmt"/>
        <line num="83" count="16" type="stmt"/>
        <line num="84" count="2" type="stmt"/>
        <line num="85" count="2" type="stmt"/>
        <line num="86" count="2" type="stmt"/>
        <line num="87" count="1" type="stmt"/>
        <line num="88" count="1" type="stmt"/>
        <line num="90" count="1" type="stmt"/>
        <line num="92" count="1" type="cond" truecount="3" falsecount="0"/>
        <line num="95" count="1" type="cond" truecount="1" falsecount="1"/>
        <line num="98" count="1" type="stmt"/>
        <line num="102" count="16" type="stmt"/>
        <line num="103" count="1" type="stmt"/>
        <line num="104" count="1" type="stmt"/>
        <line num="105" count="1" type="stmt"/>
        <line num="106" count="1" type="stmt"/>
        <line num="107" count="1" type="stmt"/>
        <line num="110" count="16" type="cond" truecount="2" falsecount="0"/>
        <line num="111" count="16" type="stmt"/>
        <line num="113" count="16" type="stmt"/>
        <line num="132" count="12" type="stmt"/>
      </file>
      <file name="useProductsStore.jsx" path="C:\Users\Sebas Berrios\OneDrive\Escritorio\Lyfter\duad_sebas\duad_sebas\react\paw-store\src\store\useProductsStore.jsx">
        <metrics statements="41" coveredstatements="34" conditionals="23" coveredconditionals="7" methods="24" coveredmethods="21"/>
        <line num="4" count="9" type="stmt"/>
        <line num="20" count="3" type="stmt"/>
        <line num="30" count="3" type="stmt"/>
        <line num="31" count="3" type="stmt"/>
        <line num="33" count="1" type="stmt"/>
        <line num="34" count="1" type="cond" truecount="1" falsecount="1"/>
        <line num="36" count="0" type="stmt"/>
        <line num="39" count="1" type="stmt"/>
        <line num="42" count="2" type="cond" truecount="2" falsecount="1"/>
        <line num="43" count="2" type="stmt"/>
        <line num="50" count="3" type="stmt"/>
        <line num="60" count="2" type="stmt"/>
        <line num="64" count="2" type="stmt"/>
        <line num="65" count="2" type="stmt"/>
        <line num="66" count="1" type="stmt"/>
        <line num="69" count="1" type="cond" truecount="2" falsecount="1"/>
        <line num="72" count="1" type="stmt"/>
        <line num="79" count="2" type="stmt"/>
        <line num="86" count="1" type="stmt"/>
        <line num="90" count="1" type="stmt"/>
        <line num="91" count="1" type="stmt"/>
        <line num="97" count="1" type="stmt"/>
        <line num="100" count="0" type="cond" truecount="0" falsecount="3"/>
        <line num="103" count="0" type="stmt"/>
        <line num="110" count="1" type="stmt"/>
        <line num="117" count="1" type="stmt"/>
        <line num="121" count="1" type="stmt"/>
        <line num="122" count="1" type="stmt"/>
        <line num="123" count="1" type="stmt"/>
        <line num="125" count="2" type="cond" truecount="2" falsecount="0"/>
        <line num="130" count="0" type="cond" truecount="0" falsecount="3"/>
        <line num="133" count="0" type="stmt"/>
        <line num="140" count="1" type="stmt"/>
        <line num="147" count="1" type="stmt"/>
        <line num="151" count="1" type="stmt"/>
        <line num="152" count="1" type="stmt"/>
        <line num="153" count="1" type="stmt"/>
        <line num="154" count="2" type="stmt"/>
        <line num="158" count="0" type="cond" truecount="0" falsecount="3"/>
        <line num="161" count="0" type="stmt"/>
        <line num="168" count="1" type="stmt"/>
      </file>
      <file name="usePurchaseStore.jsx" path="C:\Users\Sebas Berrios\OneDrive\Escritorio\Lyfter\duad_sebas\duad_sebas\react\paw-store\src\store\usePurchaseStore.jsx">
        <metrics statements="179" coveredstatements="124" conditionals="118" coveredconditionals="42" methods="70" coveredmethods="52"/>
        <line num="6" count="5" type="stmt"/>
        <line num="11" count="5" type="stmt"/>
        <line num="27" count="5" type="stmt"/>
        <line num="29" count="0" type="stmt"/>
        <line num="30" count="0" type="stmt"/>
        <line num="31" count="0" type="stmt"/>
        <line num="32" count="0" type="stmt"/>
        <line num="38" count="0" type="stmt"/>
        <line num="41" count="0" type="cond" truecount="0" falsecount="3"/>
        <line num="42" count="0" type="stmt"/>
        <line num="45" count="0" type="stmt"/>
        <line num="68" count="1" type="stmt"/>
        <line num="74" count="1" type="stmt"/>
        <line num="75" count="1" type="stmt"/>
        <line num="76" count="1" type="stmt"/>
        <line num="77" count="1" type="stmt"/>
        <line num="85" count="0" type="stmt"/>
        <line num="86" count="0" type="cond" truecount="0" falsecount="4"/>
        <line num="87" count="0" type="stmt"/>
        <line num="88" count="0" type="stmt"/>
        <line num="89" count="0" type="stmt"/>
        <line num="92" count="0" type="cond" truecount="0" falsecount="3"/>
        <line num="93" count="0" type="stmt"/>
        <line num="96" count="0" type="stmt"/>
        <line num="101" count="1" type="stmt"/>
        <line num="107" count="1" type="cond" truecount="1" falsecount="1"/>
        <line num="108" count="0" type="stmt"/>
        <line num="114" count="0" type="stmt"/>
        <line num="116" count="1" type="stmt"/>
        <line num="117" count="1" type="stmt"/>
        <line num="118" count="1" type="stmt"/>
        <line num="127" count="1" type="stmt"/>
        <line num="128" count="1" type="stmt"/>
        <line num="130" count="1" type="cond" truecount="2" falsecount="0"/>
        <line num="131" count="1" type="cond" truecount="1" falsecount="1"/>
        <line num="133" count="1" type="stmt"/>
        <line num="135" count="1" type="stmt"/>
        <line num="143" count="0" type="cond" truecount="0" falsecount="3"/>
        <line num="146" count="0" type="stmt"/>
        <line num="152" count="0" type="stmt"/>
        <line num="157" count="1" type="stmt"/>
        <line num="168" count="1" type="stmt"/>
        <line num="169" count="1" type="stmt"/>
        <line num="170" count="1" type="stmt"/>
        <line num="172" count="1" type="cond" truecount="1" falsecount="1"/>
        <line num="173" count="0" type="stmt"/>
        <line num="176" count="1" type="stmt"/>
        <line num="177" count="1" type="cond" truecount="1" falsecount="1"/>
        <line num="178" count="0" type="stmt"/>
        <line num="184" count="0" type="stmt"/>
        <line num="186" count="1" type="stmt"/>
        <line num="189" count="0" type="cond" truecount="0" falsecount="3"/>
        <line num="190" count="0" type="stmt"/>
        <line num="196" count="0" type="stmt"/>
        <line num="198" count="1" type="stmt"/>
        <line num="208" count="1" type="stmt"/>
        <line num="219" count="1" type="stmt"/>
        <line num="221" count="1" type="stmt"/>
        <line num="222" count="1" type="cond" truecount="1" falsecount="1"/>
        <line num="223" count="1" type="stmt"/>
        <line num="228" count="1" type="stmt"/>
        <line num="240" count="1" type="stmt"/>
        <line num="244" count="0" type="stmt"/>
        <line num="247" count="0" type="cond" truecount="0" falsecount="2"/>
        <line num="254" count="0" type="cond" truecount="0" falsecount="3"/>
        <line num="257" count="0" type="stmt"/>
        <line num="260" count="0" type="stmt"/>
        <line num="262" count="1" type="stmt"/>
        <line num="272" count="1" type="stmt"/>
        <line num="283" count="1" type="stmt"/>
        <line num="285" count="1" type="stmt"/>
        <line num="286" count="1" type="cond" truecount="1" falsecount="1"/>
        <line num="288" count="1" type="stmt"/>
        <line num="295" count="1" type="stmt"/>
        <line num="299" count="1" type="stmt"/>
        <line num="305" count="0" type="cond" truecount="0" falsecount="3"/>
        <line num="308" count="0" type="stmt"/>
        <line num="314" count="0" type="stmt"/>
        <line num="316" count="1" type="stmt"/>
        <line num="326" count="1" type="stmt"/>
        <line num="327" count="1" type="cond" truecount="3" falsecount="1"/>
        <line num="329" count="1" type="stmt"/>
        <line num="330" count="1" type="cond" truecount="1" falsecount="1"/>
        <line num="334" count="1" type="stmt"/>
        <line num="344" count="1" type="stmt"/>
        <line num="345" count="1" type="stmt"/>
        <line num="346" count="1" type="cond" truecount="1" falsecount="1"/>
        <line num="353" count="1" type="stmt"/>
        <line num="362" count="1" type="stmt"/>
        <line num="373" count="1" type="stmt"/>
        <line num="375" count="1" type="stmt"/>
        <line num="376" count="1" type="cond" truecount="1" falsecount="1"/>
        <line num="378" count="1" type="cond" truecount="1" falsecount="1"/>
        <line num="379" count="0" type="stmt"/>
        <line num="381" count="1" type="stmt"/>
        <line num="383" count="1" type="stmt"/>
        <line num="389" count="1" type="stmt"/>
        <line num="392" count="1" type="stmt"/>
        <line num="395" count="0" type="cond" truecount="0" falsecount="3"/>
        <line num="398" count="0" type="stmt"/>
        <line num="404" count="0" type="stmt"/>
        <line num="406" count="1" type="stmt"/>
        <line num="413" count="1" type="stmt"/>
        <line num="424" count="1" type="stmt"/>
        <line num="426" count="1" type="stmt"/>
        <line num="427" count="1" type="cond" truecount="1" falsecount="1"/>
        <line num="429" count="1" type="cond" truecount="1" falsecount="1"/>
        <line num="431" count="1" type="stmt"/>
        <line num="432" count="1" type="stmt"/>
        <line num="438" count="1" type="stmt"/>
        <line num="443" count="1" type="stmt"/>
        <line num="444" count="1" type="stmt"/>
        <line num="446" count="1" type="stmt"/>
        <line num="448" count="1" type="cond" truecount="1" falsecount="1"/>
        <line num="450" count="1" type="stmt"/>
        <line num="451" count="1" type="stmt"/>
        <line num="452" count="1" type="stmt"/>
        <line num="454" count="1" type="stmt"/>
        <line num="467" count="0" type="cond" truecount="0" falsecount="3"/>
        <line num="468" count="0" type="stmt"/>
        <line num="474" count="0" type="stmt"/>
        <line num="476" count="1" type="stmt"/>
        <line num="483" count="1" type="stmt"/>
        <line num="487" count="1" type="stmt"/>
        <line num="489" count="1" type="stmt"/>
        <line num="490" count="1" type="cond" truecount="1" falsecount="1"/>
        <line num="492" count="1" type="cond" truecount="1" falsecount="1"/>
        <line num="498" count="0" type="stmt"/>
        <line num="500" count="1" type="stmt"/>
        <line num="508" count="1" type="stmt"/>
        <line num="509" count="1" type="cond" truecount="1" falsecount="1"/>
        <line num="510" count="0" type="stmt"/>
        <line num="512" count="1" type="stmt"/>
        <line num="529" count="0" type="cond" truecount="0" falsecount="3"/>
        <line num="532" count="0" type="stmt"/>
        <line num="538" count="0" type="stmt"/>
        <line num="540" count="1" type="stmt"/>
        <line num="547" count="1" type="stmt"/>
        <line num="552" count="1" type="stmt"/>
        <line num="554" count="1" type="stmt"/>
        <line num="556" count="1" type="stmt"/>
        <line num="557" count="1" type="cond" truecount="1" falsecount="1"/>
        <line num="558" count="1" type="cond" truecount="1" falsecount="1"/>
        <line num="560" count="1" type="stmt"/>
        <line num="562" count="1" type="stmt"/>
        <line num="566" count="1" type="stmt"/>
        <line num="570" count="1" type="cond" truecount="1" falsecount="1"/>
        <line num="572" count="1" type="stmt"/>
        <line num="576" count="1" type="stmt"/>
        <line num="578" count="1" type="cond" truecount="1" falsecount="1"/>
        <line num="579" count="0" type="stmt"/>
        <line num="581" count="1" type="stmt"/>
        <line num="588" count="1" type="stmt"/>
        <line num="589" count="1" type="stmt"/>
        <line num="592" count="0" type="cond" truecount="0" falsecount="3"/>
        <line num="593" count="0" type="stmt"/>
        <line num="600" count="1" type="stmt"/>
        <line num="610" count="1" type="stmt"/>
        <line num="617" count="1" type="stmt"/>
        <line num="618" count="1" type="stmt"/>
        <line num="619" count="1" type="stmt"/>
        <line num="620" count="1" type="stmt"/>
        <line num="621" count="1" type="cond" truecount="1" falsecount="1"/>
        <line num="622" count="1" type="cond" truecount="1" falsecount="1"/>
        <line num="623" count="1" type="cond" truecount="1" falsecount="1"/>
        <line num="624" count="0" type="stmt"/>
        <line num="628" count="1" type="stmt"/>
        <line num="635" count="0" type="cond" truecount="0" falsecount="3"/>
        <line num="638" count="0" type="stmt"/>
        <line num="645" count="1" type="stmt"/>
        <line num="652" count="1" type="stmt"/>
        <line num="657" count="1" type="stmt"/>
        <line num="659" count="1" type="stmt"/>
        <line num="660" count="1" type="cond" truecount="1" falsecount="1"/>
        <line num="662" count="1" type="stmt"/>
        <line num="664" count="1" type="stmt"/>
        <line num="671" count="0" type="cond" truecount="0" falsecount="3"/>
        <line num="672" count="0" type="stmt"/>
        <line num="679" count="1" type="stmt"/>
      </file>
    </package>
    <package name="utils">
      <metrics statements="19" coveredstatements="19" conditionals="16" coveredconditionals="16" methods="5" coveredmethods="5"/>
      <file name="helpers.js" path="C:\Users\Sebas Berrios\OneDrive\Escritorio\Lyfter\duad_sebas\duad_sebas\react\paw-store\src\utils\helpers.js">
        <metrics statements="19" coveredstatements="19" conditionals="16" coveredconditionals="16" methods="5" coveredmethods="5"/>
        <line num="1" count="8" type="stmt"/>
        <line num="2" count="241" type="cond" truecount="2" falsecount="0"/>
        <line num="4" count="8" type="stmt"/>
        <line num="5" count="123" type="cond" truecount="4" falsecount="0"/>
        <line num="6" count="1" type="stmt"/>
        <line num="9" count="122" type="cond" truecount="4" falsecount="0"/>
        <line num="10" count="3" type="stmt"/>
        <line num="13" count="119" type="cond" truecount="4" falsecount="0"/>
        <line num="14" count="1" type="stmt"/>
        <line num="17" count="118" type="stmt"/>
        <line num="20" count="8" type="stmt"/>
        <line num="21" count="38" type="cond" truecount="2" falsecount="0"/>
        <line num="22" count="2" type="stmt"/>
        <line num="25" count="36" type="stmt"/>
        <line num="26" count="57" type="stmt"/>
        <line num="30" count="8" type="stmt"/>
        <line num="31" count="7" type="stmt"/>
        <line num="33" count="7" type="stmt"/>
        <line num="35" count="7" type="stmt"/>
      </file>
    </package>
  </project>
</coverage>
