{"C:\\Users\\Sebas Berrios\\OneDrive\\Escritorio\\Lyfter\\duad_sebas\\duad_sebas\\react\\paw-store\\src\\api\\axios.js": {"path":"C:\\Users\\Sebas Berrios\\OneDrive\\Escritorio\\Lyfter\\duad_sebas\\duad_sebas\\react\\paw-store\\src\\api\\axios.js","statementMap":{"0":{"start":{"line":3,"column":12},"end":{"line":8,"column":2}},"1":{"start":{"line":10,"column":0},"end":{"line":16,"column":null}},"2":{"start":{"line":11,"column":16},"end":{"line":11,"column":45}},"3":{"start":{"line":12,"column":2},"end":{"line":13,"column":null}},"4":{"start":{"line":13,"column":4},"end":{"line":13,"column":null}},"5":{"start":{"line":15,"column":2},"end":{"line":15,"column":null}}},"fnMap":{"0":{"name":"(anonymous_0)","decl":{"start":{"line":10,"column":25},"end":{"line":10,"column":30}},"loc":{"start":{"line":10,"column":41},"end":{"line":16,"column":null}},"line":10}},"branchMap":{"0":{"loc":{"start":{"line":12,"column":2},"end":{"line":13,"column":null}},"type":"if","locations":[{"start":{"line":12,"column":2},"end":{"line":13,"column":null}},{"start":{},"end":{}}],"line":12}},"s":{"0":10,"1":10,"2":11,"3":11,"4":9,"5":9},"f":{"0":11},"b":{"0":[9,2]},"meta":{"lastBranch":1,"lastFunction":1,"lastStatement":6,"seen":{"s:3:12:8:2":0,"s:10:0:16:Infinity":1,"f:10:25:10:30":0,"s:11:16:11:45":2,"b:12:2:13:Infinity:undefined:undefined:undefined:undefined":0,"s:12:2:13:Infinity":3,"s:13:4:13:Infinity":4,"s:15:2:15:Infinity":5}}}
,"C:\\Users\\Sebas Berrios\\OneDrive\\Escritorio\\Lyfter\\duad_sebas\\duad_sebas\\react\\paw-store\\src\\assets\\close-svgrepo-com.svg": {"path":"C:\\Users\\Sebas Berrios\\OneDrive\\Escritorio\\Lyfter\\duad_sebas\\duad_sebas\\react\\paw-store\\src\\assets\\close-svgrepo-com.svg","statementMap":{},"fnMap":{},"branchMap":{},"s":{},"f":{},"b":{},"meta":{"lastBranch":0,"lastFunction":0,"lastStatement":0,"seen":{}}}
,"C:\\Users\\Sebas Berrios\\OneDrive\\Escritorio\\Lyfter\\duad_sebas\\duad_sebas\\react\\paw-store\\src\\assets\\lock_24dp_000000_FILL0_wght400_GRAD0_opsz24.svg": {"path":"C:\\Users\\Sebas Berrios\\OneDrive\\Escritorio\\Lyfter\\duad_sebas\\duad_sebas\\react\\paw-store\\src\\assets\\lock_24dp_000000_FILL0_wght400_GRAD0_opsz24.svg","statementMap":{},"fnMap":{},"branchMap":{},"s":{},"f":{},"b":{},"meta":{"lastBranch":0,"lastFunction":0,"lastStatement":0,"seen":{}}}
,"C:\\Users\\Sebas Berrios\\OneDrive\\Escritorio\\Lyfter\\duad_sebas\\duad_sebas\\react\\paw-store\\src\\assets\\lucide-PawPrint-Outlined.svg": {"path":"C:\\Users\\Sebas Berrios\\OneDrive\\Escritorio\\Lyfter\\duad_sebas\\duad_sebas\\react\\paw-store\\src\\assets\\lucide-PawPrint-Outlined.svg","statementMap":{},"fnMap":{},"branchMap":{},"s":{},"f":{},"b":{},"meta":{"lastBranch":0,"lastFunction":0,"lastStatement":0,"seen":{}}}
,"C:\\Users\\Sebas Berrios\\OneDrive\\Escritorio\\Lyfter\\duad_sebas\\duad_sebas\\react\\paw-store\\src\\assets\\sentiment_dissatisfied_24dp_000000_FILL0_wght400_GRAD0_opsz24.svg": {"path":"C:\\Users\\Sebas Berrios\\OneDrive\\Escritorio\\Lyfter\\duad_sebas\\duad_sebas\\react\\paw-store\\src\\assets\\sentiment_dissatisfied_24dp_000000_FILL0_wght400_GRAD0_opsz24.svg","statementMap":{},"fnMap":{},"branchMap":{},"s":{},"f":{},"b":{},"meta":{"lastBranch":0,"lastFunction":0,"lastStatement":0,"seen":{}}}
,"C:\\Users\\Sebas Berrios\\OneDrive\\Escritorio\\Lyfter\\duad_sebas\\duad_sebas\\react\\paw-store\\src\\components\\shared.module.css": {"path":"C:\\Users\\Sebas Berrios\\OneDrive\\Escritorio\\Lyfter\\duad_sebas\\duad_sebas\\react\\paw-store\\src\\components\\shared.module.css","statementMap":{},"fnMap":{},"branchMap":{},"s":{},"f":{},"b":{},"meta":{"lastBranch":0,"lastFunction":0,"lastStatement":0,"seen":{}}}
,"C:\\Users\\Sebas Berrios\\OneDrive\\Escritorio\\Lyfter\\duad_sebas\\duad_sebas\\react\\paw-store\\src\\components\\Forms\\AddProductForm.jsx": {"path":"C:\\Users\\Sebas Berrios\\OneDrive\\Escritorio\\Lyfter\\duad_sebas\\duad_sebas\\react\\paw-store\\src\\components\\Forms\\AddProductForm.jsx","statementMap":{"0":{"start":{"line":10,"column":4},"end":{"line":11,"column":15}},"1":{"start":{"line":13,"column":27},"end":{"line":19,"column":null}},"2":{"start":{"line":14,"column":15},"end":{"line":18,"column":6}},"3":{"start":{"line":19,"column":4},"end":{"line":19,"column":null}},"4":{"start":{"line":19,"column":12},"end":{"line":19,"column":null}},"5":{"start":{"line":22,"column":2},"end":{"line":143,"column":null}}},"fnMap":{"0":{"name":"AddProductForm","decl":{"start":{"line":5,"column":16},"end":{"line":5,"column":31}},"loc":{"start":{"line":5,"column":53},"end":{"line":143,"column":null}},"line":5},"1":{"name":"(anonymous_1)","decl":{"start":{"line":13,"column":27},"end":{"line":13,"column":34}},"loc":{"start":{"line":13,"column":43},"end":{"line":19,"column":null}},"line":13}},"branchMap":{"0":{"loc":{"start":{"line":19,"column":4},"end":{"line":19,"column":null}},"type":"if","locations":[{"start":{"line":19,"column":4},"end":{"line":19,"column":null}},{"start":{},"end":{}}],"line":19},"1":{"loc":{"start":{"line":135,"column":11},"end":{"line":135,"column":null}},"type":"cond-expr","locations":[{"start":{"line":135,"column":20},"end":{"line":135,"column":37}},{"start":{"line":135,"column":37},"end":{"line":135,"column":null}}],"line":135}},"s":{"0":24,"1":24,"2":0,"3":0,"4":0,"5":24},"f":{"0":24,"1":0},"b":{"0":[0,0],"1":[0,24]},"meta":{"lastBranch":2,"lastFunction":2,"lastStatement":6,"seen":{"f:5:16:5:31":0,"s:10:4:11:15":0,"s:13:27:19:Infinity":1,"f:13:27:13:34":1,"s:14:15:18:6":2,"b:19:4:19:Infinity:undefined:undefined:undefined:undefined":0,"s:19:4:19:Infinity":3,"s:19:12:19:Infinity":4,"s:22:2:143:Infinity":5,"b:135:20:135:37:135:37:135:Infinity":1}}}
,"C:\\Users\\Sebas Berrios\\OneDrive\\Escritorio\\Lyfter\\duad_sebas\\duad_sebas\\react\\paw-store\\src\\components\\Forms\\EditProductForm.jsx": {"path":"C:\\Users\\Sebas Berrios\\OneDrive\\Escritorio\\Lyfter\\duad_sebas\\duad_sebas\\react\\paw-store\\src\\components\\Forms\\EditProductForm.jsx","statementMap":{"0":{"start":{"line":12,"column":25},"end":{"line":22,"column":4}},"1":{"start":{"line":24,"column":2},"end":{"line":35,"column":null}},"2":{"start":{"line":25,"column":4},"end":{"line":25,"column":null}},"3":{"start":{"line":25,"column":18},"end":{"line":25,"column":null}},"4":{"start":{"line":27,"column":4},"end":{"line":34,"column":null}},"5":{"start":{"line":37,"column":27},"end":{"line":44,"column":null}},"6":{"start":{"line":38,"column":15},"end":{"line":42,"column":6}},"7":{"start":{"line":44,"column":4},"end":{"line":44,"column":null}},"8":{"start":{"line":47,"column":2},"end":{"line":180,"column":null}}},"fnMap":{"0":{"name":"EditProductForm","decl":{"start":{"line":7,"column":16},"end":{"line":7,"column":32}},"loc":{"start":{"line":7,"column":73},"end":{"line":180,"column":null}},"line":7},"1":{"name":"(anonymous_1)","decl":{"start":{"line":24,"column":2},"end":{"line":24,"column":18}},"loc":{"start":{"line":24,"column":18},"end":{"line":35,"column":6}},"line":24},"2":{"name":"(anonymous_2)","decl":{"start":{"line":37,"column":27},"end":{"line":37,"column":34}},"loc":{"start":{"line":37,"column":43},"end":{"line":44,"column":null}},"line":37}},"branchMap":{"0":{"loc":{"start":{"line":25,"column":4},"end":{"line":25,"column":null}},"type":"if","locations":[{"start":{"line":25,"column":4},"end":{"line":25,"column":null}},{"start":{},"end":{}}],"line":25},"1":{"loc":{"start":{"line":28,"column":12},"end":{"line":28,"column":null}},"type":"binary-expr","locations":[{"start":{"line":28,"column":12},"end":{"line":28,"column":28}},{"start":{"line":28,"column":28},"end":{"line":28,"column":null}}],"line":28},"2":{"loc":{"start":{"line":29,"column":19},"end":{"line":29,"column":null}},"type":"binary-expr","locations":[{"start":{"line":29,"column":19},"end":{"line":29,"column":42}},{"start":{"line":29,"column":42},"end":{"line":29,"column":null}}],"line":29},"3":{"loc":{"start":{"line":30,"column":13},"end":{"line":30,"column":null}},"type":"binary-expr","locations":[{"start":{"line":30,"column":13},"end":{"line":30,"column":30}},{"start":{"line":30,"column":30},"end":{"line":30,"column":null}}],"line":30},"4":{"loc":{"start":{"line":31,"column":16},"end":{"line":31,"column":null}},"type":"binary-expr","locations":[{"start":{"line":31,"column":16},"end":{"line":31,"column":36}},{"start":{"line":31,"column":36},"end":{"line":31,"column":null}}],"line":31},"5":{"loc":{"start":{"line":32,"column":13},"end":{"line":32,"column":null}},"type":"binary-expr","locations":[{"start":{"line":32,"column":13},"end":{"line":32,"column":30}},{"start":{"line":32,"column":30},"end":{"line":32,"column":null}}],"line":32},"6":{"loc":{"start":{"line":33,"column":17},"end":{"line":33,"column":null}},"type":"binary-expr","locations":[{"start":{"line":33,"column":17},"end":{"line":33,"column":38}},{"start":{"line":33,"column":38},"end":{"line":33,"column":null}}],"line":33},"7":{"loc":{"start":{"line":169,"column":20},"end":{"line":169,"column":null}},"type":"binary-expr","locations":[{"start":{"line":169,"column":20},"end":{"line":169,"column":32}},{"start":{"line":169,"column":32},"end":{"line":169,"column":null}}],"line":169},"8":{"loc":{"start":{"line":170,"column":17},"end":{"line":170,"column":null}},"type":"cond-expr","locations":[{"start":{"line":170,"column":28},"end":{"line":170,"column":60}},{"start":{"line":170,"column":60},"end":{"line":170,"column":null}}],"line":170},"9":{"loc":{"start":{"line":172,"column":11},"end":{"line":172,"column":null}},"type":"cond-expr","locations":[{"start":{"line":172,"column":20},"end":{"line":172,"column":37}},{"start":{"line":172,"column":37},"end":{"line":172,"column":null}}],"line":172}},"s":{"0":2,"1":2,"2":1,"3":0,"4":1,"5":2,"6":0,"7":0,"8":2},"f":{"0":2,"1":1,"2":0},"b":{"0":[0,1],"1":[1,0],"2":[1,0],"3":[1,0],"4":[1,0],"5":[1,0],"6":[1,0],"7":[2,0],"8":[2,0],"9":[0,2]},"meta":{"lastBranch":10,"lastFunction":3,"lastStatement":9,"seen":{"f:7:16:7:32":0,"s:12:25:22:4":0,"s:24:2:35:Infinity":1,"f:24:2:24:18":1,"b:25:4:25:Infinity:undefined:undefined:undefined:undefined":0,"s:25:4:25:Infinity":2,"s:25:18:25:Infinity":3,"s:27:4:34:Infinity":4,"b:28:12:28:28:28:28:28:Infinity":1,"b:29:19:29:42:29:42:29:Infinity":2,"b:30:13:30:30:30:30:30:Infinity":3,"b:31:16:31:36:31:36:31:Infinity":4,"b:32:13:32:30:32:30:32:Infinity":5,"b:33:17:33:38:33:38:33:Infinity":6,"s:37:27:44:Infinity":5,"f:37:27:37:34":2,"s:38:15:42:6":6,"s:44:4:44:Infinity":7,"s:47:2:180:Infinity":8,"b:169:20:169:32:169:32:169:Infinity":7,"b:170:28:170:60:170:60:170:Infinity":8,"b:172:20:172:37:172:37:172:Infinity":9}}}
,"C:\\Users\\Sebas Berrios\\OneDrive\\Escritorio\\Lyfter\\duad_sebas\\duad_sebas\\react\\paw-store\\src\\components\\Forms\\Forms.module.css": {"path":"C:\\Users\\Sebas Berrios\\OneDrive\\Escritorio\\Lyfter\\duad_sebas\\duad_sebas\\react\\paw-store\\src\\components\\Forms\\Forms.module.css","statementMap":{},"fnMap":{},"branchMap":{},"s":{},"f":{},"b":{},"meta":{"lastBranch":0,"lastFunction":0,"lastStatement":0,"seen":{}}}
,"C:\\Users\\Sebas Berrios\\OneDrive\\Escritorio\\Lyfter\\duad_sebas\\duad_sebas\\react\\paw-store\\src\\components\\Forms\\FormsComponents.jsx": {"path":"C:\\Users\\Sebas Berrios\\OneDrive\\Escritorio\\Lyfter\\duad_sebas\\duad_sebas\\react\\paw-store\\src\\components\\Forms\\FormsComponents.jsx","statementMap":{"0":{"start":{"line":1,"column":13},"end":{"line":2,"column":null}},"1":{"start":{"line":2,"column":2},"end":{"line":2,"column":null}},"2":{"start":{"line":5,"column":13},"end":{"line":6,"column":null}},"3":{"start":{"line":6,"column":2},"end":{"line":6,"column":null}},"4":{"start":{"line":9,"column":13},"end":{"line":32,"column":null}},"5":{"start":{"line":20,"column":4},"end":{"line":21,"column":null}},"6":{"start":{"line":23,"column":2},"end":{"line":32,"column":null}},"7":{"start":{"line":36,"column":13},"end":{"line":59,"column":null}},"8":{"start":{"line":47,"column":4},"end":{"line":48,"column":null}},"9":{"start":{"line":50,"column":2},"end":{"line":59,"column":null}},"10":{"start":{"line":63,"column":13},"end":{"line":64,"column":null}},"11":{"start":{"line":64,"column":2},"end":{"line":64,"column":null}}},"fnMap":{"0":{"name":"(anonymous_0)","decl":{"start":{"line":1,"column":13},"end":{"line":1,"column":22}},"loc":{"start":{"line":1,"column":50},"end":{"line":2,"column":null}},"line":1},"1":{"name":"(anonymous_1)","decl":{"start":{"line":5,"column":13},"end":{"line":5,"column":21}},"loc":{"start":{"line":5,"column":48},"end":{"line":6,"column":null}},"line":5},"2":{"name":"(anonymous_2)","decl":{"start":{"line":9,"column":13},"end":{"line":9,"column":22}},"loc":{"start":{"line":18,"column":6},"end":{"line":32,"column":null}},"line":18},"3":{"name":"(anonymous_3)","decl":{"start":{"line":36,"column":13},"end":{"line":36,"column":30}},"loc":{"start":{"line":45,"column":6},"end":{"line":59,"column":null}},"line":45},"4":{"name":"(anonymous_4)","decl":{"start":{"line":63,"column":13},"end":{"line":63,"column":23}},"loc":{"start":{"line":63,"column":50},"end":{"line":64,"column":null}},"line":63}},"branchMap":{"0":{"loc":{"start":{"line":20,"column":4},"end":{"line":21,"column":null}},"type":"binary-expr","locations":[{"start":{"line":20,"column":4},"end":{"line":20,"column":76}},{"start":{"line":21,"column":4},"end":{"line":21,"column":null}}],"line":20},"1":{"loc":{"start":{"line":20,"column":21},"end":{"line":20,"column":50}},"type":"binary-expr","locations":[{"start":{"line":20,"column":21},"end":{"line":20,"column":30}},{"start":{"line":20,"column":30},"end":{"line":20,"column":50}}],"line":20},"2":{"loc":{"start":{"line":30,"column":9},"end":{"line":30,"column":null}},"type":"binary-expr","locations":[{"start":{"line":30,"column":9},"end":{"line":30,"column":18}},{"start":{"line":30,"column":18},"end":{"line":30,"column":null}}],"line":30},"3":{"loc":{"start":{"line":47,"column":4},"end":{"line":48,"column":null}},"type":"binary-expr","locations":[{"start":{"line":47,"column":4},"end":{"line":47,"column":76}},{"start":{"line":48,"column":4},"end":{"line":48,"column":null}}],"line":47},"4":{"loc":{"start":{"line":47,"column":21},"end":{"line":47,"column":50}},"type":"binary-expr","locations":[{"start":{"line":47,"column":21},"end":{"line":47,"column":30}},{"start":{"line":47,"column":30},"end":{"line":47,"column":50}}],"line":47},"5":{"loc":{"start":{"line":57,"column":9},"end":{"line":57,"column":null}},"type":"binary-expr","locations":[{"start":{"line":57,"column":9},"end":{"line":57,"column":18}},{"start":{"line":57,"column":18},"end":{"line":57,"column":null}}],"line":57}},"s":{"0":4,"1":65,"2":4,"3":65,"4":4,"5":262,"6":262,"7":4,"8":26,"9":26,"10":4,"11":78},"f":{"0":65,"1":65,"2":262,"3":26,"4":78},"b":{"0":[262,0],"1":[262,13],"2":[262,13],"3":[26,0],"4":[26,0],"5":[26,0]},"meta":{"lastBranch":6,"lastFunction":5,"lastStatement":12,"seen":{"s:1:13:2:Infinity":0,"f:1:13:1:22":0,"s:2:2:2:Infinity":1,"s:5:13:6:Infinity":2,"f:5:13:5:21":1,"s:6:2:6:Infinity":3,"s:9:13:32:Infinity":4,"f:9:13:9:22":2,"s:20:4:21:Infinity":5,"b:20:4:20:76:21:4:21:Infinity":0,"b:20:21:20:30:20:30:20:50":1,"s:23:2:32:Infinity":6,"b:30:9:30:18:30:18:30:Infinity":2,"s:36:13:59:Infinity":7,"f:36:13:36:30":3,"s:47:4:48:Infinity":8,"b:47:4:47:76:48:4:48:Infinity":3,"b:47:21:47:30:47:30:47:50":4,"s:50:2:59:Infinity":9,"b:57:9:57:18:57:18:57:Infinity":5,"s:63:13:64:Infinity":10,"f:63:13:63:23":4,"s:64:2:64:Infinity":11}}}
,"C:\\Users\\Sebas Berrios\\OneDrive\\Escritorio\\Lyfter\\duad_sebas\\duad_sebas\\react\\paw-store\\src\\components\\Forms\\LoginForm.jsx": {"path":"C:\\Users\\Sebas Berrios\\OneDrive\\Escritorio\\Lyfter\\duad_sebas\\duad_sebas\\react\\paw-store\\src\\components\\Forms\\LoginForm.jsx","statementMap":{"0":{"start":{"line":13,"column":4},"end":{"line":14,"column":15}},"1":{"start":{"line":16,"column":17},"end":{"line":16,"column":41}},"2":{"start":{"line":18,"column":8},"end":{"line":18,"column":32}},"3":{"start":{"line":20,"column":27},"end":{"line":24,"column":null}},"4":{"start":{"line":21,"column":20},"end":{"line":21,"column":37}},"5":{"start":{"line":22,"column":4},"end":{"line":24,"column":null}},"6":{"start":{"line":23,"column":6},"end":{"line":23,"column":null}},"7":{"start":{"line":24,"column":6},"end":{"line":24,"column":null}},"8":{"start":{"line":28,"column":2},"end":{"line":84,"column":null}},"9":{"start":{"line":77,"column":29},"end":{"line":77,"column":50}}},"fnMap":{"0":{"name":"LoginForm","decl":{"start":{"line":8,"column":16},"end":{"line":8,"column":28}},"loc":{"start":{"line":8,"column":28},"end":{"line":84,"column":null}},"line":8},"1":{"name":"(anonymous_1)","decl":{"start":{"line":20,"column":27},"end":{"line":20,"column":34}},"loc":{"start":{"line":20,"column":43},"end":{"line":24,"column":null}},"line":20},"2":{"name":"(anonymous_2)","decl":{"start":{"line":77,"column":14},"end":{"line":77,"column":29}},"loc":{"start":{"line":77,"column":29},"end":{"line":77,"column":50}},"line":77}},"branchMap":{"0":{"loc":{"start":{"line":22,"column":4},"end":{"line":24,"column":null}},"type":"if","locations":[{"start":{"line":22,"column":4},"end":{"line":24,"column":null}},{"start":{},"end":{}}],"line":22},"1":{"loc":{"start":{"line":35,"column":9},"end":{"line":35,"column":null}},"type":"binary-expr","locations":[{"start":{"line":35,"column":9},"end":{"line":35,"column":23}},{"start":{"line":35,"column":23},"end":{"line":35,"column":null}}],"line":35},"2":{"loc":{"start":{"line":45,"column":17},"end":{"line":45,"column":null}},"type":"cond-expr","locations":[{"start":{"line":45,"column":32},"end":{"line":45,"column":67}},{"start":{"line":45,"column":67},"end":{"line":45,"column":null}}],"line":45},"3":{"loc":{"start":{"line":59,"column":17},"end":{"line":59,"column":null}},"type":"cond-expr","locations":[{"start":{"line":59,"column":35},"end":{"line":59,"column":62}},{"start":{"line":59,"column":62},"end":{"line":59,"column":null}}],"line":59}},"s":{"0":12,"1":12,"2":12,"3":12,"4":1,"5":1,"6":1,"7":1,"8":12,"9":1},"f":{"0":12,"1":1,"2":1},"b":{"0":[1,0],"1":[12,2],"2":[1,11],"3":[1,11]},"meta":{"lastBranch":4,"lastFunction":3,"lastStatement":10,"seen":{"f:8:16:8:28":0,"s:13:4:14:15":0,"s:16:17:16:41":1,"s:18:8:18:32":2,"s:20:27:24:Infinity":3,"f:20:27:20:34":1,"s:21:20:21:37":4,"b:22:4:24:Infinity:undefined:undefined:undefined:undefined":0,"s:22:4:24:Infinity":5,"s:23:6:23:Infinity":6,"s:24:6:24:Infinity":7,"s:28:2:84:Infinity":8,"b:35:9:35:23:35:23:35:Infinity":1,"b:45:32:45:67:45:67:45:Infinity":2,"b:59:35:59:62:59:62:59:Infinity":3,"f:77:14:77:29":2,"s:77:29:77:50":9}}}
,"C:\\Users\\Sebas Berrios\\OneDrive\\Escritorio\\Lyfter\\duad_sebas\\duad_sebas\\react\\paw-store\\src\\components\\Forms\\OrderSummary.module.css": {"path":"C:\\Users\\Sebas Berrios\\OneDrive\\Escritorio\\Lyfter\\duad_sebas\\duad_sebas\\react\\paw-store\\src\\components\\Forms\\OrderSummary.module.css","statementMap":{},"fnMap":{},"branchMap":{},"s":{},"f":{},"b":{},"meta":{"lastBranch":0,"lastFunction":0,"lastStatement":0,"seen":{}}}
,"C:\\Users\\Sebas Berrios\\OneDrive\\Escritorio\\Lyfter\\duad_sebas\\duad_sebas\\react\\paw-store\\src\\components\\Forms\\PurchaseInfoForm.jsx": {"path":"C:\\Users\\Sebas Berrios\\OneDrive\\Escritorio\\Lyfter\\duad_sebas\\duad_sebas\\react\\paw-store\\src\\components\\Forms\\PurchaseInfoForm.jsx","statementMap":{"0":{"start":{"line":18,"column":2},"end":{"line":40,"column":null}},"1":{"start":{"line":23,"column":10},"end":{"line":33,"column":null}},"2":{"start":{"line":49,"column":4},"end":{"line":50,"column":15}},"3":{"start":{"line":52,"column":8},"end":{"line":52,"column":74}},"4":{"start":{"line":52,"column":51},"end":{"line":52,"column":74}},"5":{"start":{"line":54,"column":8},"end":{"line":54,"column":65}},"6":{"start":{"line":54,"column":48},"end":{"line":54,"column":65}},"7":{"start":{"line":55,"column":8},"end":{"line":56,"column":null}},"8":{"start":{"line":56,"column":15},"end":{"line":56,"column":null}},"9":{"start":{"line":58,"column":8},"end":{"line":58,"column":78}},"10":{"start":{"line":58,"column":55},"end":{"line":58,"column":78}},"11":{"start":{"line":59,"column":8},"end":{"line":59,"column":70}},"12":{"start":{"line":59,"column":51},"end":{"line":59,"column":70}},"13":{"start":{"line":60,"column":8},"end":{"line":60,"column":64}},"14":{"start":{"line":60,"column":48},"end":{"line":60,"column":64}},"15":{"start":{"line":62,"column":8},"end":{"line":63,"column":null}},"16":{"start":{"line":63,"column":15},"end":{"line":63,"column":null}},"17":{"start":{"line":65,"column":8},"end":{"line":66,"column":null}},"18":{"start":{"line":66,"column":15},"end":{"line":66,"column":null}},"19":{"start":{"line":68,"column":8},"end":{"line":69,"column":null}},"20":{"start":{"line":69,"column":15},"end":{"line":69,"column":null}},"21":{"start":{"line":72,"column":8},"end":{"line":72,"column":32}},"22":{"start":{"line":74,"column":19},"end":{"line":94,"column":null}},"23":{"start":{"line":75,"column":19},"end":{"line":77,"column":null}},"24":{"start":{"line":80,"column":4},"end":{"line":80,"column":null}},"25":{"start":{"line":80,"column":29},"end":{"line":80,"column":null}},"26":{"start":{"line":82,"column":4},"end":{"line":82,"column":null}},"27":{"start":{"line":84,"column":4},"end":{"line":94,"column":null}},"28":{"start":{"line":85,"column":6},"end":{"line":85,"column":null}},"29":{"start":{"line":86,"column":6},"end":{"line":86,"column":null}},"30":{"start":{"line":87,"column":6},"end":{"line":87,"column":null}},"31":{"start":{"line":88,"column":6},"end":{"line":88,"column":null}},"32":{"start":{"line":89,"column":6},"end":{"line":89,"column":null}},"33":{"start":{"line":91,"column":6},"end":{"line":94,"column":null}},"34":{"start":{"line":97,"column":19},"end":{"line":115,"column":null}},"35":{"start":{"line":98,"column":4},"end":{"line":115,"column":null}},"36":{"start":{"line":99,"column":22},"end":{"line":104,"column":null}},"37":{"start":{"line":106,"column":6},"end":{"line":106,"column":null}},"38":{"start":{"line":107,"column":6},"end":{"line":107,"column":null}},"39":{"start":{"line":108,"column":6},"end":{"line":108,"column":null}},"40":{"start":{"line":110,"column":6},"end":{"line":110,"column":null}},"41":{"start":{"line":112,"column":6},"end":{"line":115,"column":null}},"42":{"start":{"line":119,"column":4},"end":{"line":119,"column":null}},"43":{"start":{"line":121,"column":2},"end":{"line":219,"column":null}}},"fnMap":{"0":{"name":"OrderSummary","decl":{"start":{"line":17,"column":9},"end":{"line":17,"column":22}},"loc":{"start":{"line":17,"column":33},"end":{"line":40,"column":null}},"line":17},"1":{"name":"(anonymous_1)","decl":{"start":{"line":22,"column":15},"end":{"line":22,"column":20}},"loc":{"start":{"line":23,"column":10},"end":{"line":33,"column":null}},"line":23},"2":{"name":"PurchaseInfoForm","decl":{"start":{"line":44,"column":24},"end":{"line":44,"column":43}},"loc":{"start":{"line":44,"column":43},"end":{"line":219,"column":null}},"line":44},"3":{"name":"(anonymous_3)","decl":{"start":{"line":52,"column":23},"end":{"line":52,"column":41}},"loc":{"start":{"line":52,"column":51},"end":{"line":52,"column":74}},"line":52},"4":{"name":"(anonymous_4)","decl":{"start":{"line":54,"column":20},"end":{"line":54,"column":38}},"loc":{"start":{"line":54,"column":48},"end":{"line":54,"column":65}},"line":54},"5":{"name":"(anonymous_5)","decl":{"start":{"line":55,"column":29},"end":{"line":55,"column":null}},"loc":{"start":{"line":56,"column":15},"end":{"line":56,"column":null}},"line":56},"6":{"name":"(anonymous_6)","decl":{"start":{"line":58,"column":27},"end":{"line":58,"column":45}},"loc":{"start":{"line":58,"column":55},"end":{"line":58,"column":78}},"line":58},"7":{"name":"(anonymous_7)","decl":{"start":{"line":59,"column":23},"end":{"line":59,"column":41}},"loc":{"start":{"line":59,"column":51},"end":{"line":59,"column":70}},"line":59},"8":{"name":"(anonymous_8)","decl":{"start":{"line":60,"column":20},"end":{"line":60,"column":38}},"loc":{"start":{"line":60,"column":48},"end":{"line":60,"column":64}},"line":60},"9":{"name":"(anonymous_9)","decl":{"start":{"line":62,"column":33},"end":{"line":62,"column":null}},"loc":{"start":{"line":63,"column":15},"end":{"line":63,"column":null}},"line":63},"10":{"name":"(anonymous_10)","decl":{"start":{"line":65,"column":31},"end":{"line":65,"column":null}},"loc":{"start":{"line":66,"column":15},"end":{"line":66,"column":null}},"line":66},"11":{"name":"(anonymous_11)","decl":{"start":{"line":68,"column":28},"end":{"line":68,"column":null}},"loc":{"start":{"line":69,"column":15},"end":{"line":69,"column":null}},"line":69},"12":{"name":"(anonymous_12)","decl":{"start":{"line":74,"column":19},"end":{"line":74,"column":31}},"loc":{"start":{"line":74,"column":31},"end":{"line":94,"column":null}},"line":74},"13":{"name":"(anonymous_13)","decl":{"start":{"line":97,"column":19},"end":{"line":97,"column":26}},"loc":{"start":{"line":97,"column":35},"end":{"line":115,"column":null}},"line":97}},"branchMap":{"0":{"loc":{"start":{"line":80,"column":4},"end":{"line":80,"column":null}},"type":"if","locations":[{"start":{"line":80,"column":4},"end":{"line":80,"column":null}},{"start":{},"end":{}}],"line":80},"1":{"loc":{"start":{"line":93,"column":8},"end":{"line":93,"column":null}},"type":"binary-expr","locations":[{"start":{"line":93,"column":8},"end":{"line":93,"column":35}},{"start":{"line":93,"column":35},"end":{"line":93,"column":48}},{"start":{"line":93,"column":48},"end":{"line":93,"column":null}}],"line":93},"2":{"loc":{"start":{"line":114,"column":8},"end":{"line":114,"column":null}},"type":"binary-expr","locations":[{"start":{"line":114,"column":8},"end":{"line":114,"column":35}},{"start":{"line":114,"column":35},"end":{"line":114,"column":48}},{"start":{"line":114,"column":48},"end":{"line":114,"column":null}}],"line":114},"3":{"loc":{"start":{"line":119,"column":4},"end":{"line":119,"column":null}},"type":"binary-expr","locations":[{"start":{"line":119,"column":4},"end":{"line":119,"column":30}},{"start":{"line":119,"column":30},"end":{"line":119,"column":54}},{"start":{"line":119,"column":54},"end":{"line":119,"column":null}}],"line":119},"4":{"loc":{"start":{"line":121,"column":9},"end":{"line":219,"column":null}},"type":"cond-expr","locations":[{"start":{"line":122,"column":4},"end":{"line":122,"column":17}},{"start":{"line":124,"column":4},"end":{"line":219,"column":null}}],"line":121},"5":{"loc":{"start":{"line":142,"column":19},"end":{"line":142,"column":null}},"type":"cond-expr","locations":[{"start":{"line":142,"column":33},"end":{"line":142,"column":65}},{"start":{"line":142,"column":65},"end":{"line":142,"column":null}}],"line":142},"6":{"loc":{"start":{"line":157,"column":19},"end":{"line":157,"column":null}},"type":"cond-expr","locations":[{"start":{"line":157,"column":34},"end":{"line":157,"column":69}},{"start":{"line":157,"column":69},"end":{"line":157,"column":null}}],"line":157},"7":{"loc":{"start":{"line":172,"column":19},"end":{"line":172,"column":null}},"type":"cond-expr","locations":[{"start":{"line":172,"column":36},"end":{"line":172,"column":62}},{"start":{"line":172,"column":62},"end":{"line":172,"column":null}}],"line":172},"8":{"loc":{"start":{"line":187,"column":19},"end":{"line":187,"column":null}},"type":"cond-expr","locations":[{"start":{"line":187,"column":40},"end":{"line":187,"column":75}},{"start":{"line":187,"column":75},"end":{"line":187,"column":null}}],"line":187},"9":{"loc":{"start":{"line":207,"column":15},"end":{"line":207,"column":null}},"type":"cond-expr","locations":[{"start":{"line":207,"column":30},"end":{"line":207,"column":55}},{"start":{"line":207,"column":55},"end":{"line":207,"column":null}}],"line":207}},"s":{"0":13,"1":26,"2":16,"3":16,"4":49,"5":16,"6":49,"7":16,"8":49,"9":16,"10":49,"11":16,"12":49,"13":16,"14":49,"15":16,"16":49,"17":16,"18":49,"19":16,"20":49,"21":16,"22":16,"23":1,"24":1,"25":0,"26":1,"27":1,"28":1,"29":1,"30":1,"31":1,"32":1,"33":0,"34":16,"35":1,"36":1,"37":1,"38":1,"39":1,"40":1,"41":0,"42":16,"43":16},"f":{"0":13,"1":26,"2":16,"3":49,"4":49,"5":49,"6":49,"7":49,"8":49,"9":49,"10":49,"11":49,"12":1,"13":1},"b":{"0":[0,1],"1":[0,0,0],"2":[0,0,0],"3":[16,16,16],"4":[3,13],"5":[1,12],"6":[1,12],"7":[1,12],"8":[1,12],"9":[0,13]},"meta":{"lastBranch":10,"lastFunction":14,"lastStatement":44,"seen":{"f:17:9:17:22":0,"s:18:2:40:Infinity":0,"f:22:15:22:20":1,"s:23:10:33:Infinity":1,"f:44:24:44:43":2,"s:49:4:50:15":2,"s:52:8:52:74":3,"f:52:23:52:41":3,"s:52:51:52:74":4,"s:54:8:54:65":5,"f:54:20:54:38":4,"s:54:48:54:65":6,"s:55:8:56:Infinity":7,"f:55:29:55:Infinity":5,"s:56:15:56:Infinity":8,"s:58:8:58:78":9,"f:58:27:58:45":6,"s:58:55:58:78":10,"s:59:8:59:70":11,"f:59:23:59:41":7,"s:59:51:59:70":12,"s:60:8:60:64":13,"f:60:20:60:38":8,"s:60:48:60:64":14,"s:62:8:63:Infinity":15,"f:62:33:62:Infinity":9,"s:63:15:63:Infinity":16,"s:65:8:66:Infinity":17,"f:65:31:65:Infinity":10,"s:66:15:66:Infinity":18,"s:68:8:69:Infinity":19,"f:68:28:68:Infinity":11,"s:69:15:69:Infinity":20,"s:72:8:72:32":21,"s:74:19:94:Infinity":22,"f:74:19:74:31":12,"s:75:19:77:Infinity":23,"b:80:4:80:Infinity:undefined:undefined:undefined:undefined":0,"s:80:4:80:Infinity":24,"s:80:29:80:Infinity":25,"s:82:4:82:Infinity":26,"s:84:4:94:Infinity":27,"s:85:6:85:Infinity":28,"s:86:6:86:Infinity":29,"s:87:6:87:Infinity":30,"s:88:6:88:Infinity":31,"s:89:6:89:Infinity":32,"s:91:6:94:Infinity":33,"b:93:8:93:35:93:35:93:48:93:48:93:Infinity":1,"s:97:19:115:Infinity":34,"f:97:19:97:26":13,"s:98:4:115:Infinity":35,"s:99:22:104:Infinity":36,"s:106:6:106:Infinity":37,"s:107:6:107:Infinity":38,"s:108:6:108:Infinity":39,"s:110:6:110:Infinity":40,"s:112:6:115:Infinity":41,"b:114:8:114:35:114:35:114:48:114:48:114:Infinity":2,"s:119:4:119:Infinity":42,"b:119:4:119:30:119:30:119:54:119:54:119:Infinity":3,"s:121:2:219:Infinity":43,"b:122:4:122:17:124:4:219:Infinity":4,"b:142:33:142:65:142:65:142:Infinity":5,"b:157:34:157:69:157:69:157:Infinity":6,"b:172:36:172:62:172:62:172:Infinity":7,"b:187:40:187:75:187:75:187:Infinity":8,"b:207:30:207:55:207:55:207:Infinity":9}}}
,"C:\\Users\\Sebas Berrios\\OneDrive\\Escritorio\\Lyfter\\duad_sebas\\duad_sebas\\react\\paw-store\\src\\components\\Forms\\RegisterForm.jsx": {"path":"C:\\Users\\Sebas Berrios\\OneDrive\\Escritorio\\Lyfter\\duad_sebas\\duad_sebas\\react\\paw-store\\src\\components\\Forms\\RegisterForm.jsx","statementMap":{"0":{"start":{"line":14,"column":4},"end":{"line":15,"column":15}},"1":{"start":{"line":17,"column":24},"end":{"line":17,"column":51}},"2":{"start":{"line":18,"column":8},"end":{"line":18,"column":32}},"3":{"start":{"line":20,"column":19},"end":{"line":20,"column":36}},"4":{"start":{"line":22,"column":27},"end":{"line":26,"column":null}},"5":{"start":{"line":23,"column":20},"end":{"line":23,"column":44}},"6":{"start":{"line":24,"column":4},"end":{"line":26,"column":null}},"7":{"start":{"line":25,"column":6},"end":{"line":25,"column":null}},"8":{"start":{"line":26,"column":6},"end":{"line":26,"column":null}},"9":{"start":{"line":29,"column":2},"end":{"line":128,"column":null}},"10":{"start":{"line":103,"column":16},"end":{"line":103,"column":null}},"11":{"start":{"line":121,"column":29},"end":{"line":121,"column":47}}},"fnMap":{"0":{"name":"RegisterForm","decl":{"start":{"line":8,"column":16},"end":{"line":8,"column":31}},"loc":{"start":{"line":8,"column":31},"end":{"line":128,"column":null}},"line":8},"1":{"name":"(anonymous_1)","decl":{"start":{"line":22,"column":27},"end":{"line":22,"column":34}},"loc":{"start":{"line":22,"column":43},"end":{"line":26,"column":null}},"line":22},"2":{"name":"(anonymous_2)","decl":{"start":{"line":102,"column":14},"end":{"line":102,"column":25}},"loc":{"start":{"line":103,"column":16},"end":{"line":103,"column":null}},"line":103},"3":{"name":"(anonymous_3)","decl":{"start":{"line":121,"column":14},"end":{"line":121,"column":29}},"loc":{"start":{"line":121,"column":29},"end":{"line":121,"column":47}},"line":121}},"branchMap":{"0":{"loc":{"start":{"line":24,"column":4},"end":{"line":26,"column":null}},"type":"if","locations":[{"start":{"line":24,"column":4},"end":{"line":26,"column":null}},{"start":{},"end":{}}],"line":24},"1":{"loc":{"start":{"line":36,"column":9},"end":{"line":36,"column":null}},"type":"binary-expr","locations":[{"start":{"line":36,"column":9},"end":{"line":36,"column":26}},{"start":{"line":36,"column":26},"end":{"line":36,"column":null}}],"line":36},"2":{"loc":{"start":{"line":103,"column":16},"end":{"line":103,"column":null}},"type":"binary-expr","locations":[{"start":{"line":103,"column":16},"end":{"line":103,"column":38}},{"start":{"line":103,"column":38},"end":{"line":103,"column":null}}],"line":103}},"s":{"0":14,"1":14,"2":14,"3":14,"4":14,"5":0,"6":0,"7":0,"8":0,"9":14,"10":1,"11":1},"f":{"0":14,"1":0,"2":1,"3":1},"b":{"0":[0,0],"1":[14,0],"2":[1,1]},"meta":{"lastBranch":3,"lastFunction":4,"lastStatement":12,"seen":{"f:8:16:8:31":0,"s:14:4:15:15":0,"s:17:24:17:51":1,"s:18:8:18:32":2,"s:20:19:20:36":3,"s:22:27:26:Infinity":4,"f:22:27:22:34":1,"s:23:20:23:44":5,"b:24:4:26:Infinity:undefined:undefined:undefined:undefined":0,"s:24:4:26:Infinity":6,"s:25:6:25:Infinity":7,"s:26:6:26:Infinity":8,"s:29:2:128:Infinity":9,"b:36:9:36:26:36:26:36:Infinity":1,"f:102:14:102:25":2,"s:103:16:103:Infinity":10,"b:103:16:103:38:103:38:103:Infinity":2,"f:121:14:121:29":3,"s:121:29:121:47":11}}}
,"C:\\Users\\Sebas Berrios\\OneDrive\\Escritorio\\Lyfter\\duad_sebas\\duad_sebas\\react\\paw-store\\src\\components\\Messages-States\\Alerts.jsx": {"path":"C:\\Users\\Sebas Berrios\\OneDrive\\Escritorio\\Lyfter\\duad_sebas\\duad_sebas\\react\\paw-store\\src\\components\\Messages-States\\Alerts.jsx","statementMap":{"0":{"start":{"line":3,"column":13},"end":{"line":9,"column":null}},"1":{"start":{"line":4,"column":2},"end":{"line":9,"column":null}},"2":{"start":{"line":12,"column":13},"end":{"line":18,"column":null}},"3":{"start":{"line":13,"column":2},"end":{"line":18,"column":null}},"4":{"start":{"line":21,"column":13},"end":{"line":30,"column":null}},"5":{"start":{"line":22,"column":2},"end":{"line":30,"column":null}},"6":{"start":{"line":33,"column":13},"end":{"line":38,"column":null}},"7":{"start":{"line":34,"column":2},"end":{"line":38,"column":null}},"8":{"start":{"line":37,"column":19},"end":{"line":37,"column":null}},"9":{"start":{"line":41,"column":13},"end":{"line":42,"column":null}},"10":{"start":{"line":42,"column":2},"end":{"line":42,"column":null}}},"fnMap":{"0":{"name":"(anonymous_0)","decl":{"start":{"line":3,"column":13},"end":{"line":3,"column":31}},"loc":{"start":{"line":3,"column":47},"end":{"line":9,"column":null}},"line":3},"1":{"name":"(anonymous_1)","decl":{"start":{"line":12,"column":13},"end":{"line":12,"column":33}},"loc":{"start":{"line":12,"column":49},"end":{"line":18,"column":null}},"line":12},"2":{"name":"(anonymous_2)","decl":{"start":{"line":21,"column":13},"end":{"line":21,"column":33}},"loc":{"start":{"line":21,"column":49},"end":{"line":30,"column":null}},"line":21},"3":{"name":"(anonymous_3)","decl":{"start":{"line":33,"column":13},"end":{"line":33,"column":33}},"loc":{"start":{"line":33,"column":43},"end":{"line":38,"column":null}},"line":33},"4":{"name":"(anonymous_4)","decl":{"start":{"line":37,"column":4},"end":{"line":37,"column":19}},"loc":{"start":{"line":37,"column":19},"end":{"line":37,"column":null}},"line":37},"5":{"name":"(anonymous_5)","decl":{"start":{"line":41,"column":13},"end":{"line":41,"column":32}},"loc":{"start":{"line":41,"column":32},"end":{"line":42,"column":null}},"line":41}},"branchMap":{},"s":{"0":1,"1":0,"2":1,"3":1,"4":1,"5":0,"6":1,"7":0,"8":0,"9":1,"10":0},"f":{"0":0,"1":1,"2":0,"3":0,"4":0,"5":0},"b":{},"meta":{"lastBranch":0,"lastFunction":6,"lastStatement":11,"seen":{"s:3:13:9:Infinity":0,"f:3:13:3:31":0,"s:4:2:9:Infinity":1,"s:12:13:18:Infinity":2,"f:12:13:12:33":1,"s:13:2:18:Infinity":3,"s:21:13:30:Infinity":4,"f:21:13:21:33":2,"s:22:2:30:Infinity":5,"s:33:13:38:Infinity":6,"f:33:13:33:33":3,"s:34:2:38:Infinity":7,"f:37:4:37:19":4,"s:37:19:37:Infinity":8,"s:41:13:42:Infinity":9,"f:41:13:41:32":5,"s:42:2:42:Infinity":10}}}
,"C:\\Users\\Sebas Berrios\\OneDrive\\Escritorio\\Lyfter\\duad_sebas\\duad_sebas\\react\\paw-store\\src\\components\\Messages-States\\Error.jsx": {"path":"C:\\Users\\Sebas Berrios\\OneDrive\\Escritorio\\Lyfter\\duad_sebas\\duad_sebas\\react\\paw-store\\src\\components\\Messages-States\\Error.jsx","statementMap":{"0":{"start":{"line":5,"column":2},"end":{"line":10,"column":null}},"1":{"start":{"line":15,"column":2},"end":{"line":15,"column":null}}},"fnMap":{"0":{"name":"ErrorPage","decl":{"start":{"line":4,"column":16},"end":{"line":4,"column":26}},"loc":{"start":{"line":4,"column":36},"end":{"line":10,"column":null}},"line":4},"1":{"name":"ErrorMessage","decl":{"start":{"line":14,"column":16},"end":{"line":14,"column":29}},"loc":{"start":{"line":14,"column":39},"end":{"line":15,"column":null}},"line":14}},"branchMap":{},"s":{"0":3,"1":0},"f":{"0":3,"1":0},"b":{},"meta":{"lastBranch":0,"lastFunction":2,"lastStatement":2,"seen":{"f:4:16:4:26":0,"s:5:2:10:Infinity":0,"f:14:16:14:29":1,"s:15:2:15:Infinity":1}}}
,"C:\\Users\\Sebas Berrios\\OneDrive\\Escritorio\\Lyfter\\duad_sebas\\duad_sebas\\react\\paw-store\\src\\components\\Messages-States\\Loading.jsx": {"path":"C:\\Users\\Sebas Berrios\\OneDrive\\Escritorio\\Lyfter\\duad_sebas\\duad_sebas\\react\\paw-store\\src\\components\\Messages-States\\Loading.jsx","statementMap":{"0":{"start":{"line":5,"column":2},"end":{"line":11,"column":null}},"1":{"start":{"line":16,"column":2},"end":{"line":16,"column":null}}},"fnMap":{"0":{"name":"LoadingPage","decl":{"start":{"line":4,"column":16},"end":{"line":4,"column":28}},"loc":{"start":{"line":4,"column":41},"end":{"line":11,"column":null}},"line":4},"1":{"name":"LoadingComponent","decl":{"start":{"line":15,"column":16},"end":{"line":15,"column":35}},"loc":{"start":{"line":15,"column":35},"end":{"line":16,"column":null}},"line":15}},"branchMap":{},"s":{"0":3,"1":0},"f":{"0":3,"1":0},"b":{},"meta":{"lastBranch":0,"lastFunction":2,"lastStatement":2,"seen":{"f:4:16:4:28":0,"s:5:2:11:Infinity":0,"f:15:16:15:35":1,"s:16:2:16:Infinity":1}}}
,"C:\\Users\\Sebas Berrios\\OneDrive\\Escritorio\\Lyfter\\duad_sebas\\duad_sebas\\react\\paw-store\\src\\components\\Messages-States\\MessagesStates.module.css": {"path":"C:\\Users\\Sebas Berrios\\OneDrive\\Escritorio\\Lyfter\\duad_sebas\\duad_sebas\\react\\paw-store\\src\\components\\Messages-States\\MessagesStates.module.css","statementMap":{},"fnMap":{},"branchMap":{},"s":{},"f":{},"b":{},"meta":{"lastBranch":0,"lastFunction":0,"lastStatement":0,"seen":{}}}
,"C:\\Users\\Sebas Berrios\\OneDrive\\Escritorio\\Lyfter\\duad_sebas\\duad_sebas\\react\\paw-store\\src\\components\\Messages-States\\PurchaseSuccess.jsx": {"path":"C:\\Users\\Sebas Berrios\\OneDrive\\Escritorio\\Lyfter\\duad_sebas\\duad_sebas\\react\\paw-store\\src\\components\\Messages-States\\PurchaseSuccess.jsx","statementMap":{"0":{"start":{"line":5,"column":6},"end":{"line":14,"column":null}},"1":{"start":{"line":6,"column":2},"end":{"line":14,"column":null}},"2":{"start":{"line":19,"column":2},"end":{"line":28,"column":null}}},"fnMap":{"0":{"name":"(anonymous_0)","decl":{"start":{"line":5,"column":6},"end":{"line":5,"column":13}},"loc":{"start":{"line":5,"column":31},"end":{"line":14,"column":null}},"line":5},"1":{"name":"PurchaseSuccess","decl":{"start":{"line":18,"column":24},"end":{"line":18,"column":42}},"loc":{"start":{"line":18,"column":42},"end":{"line":28,"column":null}},"line":18}},"branchMap":{},"s":{"0":1,"1":7,"2":7},"f":{"0":7,"1":7},"b":{},"meta":{"lastBranch":0,"lastFunction":2,"lastStatement":3,"seen":{"s:5:6:14:Infinity":0,"f:5:6:5:13":0,"s:6:2:14:Infinity":1,"f:18:24:18:42":1,"s:19:2:28:Infinity":2}}}
,"C:\\Users\\Sebas Berrios\\OneDrive\\Escritorio\\Lyfter\\duad_sebas\\duad_sebas\\react\\paw-store\\src\\components\\Messages-States\\Restricted.jsx": {"path":"C:\\Users\\Sebas Berrios\\OneDrive\\Escritorio\\Lyfter\\duad_sebas\\duad_sebas\\react\\paw-store\\src\\components\\Messages-States\\Restricted.jsx","statementMap":{"0":{"start":{"line":6,"column":13},"end":{"line":7,"column":null}},"1":{"start":{"line":7,"column":2},"end":{"line":7,"column":null}},"2":{"start":{"line":9,"column":13},"end":{"line":10,"column":null}},"3":{"start":{"line":10,"column":2},"end":{"line":10,"column":null}},"4":{"start":{"line":12,"column":13},"end":{"line":13,"column":null}},"5":{"start":{"line":13,"column":2},"end":{"line":13,"column":null}},"6":{"start":{"line":15,"column":13},"end":{"line":18,"column":null}},"7":{"start":{"line":16,"column":2},"end":{"line":18,"column":null}},"8":{"start":{"line":22,"column":2},"end":{"line":34,"column":null}},"9":{"start":{"line":39,"column":8},"end":{"line":39,"column":32}},"10":{"start":{"line":40,"column":16},"end":{"line":46,"column":null}},"11":{"start":{"line":45,"column":25},"end":{"line":45,"column":null}},"12":{"start":{"line":47,"column":2},"end":{"line":47,"column":null}},"13":{"start":{"line":51,"column":8},"end":{"line":51,"column":32}},"14":{"start":{"line":52,"column":16},"end":{"line":58,"column":null}},"15":{"start":{"line":57,"column":25},"end":{"line":57,"column":null}},"16":{"start":{"line":59,"column":2},"end":{"line":59,"column":null}}},"fnMap":{"0":{"name":"(anonymous_0)","decl":{"start":{"line":6,"column":13},"end":{"line":6,"column":20}},"loc":{"start":{"line":7,"column":2},"end":{"line":7,"column":null}},"line":7},"1":{"name":"(anonymous_1)","decl":{"start":{"line":9,"column":13},"end":{"line":9,"column":22}},"loc":{"start":{"line":10,"column":2},"end":{"line":10,"column":null}},"line":10},"2":{"name":"(anonymous_2)","decl":{"start":{"line":12,"column":13},"end":{"line":12,"column":24}},"loc":{"start":{"line":13,"column":2},"end":{"line":13,"column":null}},"line":13},"3":{"name":"(anonymous_3)","decl":{"start":{"line":15,"column":13},"end":{"line":15,"column":23}},"loc":{"start":{"line":16,"column":2},"end":{"line":18,"column":null}},"line":16},"4":{"name":"LayoutRestricted","decl":{"start":{"line":21,"column":16},"end":{"line":21,"column":33}},"loc":{"start":{"line":21,"column":44},"end":{"line":34,"column":null}},"line":21},"5":{"name":"NoLoggedWarning","decl":{"start":{"line":38,"column":16},"end":{"line":38,"column":34}},"loc":{"start":{"line":38,"column":34},"end":{"line":47,"column":null}},"line":38},"6":{"name":"(anonymous_6)","decl":{"start":{"line":45,"column":4},"end":{"line":45,"column":25}},"loc":{"start":{"line":45,"column":25},"end":{"line":45,"column":null}},"line":45},"7":{"name":"NoAdminWarning","decl":{"start":{"line":50,"column":16},"end":{"line":50,"column":33}},"loc":{"start":{"line":50,"column":33},"end":{"line":59,"column":null}},"line":50},"8":{"name":"(anonymous_8)","decl":{"start":{"line":57,"column":4},"end":{"line":57,"column":25}},"loc":{"start":{"line":57,"column":25},"end":{"line":57,"column":null}},"line":57}},"branchMap":{},"s":{"0":1,"1":0,"2":1,"3":7,"4":1,"5":7,"6":1,"7":0,"8":0,"9":0,"10":0,"11":0,"12":0,"13":0,"14":0,"15":0,"16":0},"f":{"0":0,"1":7,"2":7,"3":0,"4":0,"5":0,"6":0,"7":0,"8":0},"b":{},"meta":{"lastBranch":0,"lastFunction":9,"lastStatement":17,"seen":{"s:6:13:7:Infinity":0,"f:6:13:6:20":0,"s:7:2:7:Infinity":1,"s:9:13:10:Infinity":2,"f:9:13:9:22":1,"s:10:2:10:Infinity":3,"s:12:13:13:Infinity":4,"f:12:13:12:24":2,"s:13:2:13:Infinity":5,"s:15:13:18:Infinity":6,"f:15:13:15:23":3,"s:16:2:18:Infinity":7,"f:21:16:21:33":4,"s:22:2:34:Infinity":8,"f:38:16:38:34":5,"s:39:8:39:32":9,"s:40:16:46:Infinity":10,"f:45:4:45:25":6,"s:45:25:45:Infinity":11,"s:47:2:47:Infinity":12,"f:50:16:50:33":7,"s:51:8:51:32":13,"s:52:16:58:Infinity":14,"f:57:4:57:25":8,"s:57:25:57:Infinity":15,"s:59:2:59:Infinity":16}}}
,"C:\\Users\\Sebas Berrios\\OneDrive\\Escritorio\\Lyfter\\duad_sebas\\duad_sebas\\react\\paw-store\\src\\components\\Products\\NoProductsMessage.jsx": {"path":"C:\\Users\\Sebas Berrios\\OneDrive\\Escritorio\\Lyfter\\duad_sebas\\duad_sebas\\react\\paw-store\\src\\components\\Products\\NoProductsMessage.jsx","statementMap":{"0":{"start":{"line":6,"column":2},"end":{"line":18,"column":null}}},"fnMap":{"0":{"name":"NoProductsMessage","decl":{"start":{"line":5,"column":16},"end":{"line":5,"column":36}},"loc":{"start":{"line":5,"column":36},"end":{"line":18,"column":null}},"line":5}},"branchMap":{},"s":{"0":3},"f":{"0":3},"b":{},"meta":{"lastBranch":0,"lastFunction":1,"lastStatement":1,"seen":{"f:5:16:5:36":0,"s:6:2:18:Infinity":0}}}
,"C:\\Users\\Sebas Berrios\\OneDrive\\Escritorio\\Lyfter\\duad_sebas\\duad_sebas\\react\\paw-store\\src\\components\\Products\\NoProductsMessage.module.css": {"path":"C:\\Users\\Sebas Berrios\\OneDrive\\Escritorio\\Lyfter\\duad_sebas\\duad_sebas\\react\\paw-store\\src\\components\\Products\\NoProductsMessage.module.css","statementMap":{},"fnMap":{},"branchMap":{},"s":{},"f":{},"b":{},"meta":{"lastBranch":0,"lastFunction":0,"lastStatement":0,"seen":{}}}
,"C:\\Users\\Sebas Berrios\\OneDrive\\Escritorio\\Lyfter\\duad_sebas\\duad_sebas\\react\\paw-store\\src\\components\\Products\\ProductCard.jsx": {"path":"C:\\Users\\Sebas Berrios\\OneDrive\\Escritorio\\Lyfter\\duad_sebas\\duad_sebas\\react\\paw-store\\src\\components\\Products\\ProductCard.jsx","statementMap":{"0":{"start":{"line":5,"column":2},"end":{"line":23,"column":null}},"1":{"start":{"line":18,"column":25},"end":{"line":18,"column":47}}},"fnMap":{"0":{"name":"ProductCard","decl":{"start":{"line":4,"column":16},"end":{"line":4,"column":28}},"loc":{"start":{"line":4,"column":56},"end":{"line":23,"column":null}},"line":4},"1":{"name":"(anonymous_1)","decl":{"start":{"line":18,"column":10},"end":{"line":18,"column":25}},"loc":{"start":{"line":18,"column":25},"end":{"line":18,"column":47}},"line":18}},"branchMap":{},"s":{"0":9,"1":1},"f":{"0":9,"1":1},"b":{},"meta":{"lastBranch":0,"lastFunction":2,"lastStatement":2,"seen":{"f:4:16:4:28":0,"s:5:2:23:Infinity":0,"f:18:10:18:25":1,"s:18:25:18:47":1}}}
,"C:\\Users\\Sebas Berrios\\OneDrive\\Escritorio\\Lyfter\\duad_sebas\\duad_sebas\\react\\paw-store\\src\\components\\Products\\ProductCard.module.css": {"path":"C:\\Users\\Sebas Berrios\\OneDrive\\Escritorio\\Lyfter\\duad_sebas\\duad_sebas\\react\\paw-store\\src\\components\\Products\\ProductCard.module.css","statementMap":{},"fnMap":{},"branchMap":{},"s":{},"f":{},"b":{},"meta":{"lastBranch":0,"lastFunction":0,"lastStatement":0,"seen":{}}}
,"C:\\Users\\Sebas Berrios\\OneDrive\\Escritorio\\Lyfter\\duad_sebas\\duad_sebas\\react\\paw-store\\src\\components\\PurchaseFlow\\ContinueCard.jsx": {"path":"C:\\Users\\Sebas Berrios\\OneDrive\\Escritorio\\Lyfter\\duad_sebas\\duad_sebas\\react\\paw-store\\src\\components\\PurchaseFlow\\ContinueCard.jsx","statementMap":{"0":{"start":{"line":4,"column":2},"end":{"line":17,"column":null}}},"fnMap":{"0":{"name":"ContinueCard","decl":{"start":{"line":3,"column":16},"end":{"line":3,"column":29}},"loc":{"start":{"line":3,"column":76},"end":{"line":17,"column":null}},"line":3}},"branchMap":{"0":{"loc":{"start":{"line":12,"column":18},"end":{"line":12,"column":null}},"type":"binary-expr","locations":[{"start":{"line":12,"column":18},"end":{"line":12,"column":31}},{"start":{"line":12,"column":31},"end":{"line":12,"column":null}}],"line":12},"1":{"loc":{"start":{"line":15,"column":9},"end":{"line":15,"column":null}},"type":"cond-expr","locations":[{"start":{"line":15,"column":21},"end":{"line":15,"column":40}},{"start":{"line":15,"column":40},"end":{"line":15,"column":null}}],"line":15}},"s":{"0":9},"f":{"0":9},"b":{"0":[9,8],"1":[1,8]},"meta":{"lastBranch":2,"lastFunction":1,"lastStatement":1,"seen":{"f:3:16:3:29":0,"s:4:2:17:Infinity":0,"b:12:18:12:31:12:31:12:Infinity":0,"b:15:21:15:40:15:40:15:Infinity":1}}}
,"C:\\Users\\Sebas Berrios\\OneDrive\\Escritorio\\Lyfter\\duad_sebas\\duad_sebas\\react\\paw-store\\src\\components\\PurchaseFlow\\ContinueCard.module.css": {"path":"C:\\Users\\Sebas Berrios\\OneDrive\\Escritorio\\Lyfter\\duad_sebas\\duad_sebas\\react\\paw-store\\src\\components\\PurchaseFlow\\ContinueCard.module.css","statementMap":{},"fnMap":{},"branchMap":{},"s":{},"f":{},"b":{},"meta":{"lastBranch":0,"lastFunction":0,"lastStatement":0,"seen":{}}}
,"C:\\Users\\Sebas Berrios\\OneDrive\\Escritorio\\Lyfter\\duad_sebas\\duad_sebas\\react\\paw-store\\src\\components\\PurchaseFlow\\ItemCart.jsx": {"path":"C:\\Users\\Sebas Berrios\\OneDrive\\Escritorio\\Lyfter\\duad_sebas\\duad_sebas\\react\\paw-store\\src\\components\\PurchaseFlow\\ItemCart.jsx","statementMap":{"0":{"start":{"line":4,"column":13},"end":{"line":43,"column":null}},"1":{"start":{"line":5,"column":2},"end":{"line":43,"column":null}},"2":{"start":{"line":54,"column":2},"end":{"line":89,"column":null}}},"fnMap":{"0":{"name":"(anonymous_0)","decl":{"start":{"line":4,"column":13},"end":{"line":4,"column":32}},"loc":{"start":{"line":4,"column":73},"end":{"line":43,"column":null}},"line":4},"1":{"name":"ItemCart","decl":{"start":{"line":47,"column":16},"end":{"line":47,"column":25}},"loc":{"start":{"line":53,"column":3},"end":{"line":89,"column":null}},"line":53}},"branchMap":{},"s":{"0":2,"1":18,"2":14},"f":{"0":18,"1":14},"b":{},"meta":{"lastBranch":0,"lastFunction":2,"lastStatement":3,"seen":{"s:4:13:43:Infinity":0,"f:4:13:4:32":0,"s:5:2:43:Infinity":1,"f:47:16:47:25":1,"s:54:2:89:Infinity":2}}}
,"C:\\Users\\Sebas Berrios\\OneDrive\\Escritorio\\Lyfter\\duad_sebas\\duad_sebas\\react\\paw-store\\src\\components\\PurchaseFlow\\ItemCart.module.css": {"path":"C:\\Users\\Sebas Berrios\\OneDrive\\Escritorio\\Lyfter\\duad_sebas\\duad_sebas\\react\\paw-store\\src\\components\\PurchaseFlow\\ItemCart.module.css","statementMap":{},"fnMap":{},"branchMap":{},"s":{},"f":{},"b":{},"meta":{"lastBranch":0,"lastFunction":0,"lastStatement":0,"seen":{}}}
,"C:\\Users\\Sebas Berrios\\OneDrive\\Escritorio\\Lyfter\\duad_sebas\\duad_sebas\\react\\paw-store\\src\\components\\PurchaseFlow\\PurchaseSummary.jsx": {"path":"C:\\Users\\Sebas Berrios\\OneDrive\\Escritorio\\Lyfter\\duad_sebas\\duad_sebas\\react\\paw-store\\src\\components\\PurchaseFlow\\PurchaseSummary.jsx","statementMap":{"0":{"start":{"line":5,"column":6},"end":{"line":19,"column":null}},"1":{"start":{"line":6,"column":2},"end":{"line":19,"column":null}},"2":{"start":{"line":10,"column":10},"end":{"line":16,"column":null}},"3":{"start":{"line":23,"column":6},"end":{"line":38,"column":null}},"4":{"start":{"line":24,"column":2},"end":{"line":38,"column":null}},"5":{"start":{"line":27,"column":8},"end":{"line":36,"column":null}},"6":{"start":{"line":29,"column":12},"end":{"line":34,"column":null}},"7":{"start":{"line":43,"column":18},"end":{"line":58,"column":null}},"8":{"start":{"line":50,"column":23},"end":{"line":50,"column":null}},"9":{"start":{"line":56,"column":23},"end":{"line":56,"column":null}},"10":{"start":{"line":60,"column":2},"end":{"line":71,"column":null}}},"fnMap":{"0":{"name":"(anonymous_0)","decl":{"start":{"line":5,"column":6},"end":{"line":5,"column":19}},"loc":{"start":{"line":5,"column":35},"end":{"line":19,"column":null}},"line":5},"1":{"name":"(anonymous_1)","decl":{"start":{"line":9,"column":17},"end":{"line":9,"column":22}},"loc":{"start":{"line":10,"column":10},"end":{"line":16,"column":null}},"line":10},"2":{"name":"(anonymous_2)","decl":{"start":{"line":23,"column":6},"end":{"line":23,"column":19}},"loc":{"start":{"line":23,"column":41},"end":{"line":38,"column":null}},"line":23},"3":{"name":"(anonymous_3)","decl":{"start":{"line":26,"column":12},"end":{"line":26,"column":17}},"loc":{"start":{"line":27,"column":8},"end":{"line":36,"column":null}},"line":27},"4":{"name":"(anonymous_4)","decl":{"start":{"line":28,"column":19},"end":{"line":28,"column":24}},"loc":{"start":{"line":29,"column":12},"end":{"line":34,"column":null}},"line":29},"5":{"name":"PurchaseSummary","decl":{"start":{"line":42,"column":24},"end":{"line":42,"column":40}},"loc":{"start":{"line":42,"column":58},"end":{"line":71,"column":null}},"line":42},"6":{"name":"(anonymous_6)","decl":{"start":{"line":50,"column":6},"end":{"line":50,"column":15}},"loc":{"start":{"line":50,"column":23},"end":{"line":50,"column":null}},"line":50},"7":{"name":"(anonymous_7)","decl":{"start":{"line":56,"column":6},"end":{"line":56,"column":15}},"loc":{"start":{"line":56,"column":23},"end":{"line":56,"column":null}},"line":56}},"branchMap":{"0":{"loc":{"start":{"line":31,"column":47},"end":{"line":31,"column":null}},"type":"cond-expr","locations":[{"start":{"line":31,"column":74},"end":{"line":31,"column":94}},{"start":{"line":31,"column":94},"end":{"line":31,"column":null}}],"line":31},"1":{"loc":{"start":{"line":33,"column":15},"end":{"line":33,"column":null}},"type":"cond-expr","locations":[{"start":{"line":33,"column":31},"end":{"line":33,"column":49}},{"start":{"line":33,"column":52},"end":{"line":33,"column":null}}],"line":33},"2":{"loc":{"start":{"line":27,"column":17},"end":{"line":27,"column":43}},"type":"binary-expr","locations":[{"start":{"line":27,"column":17},"end":{"line":27,"column":27}},{"start":{"line":27,"column":27},"end":{"line":27,"column":43}}],"line":27}},"s":{"0":2,"1":14,"2":56,"3":2,"4":14,"5":21,"6":84,"7":14,"8":21,"9":21,"10":14},"f":{"0":14,"1":56,"2":14,"3":21,"4":84,"5":14,"6":21,"7":21},"b":{"0":[63,21],"1":[42,42],"2":[21,0]},"meta":{"lastBranch":3,"lastFunction":8,"lastStatement":11,"seen":{"s:5:6:19:Infinity":0,"f:5:6:5:19":0,"s:6:2:19:Infinity":1,"f:9:17:9:22":1,"s:10:10:16:Infinity":2,"s:23:6:38:Infinity":3,"f:23:6:23:19":2,"s:24:2:38:Infinity":4,"f:26:12:26:17":3,"s:27:8:36:Infinity":5,"f:28:19:28:24":4,"s:29:12:34:Infinity":6,"b:31:74:31:94:31:94:31:Infinity":0,"b:33:31:33:49:33:52:33:Infinity":1,"b:27:17:27:27:27:27:27:43":2,"f:42:24:42:40":5,"s:43:18:58:Infinity":7,"f:50:6:50:15":6,"s:50:23:50:Infinity":8,"f:56:6:56:15":7,"s:56:23:56:Infinity":9,"s:60:2:71:Infinity":10}}}
,"C:\\Users\\Sebas Berrios\\OneDrive\\Escritorio\\Lyfter\\duad_sebas\\duad_sebas\\react\\paw-store\\src\\components\\PurchaseFlow\\PurchaseSummary.module.css": {"path":"C:\\Users\\Sebas Berrios\\OneDrive\\Escritorio\\Lyfter\\duad_sebas\\duad_sebas\\react\\paw-store\\src\\components\\PurchaseFlow\\PurchaseSummary.module.css","statementMap":{},"fnMap":{},"branchMap":{},"s":{},"f":{},"b":{},"meta":{"lastBranch":0,"lastFunction":0,"lastStatement":0,"seen":{}}}
,"C:\\Users\\Sebas Berrios\\OneDrive\\Escritorio\\Lyfter\\duad_sebas\\duad_sebas\\react\\paw-store\\src\\components\\Static\\Navbar.jsx": {"path":"C:\\Users\\Sebas Berrios\\OneDrive\\Escritorio\\Lyfter\\duad_sebas\\duad_sebas\\react\\paw-store\\src\\components\\Static\\Navbar.jsx","statementMap":{"0":{"start":{"line":10,"column":35},"end":{"line":10,"column":61}},"1":{"start":{"line":11,"column":8},"end":{"line":11,"column":32}},"2":{"start":{"line":13,"column":2},"end":{"line":95,"column":null}},"3":{"start":{"line":32,"column":16},"end":{"line":32,"column":null}},"4":{"start":{"line":40,"column":16},"end":{"line":40,"column":null}},"5":{"start":{"line":48,"column":16},"end":{"line":48,"column":null}},"6":{"start":{"line":57,"column":18},"end":{"line":57,"column":null}},"7":{"start":{"line":67,"column":20},"end":{"line":67,"column":null}},"8":{"start":{"line":77,"column":33},"end":{"line":77,"column":55}},"9":{"start":{"line":86,"column":18},"end":{"line":86,"column":null}}},"fnMap":{"0":{"name":"Navbar","decl":{"start":{"line":9,"column":9},"end":{"line":9,"column":18}},"loc":{"start":{"line":9,"column":18},"end":{"line":95,"column":null}},"line":9},"1":{"name":"(anonymous_1)","decl":{"start":{"line":31,"column":14},"end":{"line":31,"column":26}},"loc":{"start":{"line":32,"column":16},"end":{"line":32,"column":null}},"line":32},"2":{"name":"(anonymous_2)","decl":{"start":{"line":39,"column":14},"end":{"line":39,"column":26}},"loc":{"start":{"line":40,"column":16},"end":{"line":40,"column":null}},"line":40},"3":{"name":"(anonymous_3)","decl":{"start":{"line":47,"column":14},"end":{"line":47,"column":26}},"loc":{"start":{"line":48,"column":16},"end":{"line":48,"column":null}},"line":48},"4":{"name":"(anonymous_4)","decl":{"start":{"line":56,"column":16},"end":{"line":56,"column":28}},"loc":{"start":{"line":57,"column":18},"end":{"line":57,"column":null}},"line":57},"5":{"name":"(anonymous_5)","decl":{"start":{"line":66,"column":18},"end":{"line":66,"column":30}},"loc":{"start":{"line":67,"column":20},"end":{"line":67,"column":null}},"line":67},"6":{"name":"(anonymous_6)","decl":{"start":{"line":77,"column":18},"end":{"line":77,"column":33}},"loc":{"start":{"line":77,"column":33},"end":{"line":77,"column":55}},"line":77},"7":{"name":"(anonymous_7)","decl":{"start":{"line":85,"column":16},"end":{"line":85,"column":28}},"loc":{"start":{"line":86,"column":18},"end":{"line":86,"column":null}},"line":86}},"branchMap":{"0":{"loc":{"start":{"line":32,"column":34},"end":{"line":32,"column":null}},"type":"cond-expr","locations":[{"start":{"line":32,"column":45},"end":{"line":32,"column":61}},{"start":{"line":32,"column":61},"end":{"line":32,"column":null}}],"line":32},"1":{"loc":{"start":{"line":40,"column":34},"end":{"line":40,"column":null}},"type":"cond-expr","locations":[{"start":{"line":40,"column":45},"end":{"line":40,"column":61}},{"start":{"line":40,"column":61},"end":{"line":40,"column":null}}],"line":40},"2":{"loc":{"start":{"line":48,"column":34},"end":{"line":48,"column":null}},"type":"cond-expr","locations":[{"start":{"line":48,"column":45},"end":{"line":48,"column":61}},{"start":{"line":48,"column":61},"end":{"line":48,"column":null}}],"line":48},"3":{"loc":{"start":{"line":53,"column":13},"end":{"line":61,"column":null}},"type":"binary-expr","locations":[{"start":{"line":53,"column":13},"end":{"line":53,"column":null}},{"start":{"line":54,"column":14},"end":{"line":61,"column":null}}],"line":53},"4":{"loc":{"start":{"line":57,"column":36},"end":{"line":57,"column":null}},"type":"cond-expr","locations":[{"start":{"line":57,"column":47},"end":{"line":57,"column":63}},{"start":{"line":57,"column":63},"end":{"line":57,"column":null}}],"line":57},"5":{"loc":{"start":{"line":63,"column":13},"end":{"line":88,"column":null}},"type":"cond-expr","locations":[{"start":{"line":64,"column":14},"end":{"line":81,"column":null}},{"start":{"line":83,"column":14},"end":{"line":88,"column":null}}],"line":63},"6":{"loc":{"start":{"line":67,"column":38},"end":{"line":67,"column":null}},"type":"cond-expr","locations":[{"start":{"line":67,"column":49},"end":{"line":67,"column":65}},{"start":{"line":67,"column":65},"end":{"line":67,"column":null}}],"line":67},"7":{"loc":{"start":{"line":86,"column":52},"end":{"line":86,"column":null}},"type":"cond-expr","locations":[{"start":{"line":86,"column":63},"end":{"line":86,"column":79}},{"start":{"line":86,"column":79},"end":{"line":86,"column":null}}],"line":86}},"s":{"0":14,"1":14,"2":14,"3":14,"4":14,"5":14,"6":3,"7":9,"8":1,"9":5},"f":{"0":14,"1":14,"2":14,"3":14,"4":3,"5":9,"6":1,"7":5},"b":{"0":[14,0],"1":[0,14],"2":[0,14],"3":[14,3],"4":[0,3],"5":[9,5],"6":[0,9],"7":[0,5]},"meta":{"lastBranch":8,"lastFunction":8,"lastStatement":10,"seen":{"f:9:9:9:18":0,"s:10:35:10:61":0,"s:11:8:11:32":1,"s:13:2:95:Infinity":2,"f:31:14:31:26":1,"s:32:16:32:Infinity":3,"b:32:45:32:61:32:61:32:Infinity":0,"f:39:14:39:26":2,"s:40:16:40:Infinity":4,"b:40:45:40:61:40:61:40:Infinity":1,"f:47:14:47:26":3,"s:48:16:48:Infinity":5,"b:48:45:48:61:48:61:48:Infinity":2,"b:53:13:53:Infinity:54:14:61:Infinity":3,"f:56:16:56:28":4,"s:57:18:57:Infinity":6,"b:57:47:57:63:57:63:57:Infinity":4,"b:64:14:81:Infinity:83:14:88:Infinity":5,"f:66:18:66:30":5,"s:67:20:67:Infinity":7,"b:67:49:67:65:67:65:67:Infinity":6,"f:77:18:77:33":6,"s:77:33:77:55":8,"f:85:16:85:28":7,"s:86:18:86:Infinity":9,"b:86:63:86:79:86:79:86:Infinity":7}}}
,"C:\\Users\\Sebas Berrios\\OneDrive\\Escritorio\\Lyfter\\duad_sebas\\duad_sebas\\react\\paw-store\\src\\components\\Static\\Navbar.module.css": {"path":"C:\\Users\\Sebas Berrios\\OneDrive\\Escritorio\\Lyfter\\duad_sebas\\duad_sebas\\react\\paw-store\\src\\components\\Static\\Navbar.module.css","statementMap":{},"fnMap":{},"branchMap":{},"s":{},"f":{},"b":{},"meta":{"lastBranch":0,"lastFunction":0,"lastStatement":0,"seen":{}}}
,"C:\\Users\\Sebas Berrios\\OneDrive\\Escritorio\\Lyfter\\duad_sebas\\duad_sebas\\react\\paw-store\\src\\components\\Table\\AdminProductsTable.jsx": {"path":"C:\\Users\\Sebas Berrios\\OneDrive\\Escritorio\\Lyfter\\duad_sebas\\duad_sebas\\react\\paw-store\\src\\components\\Table\\AdminProductsTable.jsx","statementMap":{"0":{"start":{"line":13,"column":2},"end":{"line":32,"column":null}}},"fnMap":{"0":{"name":"AdminProductsTable","decl":{"start":{"line":5,"column":16},"end":{"line":5,"column":35}},"loc":{"start":{"line":12,"column":3},"end":{"line":32,"column":null}},"line":12}},"branchMap":{"0":{"loc":{"start":{"line":15,"column":8},"end":{"line":21,"column":null}},"type":"binary-expr","locations":[{"start":{"line":15,"column":8},"end":{"line":15,"column":17}},{"start":{"line":15,"column":17},"end":{"line":15,"column":null}},{"start":{"line":16,"column":8},"end":{"line":21,"column":null}}],"line":15},"1":{"loc":{"start":{"line":17,"column":11},"end":{"line":17,"column":null}},"type":"binary-expr","locations":[{"start":{"line":17,"column":11},"end":{"line":17,"column":20}},{"start":{"line":17,"column":20},"end":{"line":17,"column":null}}],"line":17},"2":{"loc":{"start":{"line":18,"column":11},"end":{"line":19,"column":null}},"type":"binary-expr","locations":[{"start":{"line":18,"column":11},"end":{"line":18,"column":null}},{"start":{"line":19,"column":12},"end":{"line":19,"column":null}}],"line":18}},"s":{"0":13},"f":{"0":13},"b":{"0":[13,13,0],"1":[0,0],"2":[0,0]},"meta":{"lastBranch":3,"lastFunction":1,"lastStatement":1,"seen":{"f:5:16:5:35":0,"s:13:2:32:Infinity":0,"b:15:8:15:17:15:17:15:Infinity:16:8:21:Infinity":0,"b:17:11:17:20:17:20:17:Infinity":1,"b:18:11:18:Infinity:19:12:19:Infinity":2}}}
,"C:\\Users\\Sebas Berrios\\OneDrive\\Escritorio\\Lyfter\\duad_sebas\\duad_sebas\\react\\paw-store\\src\\components\\Table\\Body.jsx": {"path":"C:\\Users\\Sebas Berrios\\OneDrive\\Escritorio\\Lyfter\\duad_sebas\\duad_sebas\\react\\paw-store\\src\\components\\Table\\Body.jsx","statementMap":{"0":{"start":{"line":3,"column":6},"end":{"line":7,"column":36}},"1":{"start":{"line":4,"column":2},"end":{"line":7,"column":36}},"2":{"start":{"line":9,"column":21},"end":{"line":13,"column":null}},"3":{"start":{"line":15,"column":6},"end":{"line":15,"column":null}},"4":{"start":{"line":15,"column":34},"end":{"line":15,"column":null}},"5":{"start":{"line":17,"column":6},"end":{"line":22,"column":23}},"6":{"start":{"line":18,"column":2},"end":{"line":22,"column":23}},"7":{"start":{"line":24,"column":6},"end":{"line":28,"column":null}},"8":{"start":{"line":25,"column":2},"end":{"line":26,"column":null}},"9":{"start":{"line":26,"column":4},"end":{"line":26,"column":null}},"10":{"start":{"line":28,"column":2},"end":{"line":28,"column":null}},"11":{"start":{"line":32,"column":20},"end":{"line":32,"column":51}},"12":{"start":{"line":33,"column":2},"end":{"line":106,"column":null}},"13":{"start":{"line":43,"column":8},"end":{"line":103,"column":null}},"14":{"start":{"line":46,"column":32},"end":{"line":46,"column":58}},"15":{"start":{"line":48,"column":14},"end":{"line":52,"column":null}},"16":{"start":{"line":49,"column":16},"end":{"line":52,"column":null}},"17":{"start":{"line":56,"column":14},"end":{"line":75,"column":null}},"18":{"start":{"line":57,"column":16},"end":{"line":75,"column":null}},"19":{"start":{"line":63,"column":39},"end":{"line":63,"column":50}},"20":{"start":{"line":70,"column":39},"end":{"line":70,"column":52}},"21":{"start":{"line":79,"column":14},"end":{"line":83,"column":null}},"22":{"start":{"line":80,"column":16},"end":{"line":83,"column":null}},"23":{"start":{"line":87,"column":14},"end":{"line":93,"column":null}},"24":{"start":{"line":88,"column":16},"end":{"line":93,"column":null}},"25":{"start":{"line":97,"column":14},"end":{"line":100,"column":null}}},"fnMap":{"0":{"name":"(anonymous_0)","decl":{"start":{"line":3,"column":6},"end":{"line":3,"column":28}},"loc":{"start":{"line":4,"column":2},"end":{"line":7,"column":36}},"line":4},"1":{"name":"(anonymous_1)","decl":{"start":{"line":15,"column":6},"end":{"line":15,"column":20}},"loc":{"start":{"line":15,"column":34},"end":{"line":15,"column":null}},"line":15},"2":{"name":"(anonymous_2)","decl":{"start":{"line":17,"column":6},"end":{"line":17,"column":24}},"loc":{"start":{"line":18,"column":2},"end":{"line":22,"column":23}},"line":18},"3":{"name":"(anonymous_3)","decl":{"start":{"line":24,"column":6},"end":{"line":24,"column":18}},"loc":{"start":{"line":24,"column":28},"end":{"line":28,"column":null}},"line":24},"4":{"name":"TableBody","decl":{"start":{"line":31,"column":16},"end":{"line":31,"column":26}},"loc":{"start":{"line":31,"column":63},"end":{"line":106,"column":null}},"line":31},"5":{"name":"(anonymous_5)","decl":{"start":{"line":42,"column":17},"end":{"line":42,"column":22}},"loc":{"start":{"line":42,"column":30},"end":{"line":105,"column":null}},"line":42},"6":{"name":"(anonymous_6)","decl":{"start":{"line":45,"column":21},"end":{"line":45,"column":26}},"loc":{"start":{"line":45,"column":37},"end":{"line":100,"column":null}},"line":45},"7":{"name":"(anonymous_7)","decl":{"start":{"line":63,"column":24},"end":{"line":63,"column":39}},"loc":{"start":{"line":63,"column":39},"end":{"line":63,"column":50}},"line":63},"8":{"name":"(anonymous_8)","decl":{"start":{"line":70,"column":24},"end":{"line":70,"column":39}},"loc":{"start":{"line":70,"column":39},"end":{"line":70,"column":52}},"line":70}},"branchMap":{"0":{"loc":{"start":{"line":15,"column":34},"end":{"line":15,"column":null}},"type":"binary-expr","locations":[{"start":{"line":15,"column":34},"end":{"line":15,"column":61}},{"start":{"line":15,"column":61},"end":{"line":15,"column":null}}],"line":15},"1":{"loc":{"start":{"line":22,"column":12},"end":{"line":22,"column":23}},"type":"binary-expr","locations":[{"start":{"line":22,"column":12},"end":{"line":22,"column":21}},{"start":{"line":22,"column":21},"end":{"line":22,"column":23}}],"line":22},"2":{"loc":{"start":{"line":25,"column":2},"end":{"line":26,"column":null}},"type":"if","locations":[{"start":{"line":25,"column":2},"end":{"line":26,"column":null}},{"start":{},"end":{}}],"line":25},"3":{"loc":{"start":{"line":32,"column":20},"end":{"line":32,"column":51}},"type":"cond-expr","locations":[{"start":{"line":32,"column":42},"end":{"line":32,"column":49}},{"start":{"line":32,"column":49},"end":{"line":32,"column":51}}],"line":32},"4":{"loc":{"start":{"line":35,"column":7},"end":{"line":40,"column":null}},"type":"binary-expr","locations":[{"start":{"line":35,"column":7},"end":{"line":35,"column":null}},{"start":{"line":36,"column":8},"end":{"line":40,"column":null}}],"line":35},"5":{"loc":{"start":{"line":48,"column":14},"end":{"line":52,"column":null}},"type":"if","locations":[{"start":{"line":48,"column":14},"end":{"line":52,"column":null}},{"start":{},"end":{}}],"line":48},"6":{"loc":{"start":{"line":56,"column":14},"end":{"line":75,"column":null}},"type":"if","locations":[{"start":{"line":56,"column":14},"end":{"line":75,"column":null}},{"start":{},"end":{}}],"line":56},"7":{"loc":{"start":{"line":79,"column":14},"end":{"line":83,"column":null}},"type":"if","locations":[{"start":{"line":79,"column":14},"end":{"line":83,"column":null}},{"start":{},"end":{}}],"line":79},"8":{"loc":{"start":{"line":87,"column":14},"end":{"line":93,"column":null}},"type":"if","locations":[{"start":{"line":87,"column":14},"end":{"line":93,"column":null}},{"start":{},"end":{}}],"line":87}},"s":{"0":1,"1":132,"2":1,"3":1,"4":110,"5":1,"6":22,"7":1,"8":22,"9":22,"10":0,"11":13,"12":13,"13":22,"14":132,"15":132,"16":22,"17":110,"18":22,"19":1,"20":1,"21":88,"22":22,"23":66,"24":22,"25":44},"f":{"0":132,"1":110,"2":22,"3":22,"4":13,"5":22,"6":132,"7":1,"8":1},"b":{"0":[110,44],"1":[22,0],"2":[22,0],"3":[13,0],"4":[13,2],"5":[22,110],"6":[22,88],"7":[22,66],"8":[22,44]},"meta":{"lastBranch":9,"lastFunction":9,"lastStatement":26,"seen":{"s:3:6:7:36":0,"f:3:6:3:28":0,"s:4:2:7:36":1,"s:9:21:13:Infinity":2,"s:15:6:15:Infinity":3,"f:15:6:15:20":1,"s:15:34:15:Infinity":4,"b:15:34:15:61:15:61:15:Infinity":0,"s:17:6:22:23":5,"f:17:6:17:24":2,"s:18:2:22:23":6,"b:22:12:22:21:22:21:22:23":1,"s:24:6:28:Infinity":7,"f:24:6:24:18":3,"b:25:2:26:Infinity:undefined:undefined:undefined:undefined":2,"s:25:2:26:Infinity":8,"s:26:4:26:Infinity":9,"s:28:2:28:Infinity":10,"f:31:16:31:26":4,"s:32:20:32:51":11,"b:32:42:32:49:32:49:32:51":3,"s:33:2:106:Infinity":12,"b:35:7:35:Infinity:36:8:40:Infinity":4,"f:42:17:42:22":5,"s:43:8:103:Infinity":13,"f:45:21:45:26":6,"s:46:32:46:58":14,"b:48:14:52:Infinity:undefined:undefined:undefined:undefined":5,"s:48:14:52:Infinity":15,"s:49:16:52:Infinity":16,"b:56:14:75:Infinity:undefined:undefined:undefined:undefined":6,"s:56:14:75:Infinity":17,"s:57:16:75:Infinity":18,"f:63:24:63:39":7,"s:63:39:63:50":19,"f:70:24:70:39":8,"s:70:39:70:52":20,"b:79:14:83:Infinity:undefined:undefined:undefined:undefined":7,"s:79:14:83:Infinity":21,"s:80:16:83:Infinity":22,"b:87:14:93:Infinity:undefined:undefined:undefined:undefined":8,"s:87:14:93:Infinity":23,"s:88:16:93:Infinity":24,"s:97:14:100:Infinity":25}}}
,"C:\\Users\\Sebas Berrios\\OneDrive\\Escritorio\\Lyfter\\duad_sebas\\duad_sebas\\react\\paw-store\\src\\components\\Table\\Head.jsx": {"path":"C:\\Users\\Sebas Berrios\\OneDrive\\Escritorio\\Lyfter\\duad_sebas\\duad_sebas\\react\\paw-store\\src\\components\\Table\\Head.jsx","statementMap":{"0":{"start":{"line":4,"column":2},"end":{"line":13,"column":null}},"1":{"start":{"line":8,"column":10},"end":{"line":10,"column":null}}},"fnMap":{"0":{"name":"TableHead","decl":{"start":{"line":3,"column":16},"end":{"line":3,"column":26}},"loc":{"start":{"line":3,"column":39},"end":{"line":13,"column":null}},"line":3},"1":{"name":"(anonymous_1)","decl":{"start":{"line":7,"column":17},"end":{"line":7,"column":22}},"loc":{"start":{"line":8,"column":10},"end":{"line":10,"column":null}},"line":8}},"branchMap":{},"s":{"0":13,"1":78},"f":{"0":13,"1":78},"b":{},"meta":{"lastBranch":0,"lastFunction":2,"lastStatement":2,"seen":{"f:3:16:3:26":0,"s:4:2:13:Infinity":0,"f:7:17:7:22":1,"s:8:10:10:Infinity":1}}}
,"C:\\Users\\Sebas Berrios\\OneDrive\\Escritorio\\Lyfter\\duad_sebas\\duad_sebas\\react\\paw-store\\src\\components\\Table\\Table.module.css": {"path":"C:\\Users\\Sebas Berrios\\OneDrive\\Escritorio\\Lyfter\\duad_sebas\\duad_sebas\\react\\paw-store\\src\\components\\Table\\Table.module.css","statementMap":{},"fnMap":{},"branchMap":{},"s":{},"f":{},"b":{},"meta":{"lastBranch":0,"lastFunction":0,"lastStatement":0,"seen":{}}}
,"C:\\Users\\Sebas Berrios\\OneDrive\\Escritorio\\Lyfter\\duad_sebas\\duad_sebas\\react\\paw-store\\src\\pages\\Administration.jsx": {"path":"C:\\Users\\Sebas Berrios\\OneDrive\\Escritorio\\Lyfter\\duad_sebas\\duad_sebas\\react\\paw-store\\src\\pages\\Administration.jsx","statementMap":{"0":{"start":{"line":15,"column":8},"end":{"line":15,"column":62}},"1":{"start":{"line":15,"column":47},"end":{"line":15,"column":62}},"2":{"start":{"line":16,"column":8},"end":{"line":16,"column":72}},"3":{"start":{"line":16,"column":52},"end":{"line":16,"column":72}},"4":{"start":{"line":18,"column":8},"end":{"line":18,"column":66}},"5":{"start":{"line":18,"column":49},"end":{"line":18,"column":66}},"6":{"start":{"line":19,"column":8},"end":{"line":19,"column":72}},"7":{"start":{"line":19,"column":52},"end":{"line":19,"column":72}},"8":{"start":{"line":20,"column":8},"end":{"line":20,"column":72}},"9":{"start":{"line":20,"column":52},"end":{"line":20,"column":72}},"10":{"start":{"line":22,"column":8},"end":{"line":23,"column":null}},"11":{"start":{"line":23,"column":15},"end":{"line":23,"column":null}},"12":{"start":{"line":25,"column":8},"end":{"line":26,"column":null}},"13":{"start":{"line":26,"column":15},"end":{"line":26,"column":null}},"14":{"start":{"line":28,"column":8},"end":{"line":29,"column":null}},"15":{"start":{"line":29,"column":15},"end":{"line":29,"column":null}},"16":{"start":{"line":32,"column":8},"end":{"line":32,"column":69}},"17":{"start":{"line":32,"column":50},"end":{"line":32,"column":69}},"18":{"start":{"line":33,"column":8},"end":{"line":33,"column":69}},"19":{"start":{"line":33,"column":50},"end":{"line":33,"column":69}},"20":{"start":{"line":35,"column":18},"end":{"line":35,"column":null}},"21":{"start":{"line":36,"column":10},"end":{"line":36,"column":28}},"22":{"start":{"line":37,"column":8},"end":{"line":37,"column":32}},"23":{"start":{"line":39,"column":18},"end":{"line":39,"column":59}},"24":{"start":{"line":39,"column":39},"end":{"line":39,"column":58}},"25":{"start":{"line":41,"column":2},"end":{"line":45,"column":null}},"26":{"start":{"line":42,"column":4},"end":{"line":43,"column":null}},"27":{"start":{"line":43,"column":6},"end":{"line":43,"column":null}},"28":{"start":{"line":47,"column":23},"end":{"line":52,"column":null}},"29":{"start":{"line":48,"column":4},"end":{"line":52,"column":null}},"30":{"start":{"line":49,"column":6},"end":{"line":49,"column":null}},"31":{"start":{"line":50,"column":6},"end":{"line":50,"column":null}},"32":{"start":{"line":52,"column":6},"end":{"line":52,"column":null}},"33":{"start":{"line":56,"column":8},"end":{"line":57,"column":null}},"34":{"start":{"line":57,"column":4},"end":{"line":57,"column":null}},"35":{"start":{"line":60,"column":23},"end":{"line":73,"column":null}},"36":{"start":{"line":61,"column":4},"end":{"line":61,"column":null}},"37":{"start":{"line":61,"column":13},"end":{"line":61,"column":null}},"38":{"start":{"line":62,"column":4},"end":{"line":73,"column":null}},"39":{"start":{"line":63,"column":6},"end":{"line":70,"column":null}},"40":{"start":{"line":71,"column":6},"end":{"line":71,"column":null}},"41":{"start":{"line":73,"column":6},"end":{"line":73,"column":null}},"42":{"start":{"line":77,"column":8},"end":{"line":78,"column":null}},"43":{"start":{"line":78,"column":4},"end":{"line":78,"column":null}},"44":{"start":{"line":81,"column":27},"end":{"line":94,"column":null}},"45":{"start":{"line":82,"column":23},"end":{"line":89,"column":null}},"46":{"start":{"line":90,"column":4},"end":{"line":94,"column":null}},"47":{"start":{"line":91,"column":6},"end":{"line":91,"column":null}},"48":{"start":{"line":92,"column":6},"end":{"line":92,"column":null}},"49":{"start":{"line":94,"column":6},"end":{"line":94,"column":null}},"50":{"start":{"line":98,"column":2},"end":{"line":130,"column":null}}},"fnMap":{"0":{"name":"Administration","decl":{"start":{"line":14,"column":24},"end":{"line":14,"column":41}},"loc":{"start":{"line":14,"column":41},"end":{"line":130,"column":null}},"line":14},"1":{"name":"(anonymous_1)","decl":{"start":{"line":15,"column":19},"end":{"line":15,"column":37}},"loc":{"start":{"line":15,"column":47},"end":{"line":15,"column":62}},"line":15},"2":{"name":"(anonymous_2)","decl":{"start":{"line":16,"column":24},"end":{"line":16,"column":42}},"loc":{"start":{"line":16,"column":52},"end":{"line":16,"column":72}},"line":16},"3":{"name":"(anonymous_3)","decl":{"start":{"line":18,"column":21},"end":{"line":18,"column":39}},"loc":{"start":{"line":18,"column":49},"end":{"line":18,"column":66}},"line":18},"4":{"name":"(anonymous_4)","decl":{"start":{"line":19,"column":24},"end":{"line":19,"column":42}},"loc":{"start":{"line":19,"column":52},"end":{"line":19,"column":72}},"line":19},"5":{"name":"(anonymous_5)","decl":{"start":{"line":20,"column":24},"end":{"line":20,"column":42}},"loc":{"start":{"line":20,"column":52},"end":{"line":20,"column":72}},"line":20},"6":{"name":"(anonymous_6)","decl":{"start":{"line":22,"column":29},"end":{"line":22,"column":null}},"loc":{"start":{"line":23,"column":15},"end":{"line":23,"column":null}},"line":23},"7":{"name":"(anonymous_7)","decl":{"start":{"line":25,"column":26},"end":{"line":25,"column":null}},"loc":{"start":{"line":26,"column":15},"end":{"line":26,"column":null}},"line":26},"8":{"name":"(anonymous_8)","decl":{"start":{"line":28,"column":28},"end":{"line":28,"column":null}},"loc":{"start":{"line":29,"column":15},"end":{"line":29,"column":null}},"line":29},"9":{"name":"(anonymous_9)","decl":{"start":{"line":32,"column":22},"end":{"line":32,"column":40}},"loc":{"start":{"line":32,"column":50},"end":{"line":32,"column":69}},"line":32},"10":{"name":"(anonymous_10)","decl":{"start":{"line":33,"column":22},"end":{"line":33,"column":40}},"loc":{"start":{"line":33,"column":50},"end":{"line":33,"column":69}},"line":33},"11":{"name":"(anonymous_11)","decl":{"start":{"line":39,"column":27},"end":{"line":39,"column":33}},"loc":{"start":{"line":39,"column":39},"end":{"line":39,"column":58}},"line":39},"12":{"name":"(anonymous_12)","decl":{"start":{"line":41,"column":2},"end":{"line":41,"column":18}},"loc":{"start":{"line":41,"column":18},"end":{"line":45,"column":7}},"line":41},"13":{"name":"(anonymous_13)","decl":{"start":{"line":47,"column":23},"end":{"line":47,"column":30}},"loc":{"start":{"line":47,"column":42},"end":{"line":52,"column":null}},"line":47},"14":{"name":"(anonymous_14)","decl":{"start":{"line":56,"column":8},"end":{"line":56,"column":22}},"loc":{"start":{"line":56,"column":34},"end":{"line":57,"column":null}},"line":56},"15":{"name":"(anonymous_15)","decl":{"start":{"line":60,"column":23},"end":{"line":60,"column":30}},"loc":{"start":{"line":60,"column":41},"end":{"line":73,"column":null}},"line":60},"16":{"name":"(anonymous_16)","decl":{"start":{"line":77,"column":8},"end":{"line":77,"column":29}},"loc":{"start":{"line":77,"column":29},"end":{"line":78,"column":null}},"line":77},"17":{"name":"(anonymous_17)","decl":{"start":{"line":81,"column":27},"end":{"line":81,"column":34}},"loc":{"start":{"line":81,"column":43},"end":{"line":94,"column":null}},"line":81}},"branchMap":{"0":{"loc":{"start":{"line":42,"column":4},"end":{"line":43,"column":null}},"type":"if","locations":[{"start":{"line":42,"column":4},"end":{"line":43,"column":null}},{"start":{},"end":{}}],"line":42},"1":{"loc":{"start":{"line":61,"column":4},"end":{"line":61,"column":null}},"type":"if","locations":[{"start":{"line":61,"column":4},"end":{"line":61,"column":null}},{"start":{},"end":{}}],"line":61},"2":{"loc":{"start":{"line":103,"column":9},"end":{"line":104,"column":null}},"type":"binary-expr","locations":[{"start":{"line":103,"column":9},"end":{"line":103,"column":null}},{"start":{"line":104,"column":10},"end":{"line":104,"column":null}}],"line":103},"3":{"loc":{"start":{"line":106,"column":9},"end":{"line":106,"column":null}},"type":"binary-expr","locations":[{"start":{"line":106,"column":9},"end":{"line":106,"column":24}},{"start":{"line":106,"column":24},"end":{"line":106,"column":null}}],"line":106},"4":{"loc":{"start":{"line":116,"column":9},"end":{"line":126,"column":null}},"type":"cond-expr","locations":[{"start":{"line":117,"column":10},"end":{"line":122,"column":null}},{"start":{"line":124,"column":10},"end":{"line":126,"column":null}}],"line":116}},"s":{"0":13,"1":39,"2":13,"3":39,"4":13,"5":39,"6":13,"7":39,"8":13,"9":39,"10":13,"11":39,"12":13,"13":39,"14":13,"15":39,"16":13,"17":39,"18":13,"19":39,"20":13,"21":13,"22":13,"23":13,"24":21,"25":13,"26":13,"27":2,"28":13,"29":1,"30":1,"31":1,"32":0,"33":13,"34":1,"35":13,"36":0,"37":0,"38":0,"39":0,"40":0,"41":0,"42":13,"43":0,"44":13,"45":0,"46":0,"47":0,"48":0,"49":0,"50":13},"f":{"0":13,"1":39,"2":39,"3":39,"4":39,"5":39,"6":39,"7":39,"8":39,"9":39,"10":39,"11":21,"12":13,"13":1,"14":1,"15":0,"16":0,"17":0},"b":{"0":[2,11],"1":[0,0],"2":[13,1],"3":[13,1],"4":[1,12]},"meta":{"lastBranch":5,"lastFunction":18,"lastStatement":51,"seen":{"f:14:24:14:41":0,"s:15:8:15:62":0,"f:15:19:15:37":1,"s:15:47:15:62":1,"s:16:8:16:72":2,"f:16:24:16:42":2,"s:16:52:16:72":3,"s:18:8:18:66":4,"f:18:21:18:39":3,"s:18:49:18:66":5,"s:19:8:19:72":6,"f:19:24:19:42":4,"s:19:52:19:72":7,"s:20:8:20:72":8,"f:20:24:20:42":5,"s:20:52:20:72":9,"s:22:8:23:Infinity":10,"f:22:29:22:Infinity":6,"s:23:15:23:Infinity":11,"s:25:8:26:Infinity":12,"f:25:26:25:Infinity":7,"s:26:15:26:Infinity":13,"s:28:8
[...]
[{"start":{"line":626,"column":6},"end":{"line":629,"column":null}},{"start":{},"end":{}}],"line":626},"49":{"loc":{"start":{"line":638,"column":8},"end":{"line":640,"column":null}},"type":"binary-expr","locations":[{"start":{"line":638,"column":8},"end":{"line":638,"column":null}},{"start":{"line":639,"column":8},"end":{"line":639,"column":null}},{"start":{"line":640,"column":8},"end":{"line":640,"column":null}}],"line":638},"50":{"loc":{"start":{"line":663,"column":6},"end":{"line":663,"column":null}},"type":"if","locations":[{"start":{"line":663,"column":6},"end":{"line":663,"column":null}},{"start":{},"end":{}}],"line":663},"51":{"loc":{"start":{"line":674,"column":8},"end":{"line":674,"column":null}},"type":"binary-expr","locations":[{"start":{"line":674,"column":8},"end":{"line":674,"column":35}},{"start":{"line":674,"column":35},"end":{"line":674,"column":48}},{"start":{"line":674,"column":48},"end":{"line":674,"column":null}}],"line":674}},"s":{"0":6,"1":6,"2":6,"3":6,"4":0,"5":0,"6":0,"7":0,"8":0,"9":0,"10":0,"11":0,"12":0,"13":0,"14":10,"15":10,"16":10,"17":10,"18":1,"19":10,"20":1,"21":0,"22":0,"23":0,"24":0,"25":0,"26":0,"27":0,"28":0,"29":0,"30":1,"31":1,"32":1,"33":0,"34":0,"35":0,"36":1,"37":1,"38":1,"39":1,"40":1,"41":1,"42":1,"43":1,"44":1,"45":1,"46":1,"47":1,"48":0,"49":0,"50":0,"51":0,"52":10,"53":10,"54":10,"55":10,"56":1,"57":1,"58":0,"59":1,"60":1,"61":0,"62":0,"63":0,"64":1,"65":0,"66":0,"67":0,"68":0,"69":1,"70":1,"71":1,"72":1,"73":1,"74":1,"75":1,"76":0,"77":1,"78":1,"79":1,"80":1,"81":0,"82":0,"83":0,"84":0,"85":0,"86":0,"87":1,"88":1,"89":1,"90":1,"91":1,"92":1,"93":1,"94":0,"95":1,"96":1,"97":1,"98":1,"99":0,"100":0,"101":0,"102":0,"103":1,"104":1,"105":1,"106":1,"107":0,"108":1,"109":1,"110":1,"111":1,"112":1,"113":1,"114":1,"115":1,"116":1,"117":1,"118":1,"119":1,"120":1,"121":1,"122":0,"123":1,"124":0,"125":1,"126":1,"127":1,"128":1,"129":0,"130":0,"131":0,"132":0,"133":1,"134":1,"135":1,"136":1,"137":1,"138":1,"139":1,"140":0,"141":1,"142":0,"143":1,"144":1,"145":1,"146":1,"147":1,"148":1,"149":1,"150":1,"151":0,"152":1,"153":1,"154":1,"155":1,"156":1,"157":0,"158":0,"159":0,"160":0,"161":1,"162":1,"163":1,"164":1,"165":1,"166":1,"167":1,"168":0,"169":1,"170":0,"171":1,"172":1,"173":1,"174":0,"175":1,"176":1,"177":0,"178":0,"179":0,"180":0,"181":1,"182":1,"183":1,"184":1,"185":1,"186":1,"187":1,"188":1,"189":0,"190":1,"191":0,"192":1,"193":1,"194":1,"195":1,"196":0,"197":1,"198":1,"199":1,"200":0,"201":1,"202":1,"203":1,"204":0,"205":0,"206":0,"207":1,"208":1,"209":1,"210":1,"211":1,"212":1,"213":1,"214":1,"215":1,"216":0,"217":1,"218":0,"219":1,"220":0,"221":1,"222":0,"223":0,"224":0,"225":1,"226":1,"227":1,"228":1,"229":1,"230":1,"231":1,"232":0,"233":1,"234":1,"235":0,"236":0,"237":0,"238":1,"239":1},"f":{"0":6,"1":0,"2":0,"3":0,"4":10,"5":10,"6":1,"7":0,"8":1,"9":1,"10":0,"11":1,"12":1,"13":1,"14":1,"15":1,"16":0,"17":10,"18":10,"19":0,"20":0,"21":1,"22":1,"23":1,"24":1,"25":0,"26":0,"27":0,"28":1,"29":1,"30":1,"31":1,"32":1,"33":0,"34":1,"35":1,"36":1,"37":1,"38":1,"39":1,"40":1,"41":1,"42":1,"43":1,"44":0,"45":1,"46":1,"47":1,"48":1,"49":1,"50":0,"51":1,"52":1,"53":1,"54":1,"55":0,"56":1,"57":1,"58":1,"59":1,"60":0,"61":1,"62":1,"63":1,"64":0,"65":1,"66":1,"67":1,"68":0,"69":1},"b":{"0":[0,0,0],"1":[0,0],"2":[0,0],"3":[0,0,0],"4":[0,1],"5":[1,0],"6":[0,1],"7":[0,1],"8":[1,0],"9":[1,1],"10":[1,0],"11":[0,0,0],"12":[0,1],"13":[0,1],"14":[0,0,0],"15":[0,1],"16":[1,0],"17":[0,1],"18":[0,1],"19":[0,1],"20":[0,0],"21":[0,0,0],"22":[0,1],"23":[0,0,0],"24":[0,1],"25":[1,1],"26":[1,0],"27":[1,0],"28":[1,0],"29":[0,1],"30":[0,1],"31":[0,0,0],"32":[0,1],"33":[0,1],"34":[0,1],"35":[0,0,0],"36":[0,1],"37":[0,1],"38":[1,1,1,1],"39":[0,1],"40":[0,0,0],"41":[0,1],"42":[0,1],"43":[0,1],"44":[0,1],"45":[0,0,0],"46":[0,1],"47":[0,1],"48":[0,1],"49":[0,0,0],"50":[0,1],"51":[0,0,0]},"meta":{"lastBranch":52,"lastFunction":70,"lastStatement":240,"seen":{"s:6:25:9:Infinity":0,"s:11:29:25:Infinity":1,"s:27:13:687:3":2,"f:27:32:27:40":0,"s:27:54:687:3":3,"f:28:14:28:26":1,"s:29:4:45:Infinity":4,"s:30:18:30:45":5,"s:31:21:31:Infinity":6,"s:32:6:37:Infinity":7,"f:32:6:32:11":2,"s:32:22:36:Infinity":8,"s:38:6:38:Infinity":9,"s:41:8:41:Infinity":10,"b:41:8:41:35:41:35:41:48:41:48:41:Infinity":0,"s:42:6:44:Infinity":11,"f:42:6:42:11":3,"s:42:22:43:Infinity":12,"s:45:6:45:Infinity":13,"f:67:13:67:25":4,"s:68:4:73:Infinity":14,"f:68:4:68:9":5,"s:68:20:72:Infinity":15,"s:74:4:96:Infinity":16,"s:75:18:75:40":17,"s:76:21:76:Infinity":18,"s:77:6:82:Infinity":19,"f:77:6:77:11":6,"s:77:22:81:Infinity":20,"s:85:21:85:Infinity":21,"b:86:6:89:Infinity:undefined:undefined:undefined:undefined":1,"s:86:6:89:Infinity":22,"b:86:10:86:28:86:28:86:44":2,"s:87:8:87:Infinity":23,"s:88:8:88:Infinity":24,"s:89:8:89:Infinity":25,"s:92:8:92:Infinity":26,"b:92:8:92:35:92:35:92:48:92:48:92:Infinity":3,"s:93:6:95:Infinity":27,"f:93:6:93:11":7,"s:93:22:94:Infinity":28,"s:96:6:96:Infinity":29,"f:100:14:100:21":8,"s:101:4:106:Infinity":30,"f:101:4:101:9":9,"s:101:20:105:Infinity":31,"b:107:4:114:Infinity:undefined:undefined:undefined:undefined":4,"s:107:4:114:Infinity":32,"s:108:6:113:Infinity":33,"f:108:6:108:11":10,"s:108:22:112:Infinity":34,"s:114:6:114:Infinity":35,"s:116:4:155:Infinity":36,"s:117:18:117:59":37,"s:119:18:127:9":38,"f:119:44:119:49":11,"s:119:59:127:9":39,"b:121:20:121:39:121:39:121:Infinity":5,"b:122:48:122:66:122:69:122:Infinity":6,"b:125:14:125:35:126:14:126:Infinity":7,"s:130:23:130:Infinity":40,"s:131:30:134:Infinity":41,"b:132:9:132:21:132:21:132:23":8,"f:133:11:133:19":12,"s:133:25:133:42":42,"b:133:25:133:30:133:30:133:42":9,"f:134:11:134:16":13,"s:134:22:134:43":43,"b:134:22:134:30:134:30:134:43":10,"s:136:6:136:Infinity":44,"f:136:20:136:28":14,"s:136:37:136:73":45,"s:138:6:143:Infinity":46,"f:138:6:138:11":15,"s:138:22:142:Infinity":47,"s:146:8:148:Infinity":48,"b:146:8:146:Infinity:147:8:147:Infinity:148:8:148:Infinity":11,"s:149:6:154:Infinity":49,"f:149:6:149:11":16,"s:149:22:153:Infinity":50,"s:155:6:155:Infinity":51,"f:159:18:159:30":17,"s:160:4:169:Infinity":52,"f:160:4:160:9":18,"s:160:20:169:7":53,"s:171:4:206:Infinity":54,"s:172:6:172:Infinity":55,"s:173:23:173:Infinity":56,"b:175:6:176:Infinity:undefined:undefined:undefined:undefined":12,"s:175:6:176:Infinity":57,"s:176:8:176:Infinity":58,"s:179:6:179:Infinity":59,"b:180:6:187:Infinity:undefined:undefined:undefined:undefined":13,"s:180:6:187:Infinity":60,"s:181:8:186:Infinity":61,"f:181:8:181:13":19,"s:181:24:185:Infinity":62,"s:187:8:187:Infinity":63,"s:189:6:189:Infinity":64,"s:192:8:192:Infinity":65,"b:192:8:192:35:192:35:192:48:192:48:192:Infinity":14,"s:193:6:198:Infinity":66,"f:193:6:193:11":20,"s:193:22:197:Infinity":67,"s:199:6:199:Infinity":68,"s:201:6:206:Infinity":69,"f:201:6:201:11":21,"s:201:22:205:Infinity":70,"f:210:13:210:20":22,"s:211:4:220:Infinity":71,"f:211:4:211:9":23,"s:211:20:220:7":72,"s:222:23:222:Infinity":73,"s:224:4:270:Infinity":74,"b:225:6:225:Infinity:undefined:undefined:undefined:undefined":15,"s:225:6:225:Infinity":75,"s:225:26:225:Infinity":76,"s:226:18:230:8":77,"s:231:26:242:Infinity":78,"b:233:20:233:51:233:51:233:Infinity":16,"b:236:14:236:44:237:14:237:Infinity":17,"b:240:14:240:47:241:14:241:Infinity":18,"s:243:6:254:Infinity":79,"f:243:6:243:11":24,"s:243:22:253:Infinity":80,"b:249:14:250:Infinity:252:14:252:Infinity":19,"f:246:34:246:Infinity":25,"s:247:22:247:Infinity":81,"f:249:31:249:36":26,"s:250:16:250:Infinity":82,"b:250:61:250:75:250:75:250:Infinity":20,"s:257:8:259:Infinity":83,"b:257:8:257:Infinity:258:8:258:Infinity:259:8:259:Infinity":21,"s:260:6:262:Infinity":84,"f:260:6:260:11":27,"s:260:22:261:Infinity":85,"s:263:6:263:Infinity":86,"s:265:6:270:Infinity":87,"f:265:6:265:11":28,"s:265:22:269:Infinity":88,"f:274:18:274:25":29,"s:275:4:284:Infinity":89,"f:275:4:275:9":30,"s:275:20:284:7":90,"s:286:23:286:Infinity":91,"s:288:4:324:Infinity":92,"b:289:6:289:Infinity:undefined:undefined:undefined:undefined":22,"s:289:6:289:Infinity":93,"s:289:26:289:Infinity":94,"s:291:6:296:Infinity":95,"s:298:6:305:Infinity":96,"f:298:6:298:11":31,"s:298:22:304:Infinity":97,"f:301:34:301:Infinity":32,"s:302:22:302:Infinity":98,"s:308:8:310:Infinity":99,"b:308:8:308:Infinity:309:8:309:Infinity:310:8:310:Infinity":23,"s:311:6:316:Infinity":100,"f:311:6:311:11":33,"s:311:22:315:Infinity":101,"s:317:6:317:Infinity":102,"s:319:6:324:Infinity":103,"f:319:6:319:11":34,"s:319:22:323:Infinity":104,"f:328:2:328:21":35,"s:329:17:329:Infinity":105,"b:330:4:330:Infinity:undefined:undefined:undefined:undefined":24,"s:330:4:330:Infinity":106,"b:330:8:330:17:330:17:330:43":25,"s:330:45:330:Infinity":107,"s:332:25:335:Infinity":108,"f:332:36:332:41":36,"s:333:6:335:Infinity":109,"b:334:10:334:Infinity:335:10:335:Infinity":26,"s:337:4:342:Infinity":110,"f:337:4:337:9":37,"s:337:20:341:Infinity":111,"f:346:2:346:21":38,"s:347:17:347:Infinity":112,"s:348:25:354:Infinity":113,"f:348:36:348:41":39,"s:349:6:354:Infinity":114,"b:350:10:353:Infinity:354:10:354:Infinity":27,"b:352:42:352:62:352:62:352:Infinity":28,"s:356:4:361:Infinity":115,"f:356:4:356:9":40,"s:356:20:360:Infinity":116,"f:364:12:364:24":41,"s:365:4:374:Infinity":117,"f:365:4:365:9":42,"s:365:20:374:7":118,"s:376:44:376:Infinity":119,"s:378:4:411:Infinity":120,"b:379:6:379:Infinity:undefined:undefined:undefined:undefined":29,"s:379:6:379:Infinity":121,"s:379:26:379:Infinity":122,"b:381:6:382:Infinity:undefined:undefined:undefined:undefined":30,"s:381:6:382:Infinity":123,"s:382:8:382:Infinity":124,"s:384:6:394:Infinity":125,"f:385:21:385:26":43,"s:386:26:390:Infinity":126,"s:392:10:392:Infinity":127,"s:395:6:395:Infinity":128,"s:398:8:400:Infinity":129,"b:398:8:398:Infinity:399:8:399:Infinity:400:8:400:Infinity":31,"s:401:6:406:Infinity":130,"f:401:6:401:11":44,"s:401:22:405:Infinity":131,"s:407:6:407:Infinity":132,"s:409:6:411:Infinity":133,"f:409:6:409:11":45,"s:409:22:410:Infinity":134,"f:415:15:415:27":46,"s:416:4:425:Infinity":135,"f:416:4:416:9":47,"s:416:20:425:7":136,"s:427:44:427:Infinity":137,"s:429:4:481:Infinity":138,"b:430:6:430:Infinity:undefined:undefined:undefined:undefined":32,"s:430:6:430:Infinity":139,"s:430:26:430:Infinity":140,"b:432:6:432:Infinity:undefined:undefined:undefined:undefined":33,"s:432:6:432:Infinity":141,"s:432:32:432:Infinity":142,"s:434:12:434:59":143,"s:435:30:439:9":144,"f:435:43:435:48":48,"s:435:58:439:9":145,"s:441:27:445:Infinity":146,"s:446:6:446:Infinity":147,"s:447:18:447:56":148,"s:449:19:449:Infinity":149,"b:451:6:451:Infinity:undefined:undefined:undefined:undefined":34,"s:451:6:451:Infinity":150,"s:451:17:451:Infinity":151,"s:453:22:453:Infinity":152,"s:454:20:454:Infinity":153,"s:455:21:455:Infinity":154,"s:457:6:467:Infinity":155,"f:457:6:457:11":49,"s:457:22:466:Infinity":156,"s:470:8:470:Infinity":157,"b:470:8:470:35:470:35:470:48:470:48:470:Infinity":35,"s:471:6:476:Infinity":158,"f:471:6:471:11":50,"s:471:22:475:Infinity":159,"s:477:6:477:Infinity":160,"s:479:6:481:Infinity":161,"f:479:6:479:11":51,"s:479:22:480:Infinity":162,"f:485:22:485:29":52,"s:486:4:489:Infinity":163,"f:486:4:486:9":53,"s:486:20:489:7":164,"s:490:20:490:Infinity":165,"s:492:4:545:Infinity":166,"b:493:6:493:Infinity:undefined:undefined:undefined:undefined":36,"s:493:6:493:Infinity":167,"s:493:27:493:Infinity":168,"b:495:6:501:Infinity:undefined:undefined:undefined:undefined":37,"s:495:6:501:Infinity":169,"b:496:8:496:Infinity:497:8:497:Infinity:498:8:498:Infinity:499:8:499:Infinity":38,"s:501:8:501:Infinity":170,"s:503:18:509:8":171,"s:511:19:511:Infinity":172,"b:512:6:513:Infinity:undefined:undefined:undefined:undefined":39,"s:512:6:513:Infinity":173,"s:513:8:513:Infinity":174,"s:515:6:529:Infinity":175,"f:515:6:515:11":54,"s:515:22:528:Infinity":176,"s:532:8:534:Infinity":177,"b:532:8:532:Infinity:533:8:533:Infinity:534:8:534:Infinity":40,"s:535:6:540:Infinity":178,"f:535:6:535:11":55,"s:535:22:539:Infinity":179,"s:541:6:541:Infinity":180,"s:543:6:545:Infinity":181,"f:543:6:543:11":56,"s:543:22:544:Infinity":182,"f:549:20:549:32":57,"s:550:4:553:Infinity":183,"f:550:4:550:9":58,"s:550:20:553:7":184,"s:555:44:555:Infinity":185,"s:557:20:557:Infinity":186,"s:559:4:608:Infinity":187,"b:560:6:560:Infinity:undefined:undefined:undefined:undefined":41,"s:560:6:560:Infinity":188,"s:560:26:560:Infinity":189,"b:561:6:561:Infinity:undefined:undefined:undefined:undefined":42,"s:561:6:561:Infinity":190,"s:561:32:561:Infinity":191,"s:563:6:571:Infinity":192,"f:564:21:564:26":59,"s:565:26:566:Infinity":193,"s:569:10:569:Infinity":194,"b:573:6:573:Infinity:undefined:undefined:undefined:undefined":43,"s:573:6:573:Infinity":195,"s:573:27:573:Infinity":196,"s:575:18:577:8":197,"s:579:27:579:Infinity":198,"b:581:6:582:Infinity:undefined:undefined:undefined:undefined":44,"s:581:6:582:Infinity":199,"s:582:8:582:Infinity":200,"s:584:6:589:Infinity":201,"s:591:6:591:Infinity":202,"s:592:6:592:Infinity":203,"s:595:8:595:Infinity":204,"b:595:8:595:35:595:35:595:48:595:48:595:Infinity":45,"s:596:6:601:Infinity":205,"f:596:6:596:11":60,"s:596:22:600:Infinity":206,"s:603:6:608:Infinity":207,"f:603:6:603:11":61,"s:603:22:607:Infinity":208,"f:612:16:612:28":62,"s:613:4:619:Infinity":209,"f:613:4:613:9":63,"s:613:20:619:7":210,"s:620:23:620:Infinity":211,"s:621:20:621:Infinity":212,"s:622:18:622:Infinity":213,"s:623:4:650:Infinity":214,"b:624:6:624:Infinity:undefined:undefined:undefined:undefined":46,"s:624:6:624:Infinity":215,"s:624:26:624:Infinity":216,"b:625:6:625:Infinity:undefined:undefined:undefined:undefined":47,"s:625:6:625:Infinity":217,"s:625:27:625:Infinity":218,"b:626:6:629:Infinity:undefined:undefined:undefined:undefined":48,"s:626:6:629:Infinity":219,"s:627:8:629:Infinity":220,"s:631:6:635:Infinity":221,"s:638:8:640:Infinity":222,"b:638:8:638:Infinity:639:8:639:Infinity:640:8:640:Infinity":49,"s:641:6:646:Infinity":223,"f:641:6:641:11":64,"s:641:22:645:Infinity":224,"s:648:6:650:Infinity":225,"f:648:6:648:11":65,"s:648:22:649:Infinity":226,"f:654:13:654:25":66,"s:655:4:658:Infinity":227,"f:655:4:655:9":67,"s:655:20:658:7":228,"s:660:19:660:Infinity":229,"s:662:4:684:Infinity":230,"b:663:6:663:Infinity:undefined:undefined:undefined:undefined":50,"s:663:6:663:Infinity":231,"s:663:26:663:Infinity":232,"s:665:6:665:Infinity":233,"s:667:6:671:Infinity":234,"s:674:8:674:Infinity":235,"b:674:8:674:35:674:35:674:48:674:48:674:Infinity":51,"s:675:6:680:Infinity":236,"f:675:6:675:11":68,"s:675:22:679:Infinity":237,"s:682:6:684:Infinity":238,"f:682:6:682:11":69,"s:682:22:683:Infinity":239}}}
,"C:\\Users\\Sebas Berrios\\OneDrive\\Escritorio\\Lyfter\\duad_sebas\\duad_sebas\\react\\paw-store\\src\\utils\\helpers.js": {"path":"C:\\Users\\Sebas Berrios\\OneDrive\\Escritorio\\Lyfter\\duad_sebas\\duad_sebas\\react\\paw-store\\src\\utils\\helpers.js","statementMap":{"0":{"start":{"line":1,"column":6},"end":{"line":2,"column":53}},"1":{"start":{"line":2,"column":2},"end":{"line":2,"column":53}},"2":{"start":{"line":4,"column":13},"end":{"line":17,"column":null}},"3":{"start":{"line":5,"column":2},"end":{"line":6,"column":null}},"4":{"start":{"line":6,"column":4},"end":{"line":6,"column":null}},"5":{"start":{"line":9,"column":2},"end":{"line":10,"column":null}},"6":{"start":{"line":10,"column":4},"end":{"line":10,"column":null}},"7":{"start":{"line":13,"column":2},"end":{"line":14,"column":null}},"8":{"start":{"line":14,"column":4},"end":{"line":14,"column":null}},"9":{"start":{"line":17,"column":2},"end":{"line":17,"column":null}},"10":{"start":{"line":20,"column":13},"end":{"line":27,"column":null}},"11":{"start":{"line":21,"column":2},"end":{"line":22,"column":null}},"12":{"start":{"line":22,"column":4},"end":{"line":22,"column":null}},"13":{"start":{"line":25,"column":2},"end":{"line":27,"column":null}},"14":{"start":{"line":26,"column":4},"end":{"line":26,"column":null}},"15":{"start":{"line":30,"column":13},"end":{"line":35,"column":null}},"16":{"start":{"line":31,"column":19},"end":{"line":31,"column":43}},"17":{"start":{"line":33,"column":21},"end":{"line":33,"column":null}},"18":{"start":{"line":35,"column":2},"end":{"line":35,"column":null}}},"fnMap":{"0":{"name":"(anonymous_0)","decl":{"start":{"line":1,"column":6},"end":{"line":1,"column":23}},"loc":{"start":{"line":2,"column":2},"end":{"line":2,"column":53}},"line":2},"1":{"name":"(anonymous_1)","decl":{"start":{"line":4,"column":13},"end":{"line":4,"column":35}},"loc":{"start":{"line":4,"column":44},"end":{"line":17,"column":null}},"line":4},"2":{"name":"(anonymous_2)","decl":{"start":{"line":20,"column":13},"end":{"line":20,"column":34}},"loc":{"start":{"line":20,"column":44},"end":{"line":27,"column":null}},"line":20},"3":{"name":"(anonymous_3)","decl":{"start":{"line":25,"column":15},"end":{"line":25,"column":23}},"loc":{"start":{"line":25,"column":37},"end":{"line":27,"column":7}},"line":25},"4":{"name":"(anonymous_4)","decl":{"start":{"line":30,"column":13},"end":{"line":30,"column":31}},"loc":{"start":{"line":30,"column":56},"end":{"line":35,"column":null}},"line":30}},"branchMap":{"0":{"loc":{"start":{"line":2,"column":2},"end":{"line":2,"column":53}},"type":"binary-expr","locations":[{"start":{"line":2,"column":2},"end":{"line":2,"column":31}},{"start":{"line":2,"column":31},"end":{"line":2,"column":53}}],"line":2},"1":{"loc":{"start":{"line":5,"column":2},"end":{"line":6,"column":null}},"type":"if","locations":[{"start":{"line":5,"column":2},"end":{"line":6,"column":null}},{"start":{},"end":{}}],"line":5},"2":{"loc":{"start":{"line":5,"column":6},"end":{"line":5,"column":41}},"type":"binary-expr","locations":[{"start":{"line":5,"column":6},"end":{"line":5,"column":15}},{"start":{"line":5,"column":15},"end":{"line":5,"column":41}}],"line":5},"3":{"loc":{"start":{"line":9,"column":2},"end":{"line":10,"column":null}},"type":"if","locations":[{"start":{"line":9,"column":2},"end":{"line":10,"column":null}},{"start":{},"end":{}}],"line":9},"4":{"loc":{"start":{"line":9,"column":6},"end":{"line":9,"column":65}},"type":"binary-expr","locations":[{"start":{"line":9,"column":6},"end":{"line":9,"column":32}},{"start":{"line":9,"column":36},"end":{"line":9,"column":65}}],"line":9},"5":{"loc":{"start":{"line":13,"column":2},"end":{"line":14,"column":null}},"type":"if","locations":[{"start":{"line":13,"column":2},"end":{"line":14,"column":null}},{"start":{},"end":{}}],"line":13},"6":{"loc":{"start":{"line":13,"column":6},"end":{"line":13,"column":43}},"type":"binary-expr","locations":[{"start":{"line":13,"column":6},"end":{"line":13,"column":24}},{"start":{"line":13,"column":24},"end":{"line":13,"column":43}}],"line":13},"7":{"loc":{"start":{"line":21,"column":2},"end":{"line":22,"column":null}},"type":"if","locations":[{"start":{"line":21,"column":2},"end":{"line":22,"column":null}},{"start":{},"end":{}}],"line":21}},"s":{"0":9,"1":241,"2":9,"3":123,"4":1,"5":122,"6":3,"7":119,"8":1,"9":118,"10":9,"11":38,"12":2,"13":36,"14":57,"15":9,"16":7,"17":7,"18":7},"f":{"0":241,"1":123,"2":38,"3":57,"4":7},"b":{"0":[241,238],"1":[1,122],"2":[123,123],"3":[3,119],"4":[122,119],"5":[1,118],"6":[119,119],"7":[2,36]},"meta":{"lastBranch":8,"lastFunction":5,"lastStatement":19,"seen":{"s:1:6:2:53":0,"f:1:6:1:23":0,"s:2:2:2:53":1,"b:2:2:2:31:2:31:2:53":0,"s:4:13:17:Infinity":2,"f:4:13:4:35":1,"b:5:2:6:Infinity:undefined:undefined:undefined:undefined":1,"s:5:2:6:Infinity":3,"b:5:6:5:15:5:15:5:41":2,"s:6:4:6:Infinity":4,"b:9:2:10:Infinity:undefined:undefined:undefined:undefined":3,"s:9:2:10:Infinity":5,"b:9:6:9:32:9:36:9:65":4,"s:10:4:10:Infinity":6,"b:13:2:14:Infinity:undefined:undefined:undefined:undefined":5,"s:13:2:14:Infinity":7,"b:13:6:13:24:13:24:13:43":6,"s:14:4:14:Infinity":8,"s:17:2:17:Infinity":9,"s:20:13:27:Infinity":10,"f:20:13:20:34":2,"b:21:2:22:Infinity:undefined:undefined:undefined:undefined":7,"s:21:2:22:Infinity":11,"s:22:4:22:Infinity":12,"s:25:2:27:Infinity":13,"f:25:15:25:23":3,"s:26:4:26:Infinity":14,"s:30:13:35:Infinity":15,"f:30:13:30:31":4,"s:31:19:31:43":16,"s:33:21:33:Infinity":17,"s:35:2:35:Infinity":18}}}
}
