{"C:\\Users\\Sebas Berrios\\OneDrive\\Escritorio\\Lyfter\\duad_sebas\\duad_sebas\\react\\paw-store\\src\\api\\axios.js": {"path":"C:\\Users\\Sebas Berrios\\OneDrive\\Escritorio\\Lyfter\\duad_sebas\\duad_sebas\\react\\paw-store\\src\\api\\axios.js","statementMap":{"0":{"start":{"line":3,"column":12},"end":{"line":8,"column":2}},"1":{"start":{"line":10,"column":0},"end":{"line":16,"column":null}},"2":{"start":{"line":11,"column":16},"end":{"line":11,"column":45}},"3":{"start":{"line":12,"column":2},"end":{"line":13,"column":null}},"4":{"start":{"line":13,"column":4},"end":{"line":13,"column":null}},"5":{"start":{"line":15,"column":2},"end":{"line":15,"column":null}}},"fnMap":{"0":{"name":"(anonymous_0)","decl":{"start":{"line":10,"column":25},"end":{"line":10,"column":30}},"loc":{"start":{"line":10,"column":41},"end":{"line":16,"column":null}},"line":10}},"branchMap":{"0":{"loc":{"start":{"line":12,"column":2},"end":{"line":13,"column":null}},"type":"if","locations":[{"start":{"line":12,"column":2},"end":{"line":13,"column":null}},{"start":{},"end":{}}],"line":12}},"s":{"0":10,"1":10,"2":2,"3":2,"4":0,"5":0},"f":{"0":2},"b":{"0":[0,2]},"meta":{"lastBranch":1,"lastFunction":1,"lastStatement":6,"seen":{"s:3:12:8:2":0,"s:10:0:16:Infinity":1,"f:10:25:10:30":0,"s:11:16:11:45":2,"b:12:2:13:Infinity:undefined:undefined:undefined:undefined":0,"s:12:2:13:Infinity":3,"s:13:4:13:Infinity":4,"s:15:2:15:Infinity":5}}}
,"C:\\Users\\Sebas Berrios\\OneDrive\\Escritorio\\Lyfter\\duad_sebas\\duad_sebas\\react\\paw-store\\src\\assets\\close-svgrepo-com.svg": {"path":"C:\\Users\\Sebas Berrios\\OneDrive\\Escritorio\\Lyfter\\duad_sebas\\duad_sebas\\react\\paw-store\\src\\assets\\close-svgrepo-com.svg","statementMap":{},"fnMap":{},"branchMap":{},"s":{},"f":{},"b":{},"meta":{"lastBranch":0,"lastFunction":0,"lastStatement":0,"seen":{}}}
,"C:\\Users\\Sebas Berrios\\OneDrive\\Escritorio\\Lyfter\\duad_sebas\\duad_sebas\\react\\paw-store\\src\\assets\\error_24dp_E3E3E3_FILL0_wght400_GRAD0_opsz24.svg": {"path":"C:\\Users\\Sebas Berrios\\OneDrive\\Escritorio\\Lyfter\\duad_sebas\\duad_sebas\\react\\paw-store\\src\\assets\\error_24dp_E3E3E3_FILL0_wght400_GRAD0_opsz24.svg","statementMap":{},"fnMap":{},"branchMap":{},"s":{},"f":{},"b":{},"meta":{"lastBranch":0,"lastFunction":0,"lastStatement":0,"seen":{}}}
,"C:\\Users\\Sebas Berrios\\OneDrive\\Escritorio\\Lyfter\\duad_sebas\\duad_sebas\\react\\paw-store\\src\\assets\\lock_24dp_000000_FILL0_wght400_GRAD0_opsz24.svg": {"path":"C:\\Users\\Sebas Berrios\\OneDrive\\Escritorio\\Lyfter\\duad_sebas\\duad_sebas\\react\\paw-store\\src\\assets\\lock_24dp_000000_FILL0_wght400_GRAD0_opsz24.svg","statementMap":{},"fnMap":{},"branchMap":{},"s":{},"f":{},"b":{},"meta":{"lastBranch":0,"lastFunction":0,"lastStatement":0,"seen":{}}}
,"C:\\Users\\Sebas Berrios\\OneDrive\\Escritorio\\Lyfter\\duad_sebas\\duad_sebas\\react\\paw-store\\src\\assets\\lucide-PawPrint-Outlined.svg": {"path":"C:\\Users\\Sebas Berrios\\OneDrive\\Escritorio\\Lyfter\\duad_sebas\\duad_sebas\\react\\paw-store\\src\\assets\\lucide-PawPrint-Outlined.svg","statementMap":{},"fnMap":{},"branchMap":{},"s":{},"f":{},"b":{},"meta":{"lastBranch":0,"lastFunction":0,"lastStatement":0,"seen":{}}}
,"C:\\Users\\Sebas Berrios\\OneDrive\\Escritorio\\Lyfter\\duad_sebas\\duad_sebas\\react\\paw-store\\src\\assets\\sentiment_dissatisfied_24dp_000000_FILL0_wght400_GRAD0_opsz24.svg": {"path":"C:\\Users\\Sebas Berrios\\OneDrive\\Escritorio\\Lyfter\\duad_sebas\\duad_sebas\\react\\paw-store\\src\\assets\\sentiment_dissatisfied_24dp_000000_FILL0_wght400_GRAD0_opsz24.svg","statementMap":{},"fnMap":{},"branchMap":{},"s":{},"f":{},"b":{},"meta":{"lastBranch":0,"lastFunction":0,"lastStatement":0,"seen":{}}}
,"C:\\Users\\Sebas Berrios\\OneDrive\\Escritorio\\Lyfter\\duad_sebas\\duad_sebas\\react\\paw-store\\src\\components\\shared.module.css": {"path":"C:\\Users\\Sebas Berrios\\OneDrive\\Escritorio\\Lyfter\\duad_sebas\\duad_sebas\\react\\paw-store\\src\\components\\shared.module.css","statementMap":{},"fnMap":{},"branchMap":{},"s":{},"f":{},"b":{},"meta":{"lastBranch":0,"lastFunction":0,"lastStatement":0,"seen":{}}}
,"C:\\Users\\Sebas Berrios\\OneDrive\\Escritorio\\Lyfter\\duad_sebas\\duad_sebas\\react\\paw-store\\src\\components\\Forms\\AddProductForm.jsx": {"path":"C:\\Users\\Sebas Berrios\\OneDrive\\Escritorio\\Lyfter\\duad_sebas\\duad_sebas\\react\\paw-store\\src\\components\\Forms\\AddProductForm.jsx","statementMap":{"0":{"start":{"line":10,"column":4},"end":{"line":11,"column":15}},"1":{"start":{"line":13,"column":27},"end":{"line":19,"column":null}},"2":{"start":{"line":14,"column":15},"end":{"line":18,"column":6}},"3":{"start":{"line":19,"column":4},"end":{"line":19,"column":null}},"4":{"start":{"line":19,"column":12},"end":{"line":19,"column":null}},"5":{"start":{"line":22,"column":2},"end":{"line":143,"column":null}}},"fnMap":{"0":{"name":"AddProductForm","decl":{"start":{"line":5,"column":16},"end":{"line":5,"column":31}},"loc":{"start":{"line":5,"column":53},"end":{"line":143,"column":null}},"line":5},"1":{"name":"(anonymous_1)","decl":{"start":{"line":13,"column":27},"end":{"line":13,"column":34}},"loc":{"start":{"line":13,"column":43},"end":{"line":19,"column":null}},"line":13}},"branchMap":{"0":{"loc":{"start":{"line":19,"column":4},"end":{"line":19,"column":null}},"type":"if","locations":[{"start":{"line":19,"column":4},"end":{"line":19,"column":null}},{"start":{},"end":{}}],"line":19},"1":{"loc":{"start":{"line":135,"column":11},"end":{"line":135,"column":null}},"type":"cond-expr","locations":[{"start":{"line":135,"column":20},"end":{"line":135,"column":37}},{"start":{"line":135,"column":37},"end":{"line":135,"column":null}}],"line":135}},"s":{"0":24,"1":24,"2":0,"3":0,"4":0,"5":24},"f":{"0":24,"1":0},"b":{"0":[0,0],"1":[0,24]},"meta":{"lastBranch":2,"lastFunction":2,"lastStatement":6,"seen":{"f:5:16:5:31":0,"s:10:4:11:15":0,"s:13:27:19:Infinity":1,"f:13:27:13:34":1,"s:14:15:18:6":2,"b:19:4:19:Infinity:undefined:undefined:undefined:undefined":0,"s:19:4:19:Infinity":3,"s:19:12:19:Infinity":4,"s:22:2:143:Infinity":5,"b:135:20:135:37:135:37:135:Infinity":1}}}
,"C:\\Users\\Sebas Berrios\\OneDrive\\Escritorio\\Lyfter\\duad_sebas\\duad_sebas\\react\\paw-store\\src\\components\\Forms\\EditProductForm.jsx": {"path":"C:\\Users\\Sebas Berrios\\OneDrive\\Escritorio\\Lyfter\\duad_sebas\\duad_sebas\\react\\paw-store\\src\\components\\Forms\\EditProductForm.jsx","statementMap":{"0":{"start":{"line":12,"column":25},"end":{"line":22,"column":4}},"1":{"start":{"line":24,"column":2},"end":{"line":35,"column":null}},"2":{"start":{"line":25,"column":4},"end":{"line":25,"column":null}},"3":{"start":{"line":25,"column":18},"end":{"line":25,"column":null}},"4":{"start":{"line":27,"column":4},"end":{"line":34,"column":null}},"5":{"start":{"line":37,"column":27},"end":{"line":44,"column":null}},"6":{"start":{"line":38,"column":15},"end":{"line":42,"column":6}},"7":{"start":{"line":44,"column":4},"end":{"line":44,"column":null}},"8":{"start":{"line":47,"column":2},"end":{"line":180,"column":null}}},"fnMap":{"0":{"name":"EditProductForm","decl":{"start":{"line":7,"column":16},"end":{"line":7,"column":32}},"loc":{"start":{"line":7,"column":73},"end":{"line":180,"column":null}},"line":7},"1":{"name":"(anonymous_1)","decl":{"start":{"line":24,"column":2},"end":{"line":24,"column":18}},"loc":{"start":{"line":24,"column":18},"end":{"line":35,"column":6}},"line":24},"2":{"name":"(anonymous_2)","decl":{"start":{"line":37,"column":27},"end":{"line":37,"column":34}},"loc":{"start":{"line":37,"column":43},"end":{"line":44,"column":null}},"line":37}},"branchMap":{"0":{"loc":{"start":{"line":25,"column":4},"end":{"line":25,"column":null}},"type":"if","locations":[{"start":{"line":25,"column":4},"end":{"line":25,"column":null}},{"start":{},"end":{}}],"line":25},"1":{"loc":{"start":{"line":28,"column":12},"end":{"line":28,"column":null}},"type":"binary-expr","locations":[{"start":{"line":28,"column":12},"end":{"line":28,"column":28}},{"start":{"line":28,"column":28},"end":{"line":28,"column":null}}],"line":28},"2":{"loc":{"start":{"line":29,"column":19},"end":{"line":29,"column":null}},"type":"binary-expr","locations":[{"start":{"line":29,"column":19},"end":{"line":29,"column":42}},{"start":{"line":29,"column":42},"end":{"line":29,"column":null}}],"line":29},"3":{"loc":{"start":{"line":30,"column":13},"end":{"line":30,"column":null}},"type":"binary-expr","locations":[{"start":{"line":30,"column":13},"end":{"line":30,"column":30}},{"start":{"line":30,"column":30},"end":{"line":30,"column":null}}],"line":30},"4":{"loc":{"start":{"line":31,"column":16},"end":{"line":31,"column":null}},"type":"binary-expr","locations":[{"start":{"line":31,"column":16},"end":{"line":31,"column":36}},{"start":{"line":31,"column":36},"end":{"line":31,"column":null}}],"line":31},"5":{"loc":{"start":{"line":32,"column":13},"end":{"line":32,"column":null}},"type":"binary-expr","locations":[{"start":{"line":32,"column":13},"end":{"line":32,"column":30}},{"start":{"line":32,"column":30},"end":{"line":32,"column":null}}],"line":32},"6":{"loc":{"start":{"line":33,"column":17},"end":{"line":33,"column":null}},"type":"binary-expr","locations":[{"start":{"line":33,"column":17},"end":{"line":33,"column":38}},{"start":{"line":33,"column":38},"end":{"line":33,"column":null}}],"line":33},"7":{"loc":{"start":{"line":169,"column":20},"end":{"line":169,"column":null}},"type":"binary-expr","locations":[{"start":{"line":169,"column":20},"end":{"line":169,"column":32}},{"start":{"line":169,"column":32},"end":{"line":169,"column":null}}],"line":169},"8":{"loc":{"start":{"line":170,"column":17},"end":{"line":170,"column":null}},"type":"cond-expr","locations":[{"start":{"line":170,"column":28},"end":{"line":170,"column":60}},{"start":{"line":170,"column":60},"end":{"line":170,"column":null}}],"line":170},"9":{"loc":{"start":{"line":172,"column":11},"end":{"line":172,"column":null}},"type":"cond-expr","locations":[{"start":{"line":172,"column":20},"end":{"line":172,"column":37}},{"start":{"line":172,"column":37},"end":{"line":172,"column":null}}],"line":172}},"s":{"0":2,"1":2,"2":1,"3":0,"4":1,"5":2,"6":0,"7":0,"8":2},"f":{"0":2,"1":1,"2":0},"b":{"0":[0,1],"1":[1,0],"2":[1,0],"3":[1,0],"4":[1,0],"5":[1,0],"6":[1,0],"7":[2,0],"8":[2,0],"9":[0,2]},"meta":{"lastBranch":10,"lastFunction":3,"lastStatement":9,"seen":{"f:7:16:7:32":0,"s:12:25:22:4":0,"s:24:2:35:Infinity":1,"f:24:2:24:18":1,"b:25:4:25:Infinity:undefined:undefined:undefined:undefined":0,"s:25:4:25:Infinity":2,"s:25:18:25:Infinity":3,"s:27:4:34:Infinity":4,"b:28:12:28:28:28:28:28:Infinity":1,"b:29:19:29:42:29:42:29:Infinity":2,"b:30:13:30:30:30:30:30:Infinity":3,"b:31:16:31:36:31:36:31:Infinity":4,"b:32:13:32:30:32:30:32:Infinity":5,"b:33:17:33:38:33:38:33:Infinity":6,"s:37:27:44:Infinity":5,"f:37:27:37:34":2,"s:38:15:42:6":6,"s:44:4:44:Infinity":7,"s:47:2:180:Infinity":8,"b:169:20:169:32:169:32:169:Infinity":7,"b:170:28:170:60:170:60:170:Infinity":8,"b:172:20:172:37:172:37:172:Infinity":9}}}
,"C:\\Users\\Sebas Berrios\\OneDrive\\Escritorio\\Lyfter\\duad_sebas\\duad_sebas\\react\\paw-store\\src\\components\\Forms\\Forms.module.css": {"path":"C:\\Users\\Sebas Berrios\\OneDrive\\Escritorio\\Lyfter\\duad_sebas\\duad_sebas\\react\\paw-store\\src\\components\\Forms\\Forms.module.css","statementMap":{},"fnMap":{},"branchMap":{},"s":{},"f":{},"b":{},"meta":{"lastBranch":0,"lastFunction":0,"lastStatement":0,"seen":{}}}
,"C:\\Users\\Sebas Berrios\\OneDrive\\Escritorio\\Lyfter\\duad_sebas\\duad_sebas\\react\\paw-store\\src\\components\\Forms\\FormsComponents.jsx": {"path":"C:\\Users\\Sebas Berrios\\OneDrive\\Escritorio\\Lyfter\\duad_sebas\\duad_sebas\\react\\paw-store\\src\\components\\Forms\\FormsComponents.jsx","statementMap":{"0":{"start":{"line":1,"column":13},"end":{"line":2,"column":null}},"1":{"start":{"line":2,"column":2},"end":{"line":2,"column":null}},"2":{"start":{"line":5,"column":13},"end":{"line":6,"column":null}},"3":{"start":{"line":6,"column":2},"end":{"line":6,"column":null}},"4":{"start":{"line":9,"column":13},"end":{"line":32,"column":null}},"5":{"start":{"line":20,"column":4},"end":{"line":21,"column":null}},"6":{"start":{"line":23,"column":2},"end":{"line":32,"column":null}},"7":{"start":{"line":36,"column":13},"end":{"line":59,"column":null}},"8":{"start":{"line":47,"column":4},"end":{"line":48,"column":null}},"9":{"start":{"line":50,"column":2},"end":{"line":59,"column":null}},"10":{"start":{"line":63,"column":13},"end":{"line":64,"column":null}},"11":{"start":{"line":64,"column":2},"end":{"line":64,"column":null}}},"fnMap":{"0":{"name":"(anonymous_0)","decl":{"start":{"line":1,"column":13},"end":{"line":1,"column":22}},"loc":{"start":{"line":1,"column":50},"end":{"line":2,"column":null}},"line":1},"1":{"name":"(anonymous_1)","decl":{"start":{"line":5,"column":13},"end":{"line":5,"column":21}},"loc":{"start":{"line":5,"column":48},"end":{"line":6,"column":null}},"line":5},"2":{"name":"(anonymous_2)","decl":{"start":{"line":9,"column":13},"end":{"line":9,"column":22}},"loc":{"start":{"line":18,"column":6},"end":{"line":32,"column":null}},"line":18},"3":{"name":"(anonymous_3)","decl":{"start":{"line":36,"column":13},"end":{"line":36,"column":30}},"loc":{"start":{"line":45,"column":6},"end":{"line":59,"column":null}},"line":45},"4":{"name":"(anonymous_4)","decl":{"start":{"line":63,"column":13},"end":{"line":63,"column":23}},"loc":{"start":{"line":63,"column":50},"end":{"line":64,"column":null}},"line":63}},"branchMap":{"0":{"loc":{"start":{"line":20,"column":4},"end":{"line":21,"column":null}},"type":"binary-expr","locations":[{"start":{"line":20,"column":4},"end":{"line":20,"column":76}},{"start":{"line":21,"column":4},"end":{"line":21,"column":null}}],"line":20},"1":{"loc":{"start":{"line":20,"column":21},"end":{"line":20,"column":50}},"type":"binary-expr","locations":[{"start":{"line":20,"column":21},"end":{"line":20,"column":30}},{"start":{"line":20,"column":30},"end":{"line":20,"column":50}}],"line":20},"2":{"loc":{"start":{"line":30,"column":9},"end":{"line":30,"column":null}},"type":"binary-expr","locations":[{"start":{"line":30,"column":9},"end":{"line":30,"column":18}},{"start":{"line":30,"column":18},"end":{"line":30,"column":null}}],"line":30},"3":{"loc":{"start":{"line":47,"column":4},"end":{"line":48,"column":null}},"type":"binary-expr","locations":[{"start":{"line":47,"column":4},"end":{"line":47,"column":76}},{"start":{"line":48,"column":4},"end":{"line":48,"column":null}}],"line":47},"4":{"loc":{"start":{"line":47,"column":21},"end":{"line":47,"column":50}},"type":"binary-expr","locations":[{"start":{"line":47,"column":21},"end":{"line":47,"column":30}},{"start":{"line":47,"column":30},"end":{"line":47,"column":50}}],"line":47},"5":{"loc":{"start":{"line":57,"column":9},"end":{"line":57,"column":null}},"type":"binary-expr","locations":[{"start":{"line":57,"column":9},"end":{"line":57,"column":18}},{"start":{"line":57,"column":18},"end":{"line":57,"column":null}}],"line":57}},"s":{"0":4,"1":65,"2":4,"3":65,"4":4,"5":262,"6":262,"7":4,"8":26,"9":26,"10":4,"11":78},"f":{"0":65,"1":65,"2":262,"3":26,"4":78},"b":{"0":[262,0],"1":[262,13],"2":[262,13],"3":[26,0],"4":[26,0],"5":[26,0]},"meta":{"lastBranch":6,"lastFunction":5,"lastStatement":12,"seen":{"s:1:13:2:Infinity":0,"f:1:13:1:22":0,"s:2:2:2:Infinity":1,"s:5:13:6:Infinity":2,"f:5:13:5:21":1,"s:6:2:6:Infinity":3,"s:9:13:32:Infinity":4,"f:9:13:9:22":2,"s:20:4:21:Infinity":5,"b:20:4:20:76:21:4:21:Infinity":0,"b:20:21:20:30:20:30:20:50":1,"s:23:2:32:Infinity":6,"b:30:9:30:18:30:18:30:Infinity":2,"s:36:13:59:Infinity":7,"f:36:13:36:30":3,"s:47:4:48:Infinity":8,"b:47:4:47:76:48:4:48:Infinity":3,"b:47:21:47:30:47:30:47:50":4,"s:50:2:59:Infinity":9,"b:57:9:57:18:57:18:57:Infinity":5,"s:63:13:64:Infinity":10,"f:63:13:63:23":4,"s:64:2:64:Infinity":11}}}
,"C:\\Users\\Sebas Berrios\\OneDrive\\Escritorio\\Lyfter\\duad_sebas\\duad_sebas\\react\\paw-store\\src\\components\\Forms\\LoginForm.jsx": {"path":"C:\\Users\\Sebas Berrios\\OneDrive\\Escritorio\\Lyfter\\duad_sebas\\duad_sebas\\react\\paw-store\\src\\components\\Forms\\LoginForm.jsx","statementMap":{"0":{"start":{"line":14,"column":4},"end":{"line":15,"column":15}},"1":{"start":{"line":17,"column":17},"end":{"line":17,"column":41}},"2":{"start":{"line":19,"column":8},"end":{"line":19,"column":32}},"3":{"start":{"line":21,"column":27},"end":{"line":26,"column":null}},"4":{"start":{"line":22,"column":20},"end":{"line":22,"column":37}},"5":{"start":{"line":23,"column":4},"end":{"line":26,"column":null}},"6":{"start":{"line":24,"column":6},"end":{"line":24,"column":null}},"7":{"start":{"line":25,"column":6},"end":{"line":25,"column":null}},"8":{"start":{"line":26,"column":6},"end":{"line":26,"column":null}},"9":{"start":{"line":30,"column":2},"end":{"line":86,"column":null}},"10":{"start":{"line":79,"column":29},"end":{"line":79,"column":50}}},"fnMap":{"0":{"name":"LoginForm","decl":{"start":{"line":9,"column":16},"end":{"line":9,"column":28}},"loc":{"start":{"line":9,"column":28},"end":{"line":86,"column":null}},"line":9},"1":{"name":"(anonymous_1)","decl":{"start":{"line":21,"column":27},"end":{"line":21,"column":34}},"loc":{"start":{"line":21,"column":43},"end":{"line":26,"column":null}},"line":21},"2":{"name":"(anonymous_2)","decl":{"start":{"line":79,"column":14},"end":{"line":79,"column":29}},"loc":{"start":{"line":79,"column":29},"end":{"line":79,"column":50}},"line":79}},"branchMap":{"0":{"loc":{"start":{"line":23,"column":4},"end":{"line":26,"column":null}},"type":"if","locations":[{"start":{"line":23,"column":4},"end":{"line":26,"column":null}},{"start":{},"end":{}}],"line":23},"1":{"loc":{"start":{"line":37,"column":9},"end":{"line":37,"column":null}},"type":"binary-expr","locations":[{"start":{"line":37,"column":9},"end":{"line":37,"column":23}},{"start":{"line":37,"column":23},"end":{"line":37,"column":null}}],"line":37},"2":{"loc":{"start":{"line":47,"column":17},"end":{"line":47,"column":null}},"type":"cond-expr","locations":[{"start":{"line":47,"column":32},"end":{"line":47,"column":67}},{"start":{"line":47,"column":67},"end":{"line":47,"column":null}}],"line":47},"3":{"loc":{"start":{"line":61,"column":17},"end":{"line":61,"column":null}},"type":"cond-expr","locations":[{"start":{"line":61,"column":35},"end":{"line":61,"column":62}},{"start":{"line":61,"column":62},"end":{"line":61,"column":null}}],"line":61}},"s":{"0":12,"1":12,"2":12,"3":12,"4":1,"5":1,"6":1,"7":1,"8":1,"9":12,"10":1},"f":{"0":12,"1":1,"2":1},"b":{"0":[1,0],"1":[12,2],"2":[1,11],"3":[1,11]},"meta":{"lastBranch":4,"lastFunction":3,"lastStatement":11,"seen":{"f:9:16:9:28":0,"s:14:4:15:15":0,"s:17:17:17:41":1,"s:19:8:19:32":2,"s:21:27:26:Infinity":3,"f:21:27:21:34":1,"s:22:20:22:37":4,"b:23:4:26:Infinity:undefined:undefined:undefined:undefined":0,"s:23:4:26:Infinity":5,"s:24:6:24:Infinity":6,"s:25:6:25:Infinity":7,"s:26:6:26:Infinity":8,"s:30:2:86:Infinity":9,"b:37:9:37:23:37:23:37:Infinity":1,"b:47:32:47:67:47:67:47:Infinity":2,"b:61:35:61:62:61:62:61:Infinity":3,"f:79:14:79:29":2,"s:79:29:79:50":10}}}
,"C:\\Users\\Sebas Berrios\\OneDrive\\Escritorio\\Lyfter\\duad_sebas\\duad_sebas\\react\\paw-store\\src\\components\\Forms\\OrderSummary.module.css": {"path":"C:\\Users\\Sebas Berrios\\OneDrive\\Escritorio\\Lyfter\\duad_sebas\\duad_sebas\\react\\paw-store\\src\\components\\Forms\\OrderSummary.module.css","statementMap":{},"fnMap":{},"branchMap":{},"s":{},"f":{},"b":{},"meta":{"lastBranch":0,"lastFunction":0,"lastStatement":0,"seen":{}}}
,"C:\\Users\\Sebas Berrios\\OneDrive\\Escritorio\\Lyfter\\duad_sebas\\duad_sebas\\react\\paw-store\\src\\components\\Forms\\PurchaseInfoForm.jsx": {"path":"C:\\Users\\Sebas Berrios\\OneDrive\\Escritorio\\Lyfter\\duad_sebas\\duad_sebas\\react\\paw-store\\src\\components\\Forms\\PurchaseInfoForm.jsx","statementMap":{"0":{"start":{"line":19,"column":2},"end":{"line":41,"column":null}},"1":{"start":{"line":24,"column":10},"end":{"line":34,"column":null}},"2":{"start":{"line":50,"column":4},"end":{"line":51,"column":15}},"3":{"start":{"line":53,"column":8},"end":{"line":53,"column":null}},"4":{"start":{"line":55,"column":8},"end":{"line":55,"column":null}},"5":{"start":{"line":56,"column":8},"end":{"line":56,"column":null}},"6":{"start":{"line":57,"column":8},"end":{"line":57,"column":null}},"7":{"start":{"line":58,"column":8},"end":{"line":59,"column":null}},"8":{"start":{"line":59,"column":15},"end":{"line":59,"column":null}},"9":{"start":{"line":61,"column":8},"end":{"line":61,"column":78}},"10":{"start":{"line":61,"column":55},"end":{"line":61,"column":78}},"11":{"start":{"line":62,"column":8},"end":{"line":62,"column":70}},"12":{"start":{"line":62,"column":51},"end":{"line":62,"column":70}},"13":{"start":{"line":63,"column":8},"end":{"line":63,"column":72}},"14":{"start":{"line":63,"column":52},"end":{"line":63,"column":72}},"15":{"start":{"line":65,"column":8},"end":{"line":66,"column":null}},"16":{"start":{"line":66,"column":15},"end":{"line":66,"column":null}},"17":{"start":{"line":68,"column":8},"end":{"line":69,"column":null}},"18":{"start":{"line":69,"column":15},"end":{"line":69,"column":null}},"19":{"start":{"line":71,"column":8},"end":{"line":72,"column":null}},"20":{"start":{"line":72,"column":15},"end":{"line":72,"column":null}},"21":{"start":{"line":75,"column":8},"end":{"line":75,"column":32}},"22":{"start":{"line":77,"column":19},"end":{"line":98,"column":null}},"23":{"start":{"line":78,"column":19},"end":{"line":80,"column":null}},"24":{"start":{"line":83,"column":4},"end":{"line":83,"column":null}},"25":{"start":{"line":83,"column":29},"end":{"line":83,"column":null}},"26":{"start":{"line":85,"column":4},"end":{"line":85,"column":null}},"27":{"start":{"line":87,"column":4},"end":{"line":98,"column":null}},"28":{"start":{"line":88,"column":6},"end":{"line":88,"column":null}},"29":{"start":{"line":89,"column":6},"end":{"line":89,"column":null}},"30":{"start":{"line":90,"column":6},"end":{"line":90,"column":null}},"31":{"start":{"line":91,"column":6},"end":{"line":91,"column":null}},"32":{"start":{"line":92,"column":6},"end":{"line":92,"column":null}},"33":{"start":{"line":93,"column":6},"end":{"line":93,"column":null}},"34":{"start":{"line":95,"column":6},"end":{"line":98,"column":null}},"35":{"start":{"line":101,"column":19},"end":{"line":119,"column":null}},"36":{"start":{"line":102,"column":4},"end":{"line":119,"column":null}},"37":{"start":{"line":103,"column":22},"end":{"line":108,"column":null}},"38":{"start":{"line":110,"column":6},"end":{"line":110,"column":null}},"39":{"start":{"line":111,"column":6},"end":{"line":111,"column":null}},"40":{"start":{"line":112,"column":6},"end":{"line":112,"column":null}},"41":{"start":{"line":114,"column":6},"end":{"line":114,"column":null}},"42":{"start":{"line":116,"column":6},"end":{"line":119,"column":null}},"43":{"start":{"line":123,"column":4},"end":{"line":123,"column":null}},"44":{"start":{"line":125,"column":2},"end":{"line":223,"column":null}}},"fnMap":{"0":{"name":"OrderSummary","decl":{"start":{"line":18,"column":9},"end":{"line":18,"column":22}},"loc":{"start":{"line":18,"column":33},"end":{"line":41,"column":null}},"line":18},"1":{"name":"(anonymous_1)","decl":{"start":{"line":23,"column":15},"end":{"line":23,"column":20}},"loc":{"start":{"line":24,"column":10},"end":{"line":34,"column":null}},"line":24},"2":{"name":"PurchaseInfoForm","decl":{"start":{"line":45,"column":24},"end":{"line":45,"column":43}},"loc":{"start":{"line":45,"column":43},"end":{"line":223,"column":null}},"line":45},"3":{"name":"(anonymous_3)","decl":{"start":{"line":58,"column":29},"end":{"line":58,"column":null}},"loc":{"start":{"line":59,"column":15},"end":{"line":59,"column":null}},"line":59},"4":{"name":"(anonymous_4)","decl":{"start":{"line":61,"column":27},"end":{"line":61,"column":45}},"loc":{"start":{"line":61,"column":55},"end":{"line":61,"column":78}},"line":61},"5":{"name":"(anonymous_5)","decl":{"start":{"line":62,"column":23},"end":{"line":62,"column":41}},"loc":{"start":{"line":62,"column":51},"end":{"line":62,"column":70}},"line":62},"6":{"name":"(anonymous_6)","decl":{"start":{"line":63,"column":24},"end":{"line":63,"column":42}},"loc":{"start":{"line":63,"column":52},"end":{"line":63,"column":72}},"line":63},"7":{"name":"(anonymous_7)","decl":{"start":{"line":65,"column":33},"end":{"line":65,"column":null}},"loc":{"start":{"line":66,"column":15},"end":{"line":66,"column":null}},"line":66},"8":{"name":"(anonymous_8)","decl":{"start":{"line":68,"column":31},"end":{"line":68,"column":null}},"loc":{"start":{"line":69,"column":15},"end":{"line":69,"column":null}},"line":69},"9":{"name":"(anonymous_9)","decl":{"start":{"line":71,"column":28},"end":{"line":71,"column":null}},"loc":{"start":{"line":72,"column":15},"end":{"line":72,"column":null}},"line":72},"10":{"name":"(anonymous_10)","decl":{"start":{"line":77,"column":19},"end":{"line":77,"column":31}},"loc":{"start":{"line":77,"column":31},"end":{"line":98,"column":null}},"line":77},"11":{"name":"(anonymous_11)","decl":{"start":{"line":101,"column":19},"end":{"line":101,"column":26}},"loc":{"start":{"line":101,"column":35},"end":{"line":119,"column":null}},"line":101}},"branchMap":{"0":{"loc":{"start":{"line":83,"column":4},"end":{"line":83,"column":null}},"type":"if","locations":[{"start":{"line":83,"column":4},"end":{"line":83,"column":null}},{"start":{},"end":{}}],"line":83},"1":{"loc":{"start":{"line":97,"column":8},"end":{"line":97,"column":null}},"type":"binary-expr","locations":[{"start":{"line":97,"column":8},"end":{"line":97,"column":35}},{"start":{"line":97,"column":35},"end":{"line":97,"column":48}},{"start":{"line":97,"column":48},"end":{"line":97,"column":null}}],"line":97},"2":{"loc":{"start":{"line":118,"column":8},"end":{"line":118,"column":null}},"type":"binary-expr","locations":[{"start":{"line":118,"column":8},"end":{"line":118,"column":35}},{"start":{"line":118,"column":35},"end":{"line":118,"column":48}},{"start":{"line":118,"column":48},"end":{"line":118,"column":null}}],"line":118},"3":{"loc":{"start":{"line":123,"column":4},"end":{"line":123,"column":null}},"type":"binary-expr","locations":[{"start":{"line":123,"column":4},"end":{"line":123,"column":30}},{"start":{"line":123,"column":30},"end":{"line":123,"column":54}},{"start":{"line":123,"column":54},"end":{"line":123,"column":null}}],"line":123},"4":{"loc":{"start":{"line":125,"column":9},"end":{"line":223,"column":null}},"type":"cond-expr","locations":[{"start":{"line":126,"column":4},"end":{"line":126,"column":17}},{"start":{"line":128,"column":4},"end":{"line":223,"column":null}}],"line":125},"5":{"loc":{"start":{"line":146,"column":19},"end":{"line":146,"column":null}},"type":"cond-expr","locations":[{"start":{"line":146,"column":33},"end":{"line":146,"column":65}},{"start":{"line":146,"column":65},"end":{"line":146,"column":null}}],"line":146},"6":{"loc":{"start":{"line":161,"column":19},"end":{"line":161,"column":null}},"type":"cond-expr","locations":[{"start":{"line":161,"column":34},"end":{"line":161,"column":69}},{"start":{"line":161,"column":69},"end":{"line":161,"column":null}}],"line":161},"7":{"loc":{"start":{"line":176,"column":19},"end":{"line":176,"column":null}},"type":"cond-expr","locations":[{"start":{"line":176,"column":36},"end":{"line":176,"column":62}},{"start":{"line":176,"column":62},"end":{"line":176,"column":null}}],"line":176},"8":{"loc":{"start":{"line":191,"column":19},"end":{"line":191,"column":null}},"type":"cond-expr","locations":[{"start":{"line":191,"column":40},"end":{"line":191,"column":75}},{"start":{"line":191,"column":75},"end":{"line":191,"column":null}}],"line":191},"9":{"loc":{"start":{"line":211,"column":15},"end":{"line":211,"column":null}},"type":"cond-expr","locations":[{"start":{"line":211,"column":30},"end":{"line":211,"column":55}},{"start":{"line":211,"column":55},"end":{"line":211,"column":null}}],"line":211}},"s":{"0":13,"1":26,"2":15,"3":15,"4":15,"5":15,"6":15,"7":15,"8":45,"9":15,"10":45,"11":15,"12":45,"13":15,"14":45,"15":15,"16":45,"17":15,"18":45,"19":15,"20":45,"21":15,"22":15,"23":1,"24":1,"25":0,"26":1,"27":1,"28":1,"29":1,"30":1,"31":1,"32":1,"33":1,"34":0,"35":15,"36":1,"37":1,"38":1,"39":1,"40":1,"41":1,"42":0,"43":15,"44":15},"f":{"0":13,"1":26,"2":15,"3":45,"4":45,"5":45,"6":45,"7":45,"8":45,"9":45,"10":1,"11":1},"b":{"0":[0,1],"1":[0,0,0],"2":[0,0,0],"3":[15,15,15],"4":[2,13],"5":[1,12],"6":[1,12],"7":[1,12],"8":[1,12],"9":[0,13]},"meta":{"lastBranch":10,"lastFunction":12,"lastStatement":45,"seen":{"f:18:9:18:22":0,"s:19:2:41:Infinity":0,"f:23:15:23:20":1,"s:24:10:34:Infinity":1,"f:45:24:45:43":2,"s:50:4:51:15":2,"s:53:8:53:Infinity":3,"s:55:8:55:Infinity":4,"s:56:8:56:Infinity":5,"s:57:8:57:Infinity":6,"s:58:8:59:Infinity":7,"f:58:29:58:Infinity":3,"s:59:15:59:Infinity":8,"s:61:8:61:78":9,"f:61:27:61:45":4,"s:61:55:61:78":10,"s:62:8:62:70":11,"f:62:23:62:41":5,"s:62:51:62:70":12,"s:63:8:63:72":13,"f:63:24:63:42":6,"s:63:52:63:72":14,"s:65:8:66:Infinity":15,"f:65:33:65:Infinity":7,"s:66:15:66:Infinity":16,"s:68:8:69:Infinity":17,"f:68:31:68:Infinity":8,"s:69:15:69:Infinity":18,"s:71:8:72:Infinity":19,"f:71:28:71:Infinity":9,"s:72:15:72:Infinity":20,"s:75:8:75:32":21,"s:77:19:98:Infinity":22,"f:77:19:77:31":10,"s:78:19:80:Infinity":23,"b:83:4:83:Infinity:undefined:undefined:undefined:undefined":0,"s:83:4:83:Infinity":24,"s:83:29:83:Infinity":25,"s:85:4:85:Infinity":26,"s:87:4:98:Infinity":27,"s:88:6:88:Infinity":28,"s:89:6:89:Infinity":29,"s:90:6:90:Infinity":30,"s:91:6:91:Infinity":31,"s:92:6:92:Infinity":32,"s:93:6:93:Infinity":33,"s:95:6:98:Infinity":34,"b:97:8:97:35:97:35:97:48:97:48:97:Infinity":1,"s:101:19:119:Infinity":35,"f:101:19:101:26":11,"s:102:4:119:Infinity":36,"s:103:22:108:Infinity":37,"s:110:6:110:Infinity":38,"s:111:6:111:Infinity":39,"s:112:6:112:Infinity":40,"s:114:6:114:Infinity":41,"s:116:6:119:Infinity":42,"b:118:8:118:35:118:35:118:48:118:48:118:Infinity":2,"s:123:4:123:Infinity":43,"b:123:4:123:30:123:30:123:54:123:54:123:Infinity":3,"s:125:2:223:Infinity":44,"b:126:4:126:17:128:4:223:Infinity":4,"b:146:33:146:65:146:65:146:Infinity":5,"b:161:34:161:69:161:69:161:Infinity":6,"b:176:36:176:62:176:62:176:Infinity":7,"b:191:40:191:75:191:75:191:Infinity":8,"b:211:30:211:55:211:55:211:Infinity":9}}}
,"C:\\Users\\Sebas Berrios\\OneDrive\\Escritorio\\Lyfter\\duad_sebas\\duad_sebas\\react\\paw-store\\src\\components\\Forms\\RegisterForm.jsx": {"path":"C:\\Users\\Sebas Berrios\\OneDrive\\Escritorio\\Lyfter\\duad_sebas\\duad_sebas\\react\\paw-store\\src\\components\\Forms\\RegisterForm.jsx","statementMap":{"0":{"start":{"line":14,"column":4},"end":{"line":15,"column":15}},"1":{"start":{"line":17,"column":24},"end":{"line":17,"column":51}},"2":{"start":{"line":18,"column":8},"end":{"line":18,"column":32}},"3":{"start":{"line":20,"column":19},"end":{"line":20,"column":36}},"4":{"start":{"line":22,"column":27},"end":{"line":26,"column":null}},"5":{"start":{"line":23,"column":20},"end":{"line":23,"column":44}},"6":{"start":{"line":24,"column":4},"end":{"line":26,"column":null}},"7":{"start":{"line":25,"column":6},"end":{"line":25,"column":null}},"8":{"start":{"line":26,"column":6},"end":{"line":26,"column":null}},"9":{"start":{"line":29,"column":2},"end":{"line":128,"column":null}},"10":{"start":{"line":103,"column":16},"end":{"line":103,"column":null}},"11":{"start":{"line":121,"column":29},"end":{"line":121,"column":47}}},"fnMap":{"0":{"name":"RegisterForm","decl":{"start":{"line":8,"column":16},"end":{"line":8,"column":31}},"loc":{"start":{"line":8,"column":31},"end":{"line":128,"column":null}},"line":8},"1":{"name":"(anonymous_1)","decl":{"start":{"line":22,"column":27},"end":{"line":22,"column":34}},"loc":{"start":{"line":22,"column":43},"end":{"line":26,"column":null}},"line":22},"2":{"name":"(anonymous_2)","decl":{"start":{"line":102,"column":14},"end":{"line":102,"column":25}},"loc":{"start":{"line":103,"column":16},"end":{"line":103,"column":null}},"line":103},"3":{"name":"(anonymous_3)","decl":{"start":{"line":121,"column":14},"end":{"line":121,"column":29}},"loc":{"start":{"line":121,"column":29},"end":{"line":121,"column":47}},"line":121}},"branchMap":{"0":{"loc":{"start":{"line":24,"column":4},"end":{"line":26,"column":null}},"type":"if","locations":[{"start":{"line":24,"column":4},"end":{"line":26,"column":null}},{"start":{},"end":{}}],"line":24},"1":{"loc":{"start":{"line":36,"column":9},"end":{"line":36,"column":null}},"type":"binary-expr","locations":[{"start":{"line":36,"column":9},"end":{"line":36,"column":26}},{"start":{"line":36,"column":26},"end":{"line":36,"column":null}}],"line":36},"2":{"loc":{"start":{"line":103,"column":16},"end":{"line":103,"column":null}},"type":"binary-expr","locations":[{"start":{"line":103,"column":16},"end":{"line":103,"column":38}},{"start":{"line":103,"column":38},"end":{"line":103,"column":null}}],"line":103}},"s":{"0":14,"1":14,"2":14,"3":14,"4":14,"5":0,"6":0,"7":0,"8":0,"9":14,"10":1,"11":1},"f":{"0":14,"1":0,"2":1,"3":1},"b":{"0":[0,0],"1":[14,0],"2":[1,1]},"meta":{"lastBranch":3,"lastFunction":4,"lastStatement":12,"seen":{"f:8:16:8:31":0,"s:14:4:15:15":0,"s:17:24:17:51":1,"s:18:8:18:32":2,"s:20:19:20:36":3,"s:22:27:26:Infinity":4,"f:22:27:22:34":1,"s:23:20:23:44":5,"b:24:4:26:Infinity:undefined:undefined:undefined:undefined":0,"s:24:4:26:Infinity":6,"s:25:6:25:Infinity":7,"s:26:6:26:Infinity":8,"s:29:2:128:Infinity":9,"b:36:9:36:26:36:26:36:Infinity":1,"f:102:14:102:25":2,"s:103:16:103:Infinity":10,"b:103:16:103:38:103:38:103:Infinity":2,"f:121:14:121:29":3,"s:121:29:121:47":11}}}
,"C:\\Users\\Sebas Berrios\\OneDrive\\Escritorio\\Lyfter\\duad_sebas\\duad_sebas\\react\\paw-store\\src\\components\\Messages-States\\Alerts.jsx": {"path":"C:\\Users\\Sebas Berrios\\OneDrive\\Escritorio\\Lyfter\\duad_sebas\\duad_sebas\\react\\paw-store\\src\\components\\Messages-States\\Alerts.jsx","statementMap":{"0":{"start":{"line":3,"column":13},"end":{"line":9,"column":null}},"1":{"start":{"line":4,"column":2},"end":{"line":9,"column":null}},"2":{"start":{"line":12,"column":13},"end":{"line":18,"column":null}},"3":{"start":{"line":13,"column":2},"end":{"line":18,"column":null}},"4":{"start":{"line":21,"column":13},"end":{"line":30,"column":null}},"5":{"start":{"line":22,"column":2},"end":{"line":30,"column":null}},"6":{"start":{"line":33,"column":13},"end":{"line":38,"column":null}},"7":{"start":{"line":34,"column":2},"end":{"line":38,"column":null}},"8":{"start":{"line":37,"column":19},"end":{"line":37,"column":null}},"9":{"start":{"line":41,"column":13},"end":{"line":42,"column":null}},"10":{"start":{"line":42,"column":2},"end":{"line":42,"column":null}},"11":{"start":{"line":47,"column":19},"end":{"line":57,"column":2}},"12":{"start":{"line":54,"column":4},"end":{"line":54,"column":null}},"13":{"start":{"line":55,"column":4},"end":{"line":55,"column":null}},"14":{"start":{"line":59,"column":13},"end":{"line":63,"column":null}},"15":{"start":{"line":60,"column":2},"end":{"line":63,"column":null}},"16":{"start":{"line":66,"column":13},"end":{"line":78,"column":null}},"17":{"start":{"line":67,"column":2},"end":{"line":78,"column":null}},"18":{"start":{"line":75,"column":4},"end":{"line":76,"column":null}},"19":{"start":{"line":76,"column":6},"end":{"line":76,"column":null}},"20":{"start":{"line":81,"column":13},"end":{"line":88,"column":null}},"21":{"start":{"line":82,"column":2},"end":{"line":88,"column":null}}},"fnMap":{"0":{"name":"(anonymous_0)","decl":{"start":{"line":3,"column":13},"end":{"line":3,"column":31}},"loc":{"start":{"line":3,"column":47},"end":{"line":9,"column":null}},"line":3},"1":{"name":"(anonymous_1)","decl":{"start":{"line":12,"column":13},"end":{"line":12,"column":33}},"loc":{"start":{"line":12,"column":49},"end":{"line":18,"column":null}},"line":12},"2":{"name":"(anonymous_2)","decl":{"start":{"line":21,"column":13},"end":{"line":21,"column":33}},"loc":{"start":{"line":21,"column":49},"end":{"line":30,"column":null}},"line":21},"3":{"name":"(anonymous_3)","decl":{"start":{"line":33,"column":13},"end":{"line":33,"column":33}},"loc":{"start":{"line":33,"column":43},"end":{"line":38,"column":null}},"line":33},"4":{"name":"(anonymous_4)","decl":{"start":{"line":37,"column":4},"end":{"line":37,"column":19}},"loc":{"start":{"line":37,"column":19},"end":{"line":37,"column":null}},"line":37},"5":{"name":"(anonymous_5)","decl":{"start":{"line":41,"column":13},"end":{"line":41,"column":32}},"loc":{"start":{"line":41,"column":32},"end":{"line":42,"column":null}},"line":41},"6":{"name":"(anonymous_6)","decl":{"start":{"line":53,"column":2},"end":{"line":53,"column":12}},"loc":{"start":{"line":53,"column":22},"end":{"line":55,"column":null}},"line":53},"7":{"name":"(anonymous_7)","decl":{"start":{"line":59,"column":13},"end":{"line":59,"column":33}},"loc":{"start":{"line":59,"column":42},"end":{"line":63,"column":null}},"line":59},"8":{"name":"(anonymous_8)","decl":{"start":{"line":66,"column":13},"end":{"line":66,"column":40}},"loc":{"start":{"line":66,"column":40},"end":{"line":78,"column":null}},"line":66},"9":{"name":"(anonymous_9)","decl":{"start":{"line":74,"column":5},"end":{"line":74,"column":11}},"loc":{"start":{"line":74,"column":22},"end":{"line":78,"column":null}},"line":74},"10":{"name":"(anonymous_10)","decl":{"start":{"line":81,"column":13},"end":{"line":81,"column":39}},"loc":{"start":{"line":81,"column":39},"end":{"line":88,"column":null}},"line":81}},"branchMap":{"0":{"loc":{"start":{"line":62,"column":11},"end":{"line":62,"column":null}},"type":"cond-expr","locations":[{"start":{"line":62,"column":18},"end":{"line":62,"column":42}},{"start":{"line":62,"column":42},"end":{"line":62,"column":null}}],"line":62},"1":{"loc":{"start":{"line":75,"column":4},"end":{"line":76,"column":null}},"type":"if","locations":[{"start":{"line":75,"column":4},"end":{"line":76,"column":null}},{"start":{},"end":{}}],"line":75}},"s":{"0":2,"1":0,"2":2,"3":1,"4":2,"5":0,"6":2,"7":0,"8":0,"9":2,"10":0,"11":2,"12":1,"13":1,"14":2,"15":1,"16":2,"17":0,"18":0,"19":0,"20":2,"21":0},"f":{"0":0,"1":1,"2":0,"3":0,"4":0,"5":0,"6":1,"7":1,"8":0,"9":0,"10":0},"b":{"0":[1,0],"1":[0,0]},"meta":{"lastBranch":2,"lastFunction":11,"lastStatement":22,"seen":{"s:3:13:9:Infinity":0,"f:3:13:3:31":0,"s:4:2:9:Infinity":1,"s:12:13:18:Infinity":2,"f:12:13:12:33":1,"s:13:2:18:Infinity":3,"s:21:13:30:Infinity":4,"f:21:13:21:33":2,"s:22:2:30:Infinity":5,"s:33:13:38:Infinity":6,"f:33:13:33:33":3,"s:34:2:38:Infinity":7,"f:37:4:37:19":4,"s:37:19:37:Infinity":8,"s:41:13:42:Infinity":9,"f:41:13:41:32":5,"s:42:2:42:Infinity":10,"s:47:19:57:2":11,"f:53:2:53:12":6,"s:54:4:54:Infinity":12,"s:55:4:55:Infinity":13,"s:59:13:63:Infinity":14,"f:59:13:59:33":7,"s:60:2:63:Infinity":15,"b:62:18:62:42:62:42:62:Infinity":0,"s:66:13:78:Infinity":16,"f:66:13:66:40":8,"s:67:2:78:Infinity":17,"f:74:5:74:11":9,"b:75:4:76:Infinity:undefined:undefined:undefined:undefined":1,"s:75:4:76:Infinity":18,"s:76:6:76:Infinity":19,"s:81:13:88:Infinity":20,"f:81:13:81:39":10,"s:82:2:88:Infinity":21}}}
,"C:\\Users\\Sebas Berrios\\OneDrive\\Escritorio\\Lyfter\\duad_sebas\\duad_sebas\\react\\paw-store\\src\\components\\Messages-States\\Error.jsx": {"path":"C:\\Users\\Sebas Berrios\\OneDrive\\Escritorio\\Lyfter\\duad_sebas\\duad_sebas\\react\\paw-store\\src\\components\\Messages-States\\Error.jsx","statementMap":{"0":{"start":{"line":5,"column":2},"end":{"line":10,"column":null}},"1":{"start":{"line":15,"column":2},"end":{"line":15,"column":null}}},"fnMap":{"0":{"name":"ErrorPage","decl":{"start":{"line":4,"column":16},"end":{"line":4,"column":26}},"loc":{"start":{"line":4,"column":36},"end":{"line":10,"column":null}},"line":4},"1":{"name":"ErrorMessage","decl":{"start":{"line":14,"column":16},"end":{"line":14,"column":29}},"loc":{"start":{"line":14,"column":39},"end":{"line":15,"column":null}},"line":14}},"branchMap":{},"s":{"0":3,"1":0},"f":{"0":3,"1":0},"b":{},"meta":{"lastBranch":0,"lastFunction":2,"lastStatement":2,"seen":{"f:4:16:4:26":0,"s:5:2:10:Infinity":0,"f:14:16:14:29":1,"s:15:2:15:Infinity":1}}}
,"C:\\Users\\Sebas Berrios\\OneDrive\\Escritorio\\Lyfter\\duad_sebas\\duad_sebas\\react\\paw-store\\src\\components\\Messages-States\\Loading.jsx": {"path":"C:\\Users\\Sebas Berrios\\OneDrive\\Escritorio\\Lyfter\\duad_sebas\\duad_sebas\\react\\paw-store\\src\\components\\Messages-States\\Loading.jsx","statementMap":{"0":{"start":{"line":5,"column":2},"end":{"line":11,"column":null}},"1":{"start":{"line":16,"column":2},"end":{"line":16,"column":null}}},"fnMap":{"0":{"name":"LoadingPage","decl":{"start":{"line":4,"column":16},"end":{"line":4,"column":28}},"loc":{"start":{"line":4,"column":41},"end":{"line":11,"column":null}},"line":4},"1":{"name":"LoadingComponent","decl":{"start":{"line":15,"column":16},"end":{"line":15,"column":35}},"loc":{"start":{"line":15,"column":35},"end":{"line":16,"column":null}},"line":15}},"branchMap":{},"s":{"0":3,"1":0},"f":{"0":3,"1":0},"b":{},"meta":{"lastBranch":0,"lastFunction":2,"lastStatement":2,"seen":{"f:4:16:4:28":0,"s:5:2:11:Infinity":0,"f:15:16:15:35":1,"s:16:2:16:Infinity":1}}}
,"C:\\Users\\Sebas Berrios\\OneDrive\\Escritorio\\Lyfter\\duad_sebas\\duad_sebas\\react\\paw-store\\src\\components\\Messages-States\\MessagesStates.module.css": {"path":"C:\\Users\\Sebas Berrios\\OneDrive\\Escritorio\\Lyfter\\duad_sebas\\duad_sebas\\react\\paw-store\\src\\components\\Messages-States\\MessagesStates.module.css","statementMap":{},"fnMap":{},"branchMap":{},"s":{},"f":{},"b":{},"meta":{"lastBranch":0,"lastFunction":0,"lastStatement":0,"seen":{}}}
,"C:\\Users\\Sebas Berrios\\OneDrive\\Escritorio\\Lyfter\\duad_sebas\\duad_sebas\\react\\paw-store\\src\\components\\Messages-States\\NotFound.jsx": {"path":"C:\\Users\\Sebas Berrios\\OneDrive\\Escritorio\\Lyfter\\duad_sebas\\duad_sebas\\react\\paw-store\\src\\components\\Messages-States\\NotFound.jsx","statementMap":{"0":{"start":{"line":6,"column":8},"end":{"line":6,"column":32}},"1":{"start":{"line":7,"column":16},"end":{"line":13,"column":null}},"2":{"start":{"line":12,"column":25},"end":{"line":12,"column":null}},"3":{"start":{"line":14,"column":2},"end":{"line":14,"column":null}}},"fnMap":{"0":{"name":"NotFound","decl":{"start":{"line":5,"column":16},"end":{"line":5,"column":25}},"loc":{"start":{"line":5,"column":45},"end":{"line":14,"column":null}},"line":5},"1":{"name":"(anonymous_1)","decl":{"start":{"line":12,"column":4},"end":{"line":12,"column":25}},"loc":{"start":{"line":12,"column":25},"end":{"line":12,"column":null}},"line":12}},"branchMap":{},"s":{"0":2,"1":2,"2":0,"3":2},"f":{"0":2,"1":0},"b":{},"meta":{"lastBranch":0,"lastFunction":2,"lastStatement":4,"seen":{"f:5:16:5:25":0,"s:6:8:6:32":0,"s:7:16:13:Infinity":1,"f:12:4:12:25":1,"s:12:25:12:Infinity":2,"s:14:2:14:Infinity":3}}}
,"C:\\Users\\Sebas Berrios\\OneDrive\\Escritorio\\Lyfter\\duad_sebas\\duad_sebas\\react\\paw-store\\src\\components\\Messages-States\\PurchaseSuccess.jsx": {"path":"C:\\Users\\Sebas Berrios\\OneDrive\\Escritorio\\Lyfter\\duad_sebas\\duad_sebas\\react\\paw-store\\src\\components\\Messages-States\\PurchaseSuccess.jsx","statementMap":{"0":{"start":{"line":5,"column":6},"end":{"line":14,"column":null}},"1":{"start":{"line":6,"column":2},"end":{"line":14,"column":null}},"2":{"start":{"line":19,"column":2},"end":{"line":28,"column":null}}},"fnMap":{"0":{"name":"(anonymous_0)","decl":{"start":{"line":5,"column":6},"end":{"line":5,"column":13}},"loc":{"start":{"line":5,"column":31},"end":{"line":14,"column":null}},"line":5},"1":{"name":"PurchaseSuccess","decl":{"start":{"line":18,"column":24},"end":{"line":18,"column":42}},"loc":{"start":{"line":18,"column":42},"end":{"line":28,"column":null}},"line":18}},"branchMap":{},"s":{"0":1,"1":7,"2":7},"f":{"0":7,"1":7},"b":{},"meta":{"lastBranch":0,"lastFunction":2,"lastStatement":3,"seen":{"s:5:6:14:Infinity":0,"f:5:6:5:13":0,"s:6:2:14:Infinity":1,"f:18:24:18:42":1,"s:19:2:28:Infinity":2}}}
,"C:\\Users\\Sebas Berrios\\OneDrive\\Escritorio\\Lyfter\\duad_sebas\\duad_sebas\\react\\paw-store\\src\\components\\Messages-States\\Restricted.jsx": {"path":"C:\\Users\\Sebas Berrios\\OneDrive\\Escritorio\\Lyfter\\duad_sebas\\duad_sebas\\react\\paw-store\\src\\components\\Messages-States\\Restricted.jsx","statementMap":{"0":{"start":{"line":6,"column":13},"end":{"line":7,"column":null}},"1":{"start":{"line":7,"column":2},"end":{"line":7,"column":null}},"2":{"start":{"line":9,"column":13},"end":{"line":10,"column":null}},"3":{"start":{"line":10,"column":2},"end":{"line":10,"column":null}},"4":{"start":{"line":12,"column":13},"end":{"line":13,"column":null}},"5":{"start":{"line":13,"column":2},"end":{"line":13,"column":null}},"6":{"start":{"line":15,"column":13},"end":{"line":18,"column":null}},"7":{"start":{"line":16,"column":2},"end":{"line":18,"column":null}},"8":{"start":{"line":22,"column":2},"end":{"line":34,"column":null}},"9":{"start":{"line":39,"column":8},"end":{"line":39,"column":32}},"10":{"start":{"line":40,"column":16},"end":{"line":46,"column":null}},"11":{"start":{"line":45,"column":25},"end":{"line":45,"column":null}},"12":{"start":{"line":47,"column":2},"end":{"line":47,"column":null}},"13":{"start":{"line":51,"column":8},"end":{"line":51,"column":32}},"14":{"start":{"line":52,"column":16},"end":{"line":58,"column":null}},"15":{"start":{"line":57,"column":25},"end":{"line":57,"column":null}},"16":{"start":{"line":59,"column":2},"end":{"line":59,"column":null}}},"fnMap":{"0":{"name":"(anonymous_0)","decl":{"start":{"line":6,"column":13},"end":{"line":6,"column":20}},"loc":{"start":{"line":7,"column":2},"end":{"line":7,"column":null}},"line":7},"1":{"name":"(anonymous_1)","decl":{"start":{"line":9,"column":13},"end":{"line":9,"column":22}},"loc":{"start":{"line":10,"column":2},"end":{"line":10,"column":null}},"line":10},"2":{"name":"(anonymous_2)","decl":{"start":{"line":12,"column":13},"end":{"line":12,"column":24}},"loc":{"start":{"line":13,"column":2},"end":{"line":13,"column":null}},"line":13},"3":{"name":"(anonymous_3)","decl":{"start":{"line":15,"column":13},"end":{"line":15,"column":23}},"loc":{"start":{"line":16,"column":2},"end":{"line":18,"column":null}},"line":16},"4":{"name":"LayoutRestricted","decl":{"start":{"line":21,"column":16},"end":{"line":21,"column":33}},"loc":{"start":{"line":21,"column":44},"end":{"line":34,"column":null}},"line":21},"5":{"name":"NoLoggedWarning","decl":{"start":{"line":38,"column":16},"end":{"line":38,"column":34}},"loc":{"start":{"line":38,"column":34},"end":{"line":47,"column":null}},"line":38},"6":{"name":"(anonymous_6)","decl":{"start":{"line":45,"column":4},"end":{"line":45,"column":25}},"loc":{"start":{"line":45,"column":25},"end":{"line":45,"column":null}},"line":45},"7":{"name":"NoAdminWarning","decl":{"start":{"line":50,"column":16},"end":{"line":50,"column":33}},"loc":{"start":{"line":50,"column":33},"end":{"line":59,"column":null}},"line":50},"8":{"name":"(anonymous_8)","decl":{"start":{"line":57,"column":4},"end":{"line":57,"column":25}},"loc":{"start":{"line":57,"column":25},"end":{"line":57,"column":null}},"line":57}},"branchMap":{},"s":{"0":2,"1":2,"2":2,"3":9,"4":2,"5":9,"6":2,"7":2,"8":2,"9":0,"10":0,"11":0,"12":0,"13":0,"14":0,"15":0,"16":0},"f":{"0":2,"1":9,"2":9,"3":2,"4":2,"5":0,"6":0,"7":0,"8":0},"b":{},"meta":{"lastBranch":0,"lastFunction":9,"lastStatement":17,"seen":{"s:6:13:7:Infinity":0,"f:6:13:6:20":0,"s:7:2:7:Infinity":1,"s:9:13:10:Infinity":2,"f:9:13:9:22":1,"s:10:2:10:Infinity":3,"s:12:13:13:Infinity":4,"f:12:13:12:24":2,"s:13:2:13:Infinity":5,"s:15:13:18:Infinity":6,"f:15:13:15:23":3,"s:16:2:18:Infinity":7,"f:21:16:21:33":4,"s:22:2:34:Infinity":8,"f:38:16:38:34":5,"s:39:8:39:32":9,"s:40:16:46:Infinity":10,"f:45:4:45:25":6,"s:45:25:45:Infinity":11,"s:47:2:47:Infinity":12,"f:50:16:50:33":7,"s:51:8:51:32":13,"s:52:16:58:Infinity":14,"f:57:4:57:25":8,"s:57:25:57:Infinity":15,"s:59:2:59:Infinity":16}}}
,"C:\\Users\\Sebas Berrios\\OneDrive\\Escritorio\\Lyfter\\duad_sebas\\duad_sebas\\react\\paw-store\\src\\components\\Products\\NoProductsMessage.jsx": {"path":"C:\\Users\\Sebas Berrios\\OneDrive\\Escritorio\\Lyfter\\duad_sebas\\duad_sebas\\react\\paw-store\\src\\components\\Products\\NoProductsMessage.jsx","statementMap":{"0":{"start":{"line":6,"column":2},"end":{"line":18,"column":null}}},"fnMap":{"0":{"name":"NoProductsMessage","decl":{"start":{"line":5,"column":16},"end":{"line":5,"column":36}},"loc":{"start":{"line":5,"column":36},"end":{"line":18,"column":null}},"line":5}},"branchMap":{},"s":{"0":3},"f":{"0":3},"b":{},"meta":{"lastBranch":0,"lastFunction":1,"lastStatement":1,"seen":{"f:5:16:5:36":0,"s:6:2:18:Infinity":0}}}
,"C:\\Users\\Sebas Berrios\\OneDrive\\Escritorio\\Lyfter\\duad_sebas\\duad_sebas\\react\\paw-store\\src\\components\\Products\\NoProductsMessage.module.css": {"path":"C:\\Users\\Sebas Berrios\\OneDrive\\Escritorio\\Lyfter\\duad_sebas\\duad_sebas\\react\\paw-store\\src\\components\\Products\\NoProductsMessage.module.css","statementMap":{},"fnMap":{},"branchMap":{},"s":{},"f":{},"b":{},"meta":{"lastBranch":0,"lastFunction":0,"lastStatement":0,"seen":{}}}
,"C:\\Users\\Sebas Berrios\\OneDrive\\Escritorio\\Lyfter\\duad_sebas\\duad_sebas\\react\\paw-store\\src\\components\\Products\\ProductCard.jsx": {"path":"C:\\Users\\Sebas Berrios\\OneDrive\\Escritorio\\Lyfter\\duad_sebas\\duad_sebas\\react\\paw-store\\src\\components\\Products\\ProductCard.jsx","statementMap":{"0":{"start":{"line":5,"column":2},"end":{"line":23,"column":null}},"1":{"start":{"line":18,"column":25},"end":{"line":18,"column":47}}},"fnMap":{"0":{"name":"ProductCard","decl":{"start":{"line":4,"column":16},"end":{"line":4,"column":28}},"loc":{"start":{"line":4,"column":56},"end":{"line":23,"column":null}},"line":4},"1":{"name":"(anonymous_1)","decl":{"start":{"line":18,"column":10},"end":{"line":18,"column":25}},"loc":{"start":{"line":18,"column":25},"end":{"line":18,"column":47}},"line":18}},"branchMap":{},"s":{"0":9,"1":1},"f":{"0":9,"1":1},"b":{},"meta":{"lastBranch":0,"lastFunction":2,"lastStatement":2,"seen":{"f:4:16:4:28":0,"s:5:2:23:Infinity":0,"f:18:10:18:25":1,"s:18:25:18:47":1}}}
,"C:\\Users\\Sebas Berrios\\OneDrive\\Escritorio\\Lyfter\\duad_sebas\\duad_sebas\\react\\paw-store\\src\\components\\Products\\ProductCard.module.css": {"path":"C:\\Users\\Sebas Berrios\\OneDrive\\Escritorio\\Lyfter\\duad_sebas\\duad_sebas\\react\\paw-store\\src\\components\\Products\\ProductCard.module.css","statementMap":{},"fnMap":{},"branchMap":{},"s":{},"f":{},"b":{},"meta":{"lastBranch":0,"lastFunction":0,"lastStatement":0,"seen":{}}}
,"C:\\Users\\Sebas Berrios\\OneDrive\\Escritorio\\Lyfter\\duad_sebas\\duad_sebas\\react\\paw-store\\src\\components\\PurchaseFlow\\ContinueCard.jsx": {"path":"C:\\Users\\Sebas Berrios\\OneDrive\\Escritorio\\Lyfter\\duad_sebas\\duad_sebas\\react\\paw-store\\src\\components\\PurchaseFlow\\ContinueCard.jsx","statementMap":{"0":{"start":{"line":4,"column":2},"end":{"line":17,"column":null}}},"fnMap":{"0":{"name":"ContinueCard","decl":{"start":{"line":3,"column":16},"end":{"line":3,"column":29}},"loc":{"start":{"line":3,"column":76},"end":{"line":17,"column":null}},"line":3}},"branchMap":{"0":{"loc":{"start":{"line":12,"column":18},"end":{"line":12,"column":null}},"type":"binary-expr","locations":[{"start":{"line":12,"column":18},"end":{"line":12,"column":31}},{"start":{"line":12,"column":31},"end":{"line":12,"column":null}}],"line":12},"1":{"loc":{"start":{"line":15,"column":9},"end":{"line":15,"column":null}},"type":"cond-expr","locations":[{"start":{"line":15,"column":21},"end":{"line":15,"column":40}},{"start":{"line":15,"column":40},"end":{"line":15,"column":null}}],"line":15}},"s":{"0":9},"f":{"0":9},"b":{"0":[9,8],"1":[1,8]},"meta":{"lastBranch":2,"lastFunction":1,"lastStatement":1,"seen":{"f:3:16:3:29":0,"s:4:2:17:Infinity":0,"b:12:18:12:31:12:31:12:Infinity":0,"b:15:21:15:40:15:40:15:Infinity":1}}}
,"C:\\Users\\Sebas Berrios\\OneDrive\\Escritorio\\Lyfter\\duad_sebas\\duad_sebas\\react\\paw-store\\src\\components\\PurchaseFlow\\ContinueCard.module.css": {"path":"C:\\Users\\Sebas Berrios\\OneDrive\\Escritorio\\Lyfter\\duad_sebas\\duad_sebas\\react\\paw-store\\src\\components\\PurchaseFlow\\ContinueCard.module.css","statementMap":{},"fnMap":{},"branchMap":{},"s":{},"f":{},"b":{},"meta":{"lastBranch":0,"lastFunction":0,"lastStatement":0,"seen":{}}}
,"C:\\Users\\Sebas Berrios\\OneDrive\\Escritorio\\Lyfter\\duad_sebas\\duad_sebas\\react\\paw-store\\src\\components\\PurchaseFlow\\ItemCart.jsx": {"path":"C:\\Users\\Sebas Berrios\\OneDrive\\Escritorio\\Lyfter\\duad_sebas\\duad_sebas\\react\\paw-store\\src\\components\\PurchaseFlow\\ItemCart.jsx","statementMap":{"0":{"start":{"line":4,"column":13},"end":{"line":43,"column":null}},"1":{"start":{"line":5,"column":2},"end":{"line":43,"column":null}},"2":{"start":{"line":54,"column":2},"end":{"line":89,"column":null}}},"fnMap":{"0":{"name":"(anonymous_0)","decl":{"start":{"line":4,"column":13},"end":{"line":4,"column":32}},"loc":{"start":{"line":4,"column":73},"end":{"line":43,"column":null}},"line":4},"1":{"name":"ItemCart","decl":{"start":{"line":47,"column":16},"end":{"line":47,"column":25}},"loc":{"start":{"line":53,"column":3},"end":{"line":89,"column":null}},"line":53}},"branchMap":{},"s":{"0":2,"1":18,"2":14},"f":{"0":18,"1":14},"b":{},"meta":{"lastBranch":0,"lastFunction":2,"lastStatement":3,"seen":{"s:4:13:43:Infinity":0,"f:4:13:4:32":0,"s:5:2:43:Infinity":1,"f:47:16:47:25":1,"s:54:2:89:Infinity":2}}}
,"C:\\Users\\Sebas Berrios\\OneDrive\\Escritorio\\Lyfter\\duad_sebas\\duad_sebas\\react\\paw-store\\src\\components\\PurchaseFlow\\ItemCart.module.css": {"path":"C:\\Users\\Sebas Berrios\\OneDrive\\Escritorio\\Lyfter\\duad_sebas\\duad_sebas\\react\\paw-store\\src\\components\\PurchaseFlow\\ItemCart.module.css","statementMap":{},"fnMap":{},"branchMap":{},"s":{},"f":{},"b":{},"meta":{"lastBranch":0,"lastFunction":0,"lastStatement":0,"seen":{}}}
,"C:\\Users\\Sebas Berrios\\OneDrive\\Escritorio\\Lyfter\\duad_sebas\\duad_sebas\\react\\paw-store\\src\\components\\PurchaseFlow\\PurchaseSummary.jsx": {"path":"C:\\Users\\Sebas Berrios\\OneDrive\\Escritorio\\Lyfter\\duad_sebas\\duad_sebas\\react\\paw-store\\src\\components\\PurchaseFlow\\PurchaseSummary.jsx","statementMap":{"0":{"start":{"line":5,"column":6},"end":{"line":19,"column":null}},"1":{"start":{"line":6,"column":2},"end":{"line":19,"column":null}},"2":{"start":{"line":10,"column":10},"end":{"line":16,"column":null}},"3":{"start":{"line":23,"column":6},"end":{"line":38,"column":null}},"4":{"start":{"line":24,"column":2},"end":{"line":38,"column":null}},"5":{"start":{"line":27,"column":8},"end":{"line":36,"column":null}},"6":{"start":{"line":29,"column":12},"end":{"line":34,"column":null}},"7":{"start":{"line":43,"column":18},"end":{"line":58,"column":null}},"8":{"start":{"line":50,"column":23},"end":{"line":50,"column":null}},"9":{"start":{"line":56,"column":23},"end":{"line":56,"column":null}},"10":{"start":{"line":60,"column":2},"end":{"line":71,"column":null}}},"fnMap":{"0":{"name":"(anonymous_0)","decl":{"start":{"line":5,"column":6},"end":{"line":5,"column":19}},"loc":{"start":{"line":5,"column":35},"end":{"line":19,"column":null}},"line":5},"1":{"name":"(anonymous_1)","decl":{"start":{"line":9,"column":17},"end":{"line":9,"column":22}},"loc":{"start":{"line":10,"column":10},"end":{"line":16,"column":null}},"line":10},"2":{"name":"(anonymous_2)","decl":{"start":{"line":23,"column":6},"end":{"line":23,"column":19}},"loc":{"start":{"line":23,"column":41},"end":{"line":38,"column":null}},"line":23},"3":{"name":"(anonymous_3)","decl":{"start":{"line":26,"column":12},"end":{"line":26,"column":17}},"loc":{"start":{"line":27,"column":8},"end":{"line":36,"column":null}},"line":27},"4":{"name":"(anonymous_4)","decl":{"start":{"line":28,"column":19},"end":{"line":28,"column":24}},"loc":{"start":{"line":29,"column":12},"end":{"line":34,"column":null}},"line":29},"5":{"name":"PurchaseSummary","decl":{"start":{"line":42,"column":24},"end":{"line":42,"column":40}},"loc":{"start":{"line":42,"column":58},"end":{"line":71,"column":null}},"line":42},"6":{"name":"(anonymous_6)","decl":{"start":{"line":50,"column":6},"end":{"line":50,"column":15}},"loc":{"start":{"line":50,"column":23},"end":{"line":50,"column":null}},"line":50},"7":{"name":"(anonymous_7)","decl":{"start":{"line":56,"column":6},"end":{"line":56,"column":15}},"loc":{"start":{"line":56,"column":23},"end":{"line":56,"column":null}},"line":56}},"branchMap":{"0":{"loc":{"start":{"line":31,"column":47},"end":{"line":31,"column":null}},"type":"cond-expr","locations":[{"start":{"line":31,"column":74},"end":{"line":31,"column":94}},{"start":{"line":31,"column":94},"end":{"line":31,"column":null}}],"line":31},"1":{"loc":{"start":{"line":33,"column":15},"end":{"line":33,"column":null}},"type":"cond-expr","locations":[{"start":{"line":33,"column":31},"end":{"line":33,"column":49}},{"start":{"line":33,"column":52},"end":{"line":33,"column":null}}],"line":33},"2":{"loc":{"start":{"line":27,"column":17},"end":{"line":27,"column":43}},"type":"binary-expr","locations":[{"start":{"line":27,"column":17},"end":{"line":27,"column":27}},{"start":{"line":27,"column":27},"end":{"line":27,"column":43}}],"line":27}},"s":{"0":2,"1":14,"2":56,"3":2,"4":14,"5":21,"6":84,"7":14,"8":21,"9":21,"10":14},"f":{"0":14,"1":56,"2":14,"3":21,"4":84,"5":14,"6":21,"7":21},"b":{"0":[63,21],"1":[42,42],"2":[21,0]},"meta":{"lastBranch":3,"lastFunction":8,"lastStatement":11,"seen":{"s:5:6:19:Infinity":0,"f:5:6:5:19":0,"s:6:2:19:Infinity":1,"f:9:17:9:22":1,"s:10:10:16:Infinity":2,"s:23:6:38:Infinity":3,"f:23:6:23:19":2,"s:24:2:38:Infinity":4,"f:26:12:26:17":3,"s:27:8:36:Infinity":5,"f:28:19:28:24":4,"s:29:12:34:Infinity":6,"b:31:74:31:94:31:94:31:Infinity":0,"b:33:31:33:49:33:52:33:Infinity":1,"b:27:17:27:27:27:27:27:43":2,"f:42:24:42:40":5,"s:43:18:58:Infinity":7,"f:50:6:50:15":6,"s:50:23:50:Infinity":8,"f:56:6:56:15":7,"s:56:23:56:Infinity":9,"s:60:2:71:Infinity":10}}}
,"C:\\Users\\Sebas Berrios\\OneDrive\\Escritorio\\Lyfter\\duad_sebas\\duad_sebas\\react\\paw-store\\src\\components\\PurchaseFlow\\PurchaseSummary.module.css": {"path":"C:\\Users\\Sebas Berrios\\OneDrive\\Escritorio\\Lyfter\\duad_sebas\\duad_sebas\\react\\paw-store\\src\\components\\PurchaseFlow\\PurchaseSummary.module.css","statementMap":{},"fnMap":{},"branchMap":{},"s":{},"f":{},"b":{},"meta":{"lastBranch":0,"lastFunction":0,"lastStatement":0,"seen":{}}}
,"C:\\Users\\Sebas Berrios\\OneDrive\\Escritorio\\Lyfter\\duad_sebas\\duad_sebas\\react\\paw-store\\src\\components\\Static\\Navbar.jsx": {"path":"C:\\Users\\Sebas Berrios\\OneDrive\\Escritorio\\Lyfter\\duad_sebas\\duad_sebas\\react\\paw-store\\src\\components\\Static\\Navbar.jsx","statementMap":{"0":{"start":{"line":10,"column":35},"end":{"line":10,"column":61}},"1":{"start":{"line":11,"column":8},"end":{"line":11,"column":32}},"2":{"start":{"line":13,"column":2},"end":{"line":95,"column":null}},"3":{"start":{"line":32,"column":16},"end":{"line":32,"column":null}},"4":{"start":{"line":40,"column":16},"end":{"line":40,"column":null}},"5":{"start":{"line":48,"column":16},"end":{"line":48,"column":null}},"6":{"start":{"line":57,"column":18},"end":{"line":57,"column":null}},"7":{"start":{"line":67,"column":20},"end":{"line":67,"column":null}},"8":{"start":{"line":77,"column":33},"end":{"line":77,"column":55}},"9":{"start":{"line":86,"column":18},"end":{"line":86,"column":null}}},"fnMap":{"0":{"name":"Navbar","decl":{"start":{"line":9,"column":9},"end":{"line":9,"column":18}},"loc":{"start":{"line":9,"column":18},"end":{"line":95,"column":null}},"line":9},"1":{"name":"(anonymous_1)","decl":{"start":{"line":31,"column":14},"end":{"line":31,"column":26}},"loc":{"start":{"line":32,"column":16},"end":{"line":32,"column":null}},"line":32},"2":{"name":"(anonymous_2)","decl":{"start":{"line":39,"column":14},"end":{"line":39,"column":26}},"loc":{"start":{"line":40,"column":16},"end":{"line":40,"column":null}},"line":40},"3":{"name":"(anonymous_3)","decl":{"start":{"line":47,"column":14},"end":{"line":47,"column":26}},"loc":{"start":{"line":48,"column":16},"end":{"line":48,"column":null}},"line":48},"4":{"name":"(anonymous_4)","decl":{"start":{"line":56,"column":16},"end":{"line":56,"column":28}},"loc":{"start":{"line":57,"column":18},"end":{"line":57,"column":null}},"line":57},"5":{"name":"(anonymous_5)","decl":{"start":{"line":66,"column":18},"end":{"line":66,"column":30}},"loc":{"start":{"line":67,"column":20},"end":{"line":67,"column":null}},"line":67},"6":{"name":"(anonymous_6)","decl":{"start":{"line":77,"column":18},"end":{"line":77,"column":33}},"loc":{"start":{"line":77,"column":33},"end":{"line":77,"column":55}},"line":77},"7":{"name":"(anonymous_7)","decl":{"start":{"line":85,"column":16},"end":{"line":85,"column":28}},"loc":{"start":{"line":86,"column":18},"end":{"line":86,"column":null}},"line":86}},"branchMap":{"0":{"loc":{"start":{"line":32,"column":34},"end":{"line":32,"column":null}},"type":"cond-expr","locations":[{"start":{"line":32,"column":45},"end":{"line":32,"column":61}},{"start":{"line":32,"column":61},"end":{"line":32,"column":null}}],"line":32},"1":{"loc":{"start":{"line":40,"column":34},"end":{"line":40,"column":null}},"type":"cond-expr","locations":[{"start":{"line":40,"column":45},"end":{"line":40,"column":61}},{"start":{"line":40,"column":61},"end":{"line":40,"column":null}}],"line":40},"2":{"loc":{"start":{"line":48,"column":34},"end":{"line":48,"column":null}},"type":"cond-expr","locations":[{"start":{"line":48,"column":45},"end":{"line":48,"column":61}},{"start":{"line":48,"column":61},"end":{"line":48,"column":null}}],"line":48},"3":{"loc":{"start":{"line":53,"column":13},"end":{"line":61,"column":null}},"type":"binary-expr","locations":[{"start":{"line":53,"column":13},"end":{"line":53,"column":null}},{"start":{"line":54,"column":14},"end":{"line":61,"column":null}}],"line":53},"4":{"loc":{"start":{"line":57,"column":36},"end":{"line":57,"column":null}},"type":"cond-expr","locations":[{"start":{"line":57,"column":47},"end":{"line":57,"column":63}},{"start":{"line":57,"column":63},"end":{"line":57,"column":null}}],"line":57},"5":{"loc":{"start":{"line":63,"column":13},"end":{"line":88,"column":null}},"type":"cond-expr","locations":[{"start":{"line":64,"column":14},"end":{"line":81,"column":null}},{"start":{"line":83,"column":14},"end":{"line":88,"column":null}}],"line":63},"6":{"loc":{"start":{"line":67,"column":38},"end":{"line":67,"column":null}},"type":"cond-expr","locations":[{"start":{"line":67,"column":49},"end":{"line":67,"column":65}},{"start":{"line":67,"column":65},"end":{"line":67,"column":null}}],"line":67},"7":{"loc":{"start":{"line":86,"column":52},"end":{"line":86,"column":null}},"type":"cond-expr","locations":[{"start":{"line":86,"column":63},"end":{"line":86,"column":79}},{"start":{"line":86,"column":79},"end":{"line":86,"column":null}}],"line":86}},"s":{"0":14,"1":14,"2":14,"3":14,"4":14,"5":14,"6":3,"7":9,"8":1,"9":5},"f":{"0":14,"1":14,"2":14,"3":14,"4":3,"5":9,"6":1,"7":5},"b":{"0":[14,0],"1":[0,14],"2":[0,14],"3":[14,3],"4":[0,3],"5":[9,5],"6":[0,9],"7":[0,5]},"meta":{"lastBranch":8,"lastFunction":8,"lastStatement":10,"seen":{"f:9:9:9:18":0,"s:10:35:10:61":0,"s:11:8:11:32":1,"s:13:2:95:Infinity":2,"f:31:14:31:26":1,"s:32:16:32:Infinity":3,"b:32:45:32:61:32:61:32:Infinity":0,"f:39:14:39:26":2,"s:40:16:40:Infinity":4,"b:40:45:40:61:40:61:40:Infinity":1,"f:47:14:47:26":3,"s:48:16:48:Infinity":5,"b:48:45:48:61:48:61:48:Infinity":2,"b:53:13:53:Infinity:54:14:61:Infinity":3,"f:56:16:56:28":4,"s:57:18:57:Infinity":6,"b:57:47:57:63:57:63:57:Infinity":4,"b:64:14:81:Infinity:83:14:88:Infinity":5,"f:66:18:66:30":5,"s:67:20:67:Infinity":7,"b:67:49:67:65:67:65:67:Infinity":6,"f:77:18:77:33":6,"s:77:33:77:55":8,"f:85:16:85:28":7,"s:86:18:86:Infinity":9,"b:86:63:86:79:86:79:86:Infinity":7}}}
,"C:\\Users\\Sebas Berrios\\OneDrive\\Escritorio\\Lyfter\\duad_sebas\\duad_sebas\\react\\paw-store\\src\\components\\Static\\Navbar.module.css": {"path":"C:\\Users\\Sebas Berrios\\OneDrive\\Escritorio\\Lyfter\\duad_sebas\\duad_sebas\\react\\paw-store\\src\\components\\Static\\Navbar.module.css","statementMap":{},"fnMap":{},"branchMap":{},"s":{},"f":{},"b":{},"meta":{"lastBranch":0,"lastFunction":0,"lastStatement":0,"seen":{}}}
,"C:\\Users\\Sebas Berrios\\OneDrive\\Escritorio\\Lyfter\\duad_sebas\\duad_sebas\\react\\paw-store\\src\\components\\Table\\AdminProductsTable.jsx": {"path":"C:\\Users\\Sebas Berrios\\OneDrive\\Escritorio\\Lyfter\\duad_sebas\\duad_sebas\\react\\paw-store\\src\\components\\Table\\AdminProductsTable.jsx","statementMap":{"0":{"start":{"line":13,"column":2},"end":{"line":32,"column":null}}},"fnMap":{"0":{"name":"AdminProductsTable","decl":{"start":{"line":5,"column":16},"end":{"line":5,"column":35}},"loc":{"start":{"line":12,"column":3},"end":{"line":32,"column":null}},"line":12}},"branchMap":{"0":{"loc":{"start":{"line":15,"column":8},"end":{"line":21,"column":null}},"type":"binary-expr","locations":[{"start":{"line":15,"column":8},"end":{"line":15,"column":17}},{"start":{"line":15,"column":17},"end":{"line":15,"column":null}},{"start":{"line":16,"column":8},"end":{"line":21,"column":null}}],"line":15},"1":{"loc":{"start":{"line":17,"column":11},"end":{"line":17,"column":null}},"type":"binary-expr","locations":[{"start":{"line":17,"column":11},"end":{"line":17,"column":20}},{"start":{"line":17,"column":20},"end":{"line":17,"column":null}}],"line":17},"2":{"loc":{"start":{"line":18,"column":11},"end":{"line":19,"column":null}},"type":"binary-expr","locations":[{"start":{"line":18,"column":11},"end":{"line":18,"column":null}},{"start":{"line":19,"column":12},"end":{"line":19,"column":null}}],"line":18}},"s":{"0":13},"f":{"0":13},"b":{"0":[13,13,0],"1":[0,0],"2":[0,0]},"meta":{"lastBranch":3,"lastFunction":1,"lastStatement":1,"seen":{"f:5:16:5:35":0,"s:13:2:32:Infinity":0,"b:15:8:15:17:15:17:15:Infinity:16:8:21:Infinity":0,"b:17:11:17:20:17:20:17:Infinity":1,"b:18:11:18:Infinity:19:12:19:Infinity":2}}}
,"C:\\Users\\Sebas Berrios\\OneDrive\\Escritorio\\Lyfter\\duad_sebas\\duad_sebas\\react\\paw-store\\src\\components\\Table\\Body.jsx": {"path":"C:\\Users\\Sebas Berrios\\OneDrive\\Escritorio\\Lyfter\\duad_sebas\\duad_sebas\\react\\paw-store\\src\\components\\Table\\Body.jsx","statementMap":{"0":{"start":{"line":3,"column":6},"end":{"line":7,"column":36}},"1":{"start":{"line":4,"column":2},"end":{"line":7,"column":36}},"2":{"start":{"line":9,"column":21},"end":{"line":13,"column":null}},"3":{"start":{"line":15,"column":6},"end":{"line":15,"column":null}},"4":{"start":{"line":15,"column":34},"end":{"line":15,"column":null}},"5":{"start":{"line":17,"column":6},"end":{"line":22,"column":23}},"6":{"start":{"line":18,"column":2},"end":{"line":22,"column":23}},"7":{"start":{"line":24,"column":6},"end":{"line":28,"column":null}},"8":{"start":{"line":25,"column":2},"end":{"line":26,"column":null}},"9":{"start":{"line":26,"column":4},"end":{"line":26,"column":null}},"10":{"start":{"line":28,"column":2},"end":{"line":28,"column":null}},"11":{"start":{"line":32,"column":20},"end":{"line":32,"column":51}},"12":{"start":{"line":33,"column":2},"end":{"line":106,"column":null}},"13":{"start":{"line":43,"column":8},"end":{"line":103,"column":null}},"14":{"start":{"line":46,"column":32},"end":{"line":46,"column":58}},"15":{"start":{"line":48,"column":14},"end":{"line":52,"column":null}},"16":{"start":{"line":49,"column":16},"end":{"line":52,"column":null}},"17":{"start":{"line":56,"column":14},"end":{"line":75,"column":null}},"18":{"start":{"line":57,"column":16},"end":{"line":75,"column":null}},"19":{"start":{"line":63,"column":39},"end":{"line":63,"column":50}},"20":{"start":{"line":70,"column":39},"end":{"line":70,"column":52}},"21":{"start":{"line":79,"column":14},"end":{"line":83,"column":null}},"22":{"start":{"line":80,"column":16},"end":{"line":83,"column":null}},"23":{"start":{"line":87,"column":14},"end":{"line":93,"column":null}},"24":{"start":{"line":88,"column":16},"end":{"line":93,"column":null}},"25":{"start":{"line":97,"column":14},"end":{"line":100,"column":null}}},"fnMap":{"0":{"name":"(anonymous_0)","decl":{"start":{"line":3,"column":6},"end":{"line":3,"column":28}},"loc":{"start":{"line":4,"column":2},"end":{"line":7,"column":36}},"line":4},"1":{"name":"(anonymous_1)","decl":{"start":{"line":15,"column":6},"end":{"line":15,"column":20}},"loc":{"start":{"line":15,"column":34},"end":{"line":15,"column":null}},"line":15},"2":{"name":"(anonymous_2)","decl":{"start":{"line":17,"column":6},"end":{"line":17,"column":24}},"loc":{"start":{"line":18,"column":2},"end":{"line":22,"column":23}},"line":18},"3":{"name":"(anonymous_3)","decl":{"start":{"line":24,"column":6},"end":{"line":24,"column":18}},"loc":{"start":{"line":24,"column":28},"end":{"line":28,"column":null}},"line":24},"4":{"name":"TableBody","decl":{"start":{"line":31,"column":16},"end":{"line":31,"column":26}},"loc":{"start":{"line":31,"column":63},"end":{"line":106,"column":null}},"line":31},"5":{"name":"(anonymous_5)","decl":{"start":{"line":42,"column":17},"end":{"line":42,"column":22}},"loc":{"start":{"line":42,"column":30},"end":{"line":105,"column":null}},"line":42},"6":{"name":"(anonymous_6)","decl":{"start":{"line":45,"column":21},"end":{"line":45,"column":26}},"loc":{"start":{"line":45,"column":37},"end":{"line":100,"column":null}},"line":45},"7":{"name":"(anonymous_7)","decl":{"start":{"line":63,"column":24},"end":{"line":63,"column":39}},"loc":{"start":{"line":63,"column":39},"end":{"line":63,"column":50}},"line":63},"8":{"name":"(anonymous_8)","decl":{"start":{"line":70,"column":24},"end":{"line":70,"column":39}},"loc":{"start":{"line":70,"column":39},"end":{"line":70,"column":52}},"line":70}},"branchMap":{"0":{"loc":{"start":{"line":15,"column":34},"end":{"line":15,"column":null}},"type":"binary-expr","locations":[{"start":{"line":15,"column":34},"end":{"line":15,"column":61}},{"start":{"line":15,"column":61},"end":{"line":15,"column":null}}],"line":15},"1":{"loc":{"start":{"line":22,"column":12},"end":{"line":22,"column":23}},"type":"binary-expr","locations":[{"start":{"line":22,"column":12},"end":{"line":22,"column":21}},{"start":{"line":22,"column":21},"end":{"line":22,"column":23}}],"line":22},"2":{"loc":{"start":{"line":25,"column":2},"end":{"line":26,"column":null}},"type":"if","locations":[{"start":{"line":25,"column":2},"end":{"line":26,"column":null}},{"start":{},"end":{}}],"line":25},"3":{"loc":{"start":{"line":32,"column":20},"end":{"line":32,"column":51}},"type":"cond-expr","locations":[{"start":{"line":32,"column":42},"end":{"line":32,"column":49}},{"start":{"line":32,"column":49},"end":{"line":32,"column":51}}],"line":32},"4":{"loc":{"start":{"line":35,"column":7},"end":{"line":40,"column":null}},"type":"binary-expr","locations":[{"start":{"line":35,"column":7},"end":{"line":35,"column":null}},{"start":{"line":36,"column":8},"end":{"line":40,"column":null}}],"line":35},"5":{"loc":{"start":{"line":48,"column":14},"end":{"line":52,"column":null}},"type":"if","locations":[{"start":{"line":48,"column":14},"end":{"line":52,"column":null}},{"start":{},"end":{}}],"line":48},"6":{"loc":{"start":{"line":56,"column":14},"end":{"line":75,"column":null}},"type":"if","locations":[{"start":{"line":56,"column":14},"end":{"line":75,"column":null}},{"start":{},"end":{}}],"line":56},"7":{"loc":{"start":{"line":79,"column":14},"end":{"line":83,"column":null}},"type":"if","locations":[{"start":{"line":79,"column":14},"end":{"line":83,"column":null}},{"start":{},"end":{}}],"line":79},"8":{"loc":{"start":{"line":87,"column":14},"end":{"line":93,"column":null}},"type":"if","locations":[{"start":{"line":87,"column":14},"end":{"line":93,"column":null}},{"start":{},"end":{}}],"line":87}},"s":{"0":1,"1":132,"2":1,"3":1,"4":110,"5":1,"6":22,"7":1,"8":22,"9":22,"10":0,"11":13,"12":13,"13":22,"14":132,"15":132,"16":22,"17":110,"18":22,"19":1,"20":1,"21":88,"22":22,"23":66,"24":22,"25":44},"f":{"0":132,"1":110,"2":22,"3":22,"4":13,"5":22,"6":132,"7":1,"8":1},"b":{"0":[110,44],"1":[22,0],"2":[22,0],"3":[13,0],"4":[13,2],"5":[22,110],"6":[22,88],"7":[22,66],"8":[22,44]},"meta":{"lastBranch":9,"lastFunction":9,"lastStatement":26,"seen":{"s:3:6:7:36":0,"f:3:6:3:28":0,"s:4:2:7:36":1,"s:9:21:13:Infinity":2,"s:15:6:15:Infinity":3,"f:15:6:15:20":1,"s:15:34:15:Infinity":4,"b:15:34:15:61:15:61:15:Infinity":0,"s:17:6:22:23":5,"f:17:6:17:24":2,"s:18:2:22:23":6,"b:22:12:22:21:22:21:22:23":1,"s:24:6:28:Infinity":7,"f:24:6:24:18":3,"b:25:2:26:Infinity:undefined:undefined:undefined:undefined":2,"s:25:2:26:Infinity":8,"s:26:4:26:Infinity":9,"s:28:2:28:Infinity":10,"f:31:16:31:26":4,"s:32:20:32:51":11,"b:32:42:32:49:32:49:32:51":3,"s:33:2:106:Infinity":12,"b:35:7:35:Infinity:36:8:40:Infinity":4,"f:42:17:42:22":5,"s:43:8:103:Infinity":13,"f:45:21:45:26":6,"s:46:32:46:58":14,"b:48:14:52:Infinity:undefined:undefined:undefined:undefined":5,"s:48:14:52:Infinity":15,"s:49:16:52:Infinity":16,"b:56:14:75:Infinity:undefined:undefined:undefined:undefined":6,"s:56:14:75:Infinity":17,"s:57:16:75:Infinity":18,"f:63:24:63:39":7,"s:63:39:63:50":19,"f:70:24:70:39":8,"s:70:39:70:52":20,"b:79:14:83:Infinity:undefined:undefined:undefined:undefined":7,"s:79:14:83:Infinity":21,"s:80:16:83:Infinity":22,"b:87:14:93:Infinity:undefined:undefined:undefined:undefined":8,"s:87:14:93:Infinity":23,"s:88:16:93:Infinity":24,"s:97:14:100:Infinity":25}}}
,"C:\\Users\\Sebas Berrios\\OneDrive\\Escritorio\\Lyfter\\duad_sebas\\duad_sebas\\react\\paw-store\\src\\components\\Table\\Head.jsx": {"path":"C:\\Users\\Sebas Berrios\\OneDrive\\Escritorio\\Lyfter\\duad_sebas\\duad_sebas\\react\\paw-store\\src\\components\\Table\\Head.jsx","statementMap":{"0":{"start":{"line":4,"column":2},"end":{"line":13,"column":null}},"1":{"start":{"line":8,"column":10},"end":{"line":10,"column":null}}},"fnMap":{"0":{"name":"TableHead","decl":{"start":{"line":3,"column":16},"end":{"line":3,"column":26}},"loc":{"start":{"line":3,"column":39},"end":{"line":13,"column":null}},"line":3},"1":{"name":"(anonymous_1)","decl":{"start":{"line":7,"column":17},"end":{"line":7,"column":22}},"loc":{"start":{"line":8,"column":10},"end":{"line":10,"column":null}},"line":8}},"branchMap":{},"s":{"0":13,"1":78},"f":{"0":13,"1":78},"b":{},"meta":{"lastBranch":0,"lastFunction":2,"lastStatement":2,"seen":{"f:3:16:3:26":0,"s:4:2:13:Infinity":0,"f:7:17:7:22":1,"s:8:10:10:Infinity":1}}}
,"C:\\Users\\Sebas Berrios\\OneDrive\\Escritorio\\Lyfter\\duad_sebas\\duad_sebas\\react\\paw-store\\src\\components\\Table\\Table.module.css": {"path":"C:\\Users\\Sebas Berrios\\OneDrive\\Escritorio\\Lyfter\\duad_sebas\\duad_sebas\\react\\paw-store\\src\\components\\Table\\Table.module.css","statementMap":{},"fnMap":{},"branchMap":{},"s":{},"f":{},"b":{},"meta":{"lastBranch":0,"lastFunction":0,"lastStatement":0,"seen":{}}}
,"C:\\Users\\Sebas Berrios\\OneDrive\\Escritorio\\Lyfter\\duad_sebas\\duad_sebas\\react\\paw-store\\src\\pages\\Administration.jsx": {"path":"C:\\Users\\Sebas Berrios\\OneDrive\\Escritorio\\Lyfter\\duad_sebas\\duad_sebas\\react\\paw-store\\src\\pages\\Administration.jsx","statementMap":{"0":{"start":{"line":15,"column":8},"end":{"line":15,"column":62}},"1":{"start":{"line":15,"column":47},"end":{"line":15,"column":62}},"2":{"start":{"line":16,"column":8},"end":{"line":16,"column":72}},"3":{"start":{"line":16,"column":52},"end":{"line":16,"column":72}},"4":{"start":{"line":18,"column":8},"end":{"line":18,"column":66}},"5":{"start":{"line":18,"column":49},"end":{"line":18,"column":66}},"6":{"start":{"line":19,"column":8},"end":{"line":19,"column":72}},"7":{"start":{"line":19,"column":52},"end":{"line":19,"column":72}},"8":{"start":{"line":20,"column":8},"end":{"line":20,"column":72}},"9":{"start":{"line":20,"column":52},"end":{"line":20,"column":72}},"10":{"start":{"line":22,"column":8},"end":{"line":23,"column":null}},"11":{"start":{"line":23,"column":15},"end":{"line":23,"column":null}},"12":{"start":{"line":25,"column":8},"end":{"line":26,"column":null}},"13":{"start":{"line":26,"column":15},"end":{"line":26,"column":null}},"14":{"start":{"line":28,"column":8},"end":{"line":29,"column":null}},"15":{"start":{"line":29,"column":15},"end":{"line":29,"column":null}},"16":{"start":{"line":32,"column":8},"end":{"line":32,"column":69}},"17":{"start":{"line":32,"column":50},"end":{"line":32,"column":69}},"18":{"start":{"line":33,"column":8},"end":{"line":33,"column":69}},"19":{"start":{"line":33,"column":50},"end":{"line":33,"column":69}},"20":{"start":{"line":35,"column":18},"end":{"line":35,"column":null}},"21":{"start":{"line":36,"column":10},"end":{"line":36,"column":28}},"22":{"start":{"line":37,"column":8},"end":{"line":37,"column":32}},"23":{"start":{"line":39,"column":18},"end":{"line":39,"column":59}},"24":{"start":{"line":39,"column":39},"end":{"line":39,"column":58}},"25":{"start":{"line":41,"column":2},"end":{"line":45,"column":null}},"26":{"start":{"line":42,"column":4},"end":{"line":43,"column":null}},"27":{"start":{"line":43,"column":6},"end":{"line":43,"column":null}},"28":{"start":{"line":47,"column":23},"end":{"line":52,"column":null}},"29":{"start":{"line":48,"column":4},"end":{"line":52,"column":null}},"30":{"start":{"line":49,"column":6},"end":{"line":49,"column":null}},"31":{"start":{"line":50,"column":6},"end":{"line":50,"column":null}},"32":{"start":{"line":52,"column":6},"end":{"line":52,"column":null}},"33":{"start":{"line":56,"column":8},"end":{"line":57,"column":null}},"34":{"start":{"line":57,"column":4},"end":{"line":57,"column":null}},"35":{"start":{"line":60,"column":23},"end":{"line":73,"column":null}},"36":{"start":{"line":61,"column":4},"end":{"line":61,"column":null}},"37":{"start":{"line":61,"column":13},"end":{"line":61,"column":null}},"38":{"start":{"line":62,"column":4},"end":{"line":73,"column":null}},"39":{"start":{"line":63,"column":6},"end":{"line":70,"column":null}},"40":{"start":{"line":71,"column":6},"end":{"line":71,"column":null}},"41":{"start":{"line":73,"column":6},"end":{"line":73,"column":null}},"42":{"start":{"line":77,"column":8},"end":{"line":78,"column":null}},"43":{"start":{"line":78,"column":4},"end":{"line":78,"column":null}},"44":{"start":{"line":81,"column":27},"end":{"line":94,"column":null}},"45":{"start":{"line":82,"column":23},"end":{"line":89,"column":null}},"46":{"start":{"line":90,"column":4},"end":{"line":94,"column":null}},"47":{"start":{"line":91,"column":6},"end":{"line":91,"column":null}},"48":{"start":{"line":92,"column":6},"end":{"line":92,"column":null}},"49":{"start":{"line":94,"column":6},"end":{"line":94,"column":null}},"50":{"start":{"line":98,"column":2},"end":{"line":130,"column":null}}},"fnMap":{"0":{"name":"Administration","decl":{"start":{"line":14,"column":24},"end":{"line":14,"column":41}},"loc":{"start":{"line":14,"column":41},"end":{"line":130,"column":null}},"line":14},"1":{"name":"(anonymous_1)","decl":{"start":{"line":15,"column":19},"end":{"line":15,"column":37}},"loc":{"start":{"line":15,"column":47},"end":{"line":15,"column":62}},"line":15},"2":{"name":"(anonymous_2)","decl":{"start":{"line":16,"column":24},"end":{"line":16,"column":42}},"loc":{"start":{"line":16,"column":52},"end":{"line":16,"column":72}},"line":16},"3":{"name":"(anonymous_3)","decl":{"start":{"line":18,"column":21},"end":{"line":18,"column":39}},"loc":{"start":{"line":18,"column":49},"end":{"line":18,"column":66}},"line":18},"4":{"name":"(anonymous_4)","decl":{"start":{"line":19,"column":24},"end":{"line":19,"column":42}},"loc":{"start":{"line":19,"column":52},"end":{"line":19,"column":72}},"line":19},"5":{"name":"(anonymous_5)","decl":{"start":{"line":20,"column":24},"end":{"line":20,"column":42}},"loc":{"start":{"line":20,"column":52},"end":{"line":20,"column":72}},"line":20},"6":{"name":"(anonymous_6)","decl":{"start":{"line":22,"column":29},"end":{"line":22,"column":null}},"loc":{"start":{"line":23,"column":15},"end":{"line":23,"column":null}},"line":23},"7":{"name":"(anonymous_7)","decl":{"start":{"line":25,"column":26},"end":
[...]
start":{"line":234,"column":20},"end":{"line":234,"column":null}},"77":{"start":{"line":235,"column":18},"end":{"line":235,"column":null}},"78":{"start":{"line":236,"column":4},"end":{"line":263,"column":null}},"79":{"start":{"line":237,"column":6},"end":{"line":237,"column":null}},"80":{"start":{"line":237,"column":26},"end":{"line":237,"column":null}},"81":{"start":{"line":238,"column":6},"end":{"line":238,"column":null}},"82":{"start":{"line":238,"column":27},"end":{"line":238,"column":null}},"83":{"start":{"line":239,"column":6},"end":{"line":242,"column":null}},"84":{"start":{"line":240,"column":8},"end":{"line":242,"column":null}},"85":{"start":{"line":244,"column":6},"end":{"line":248,"column":null}},"86":{"start":{"line":251,"column":8},"end":{"line":253,"column":null}},"87":{"start":{"line":254,"column":6},"end":{"line":259,"column":null}},"88":{"start":{"line":254,"column":22},"end":{"line":258,"column":null}},"89":{"start":{"line":261,"column":6},"end":{"line":263,"column":null}},"90":{"start":{"line":261,"column":22},"end":{"line":262,"column":null}},"91":{"start":{"line":268,"column":4},"end":{"line":270,"column":null}}},"fnMap":{"0":{"name":"(anonymous_0)","decl":{"start":{"line":22,"column":32},"end":{"line":22,"column":40}},"loc":{"start":{"line":22,"column":54},"end":{"line":272,"column":3}},"line":22},"1":{"name":"(anonymous_1)","decl":{"start":{"line":34,"column":15},"end":{"line":34,"column":22}},"loc":{"start":{"line":34,"column":47},"end":{"line":97,"column":null}},"line":34},"2":{"name":"(anonymous_2)","decl":{"start":{"line":35,"column":4},"end":{"line":35,"column":9}},"loc":{"start":{"line":35,"column":20},"end":{"line":44,"column":7}},"line":35},"3":{"name":"(anonymous_3)","decl":{"start":{"line":52,"column":43},"end":{"line":52,"column":48}},"loc":{"start":{"line":52,"column":58},"end":{"line":56,"column":9}},"line":52},"4":{"name":"(anonymous_4)","decl":{"start":{"line":73,"column":6},"end":{"line":73,"column":11}},"loc":{"start":{"line":73,"column":22},"end":{"line":82,"column":null}},"line":73},"5":{"name":"(anonymous_5)","decl":{"start":{"line":87,"column":6},"end":{"line":87,"column":11}},"loc":{"start":{"line":87,"column":22},"end":{"line":91,"column":null}},"line":87},"6":{"name":"(anonymous_6)","decl":{"start":{"line":95,"column":6},"end":{"line":95,"column":11}},"loc":{"start":{"line":95,"column":22},"end":{"line":96,"column":null}},"line":95},"7":{"name":"(anonymous_7)","decl":{"start":{"line":101,"column":22},"end":{"line":101,"column":29}},"loc":{"start":{"line":101,"column":41},"end":{"line":161,"column":null}},"line":101},"8":{"name":"(anonymous_8)","decl":{"start":{"line":102,"column":4},"end":{"line":102,"column":9}},"loc":{"start":{"line":102,"column":20},"end":{"line":105,"column":7}},"line":102},"9":{"name":"(anonymous_9)","decl":{"start":{"line":131,"column":6},"end":{"line":131,"column":11}},"loc":{"start":{"line":131,"column":22},"end":{"line":144,"column":null}},"line":131},"10":{"name":"(anonymous_10)","decl":{"start":{"line":151,"column":6},"end":{"line":151,"column":11}},"loc":{"start":{"line":151,"column":22},"end":{"line":155,"column":null}},"line":151},"11":{"name":"(anonymous_11)","decl":{"start":{"line":159,"column":6},"end":{"line":159,"column":11}},"loc":{"start":{"line":159,"column":22},"end":{"line":160,"column":null}},"line":159},"12":{"name":"(anonymous_12)","decl":{"start":{"line":165,"column":20},"end":{"line":165,"column":27}},"loc":{"start":{"line":165,"column":52},"end":{"line":222,"column":null}},"line":165},"13":{"name":"(anonymous_13)","decl":{"start":{"line":166,"column":4},"end":{"line":166,"column":9}},"loc":{"start":{"line":166,"column":20},"end":{"line":169,"column":7}},"line":166},"14":{"name":"(anonymous_14)","decl":{"start":{"line":178,"column":21},"end":{"line":178,"column":26}},"loc":{"start":{"line":178,"column":35},"end":{"line":184,"column":null}},"line":178},"15":{"name":"(anonymous_15)","decl":{"start":{"line":210,"column":6},"end":{"line":210,"column":11}},"loc":{"start":{"line":210,"column":22},"end":{"line":214,"column":null}},"line":210},"16":{"name":"(anonymous_16)","decl":{"start":{"line":217,"column":6},"end":{"line":217,"column":11}},"loc":{"start":{"line":217,"column":22},"end":{"line":221,"column":null}},"line":217},"17":{"name":"(anonymous_17)","decl":{"start":{"line":226,"column":16},"end":{"line":226,"column":23}},"loc":{"start":{"line":226,"column":34},"end":{"line":263,"column":null}},"line":226},"18":{"name":"(anonymous_18)","decl":{"start":{"line":227,"column":4},"end":{"line":227,"column":9}},"loc":{"start":{"line":227,"column":20},"end":{"line":233,"column":7}},"line":227},"19":{"name":"(anonymous_19)","decl":{"start":{"line":254,"column":6},"end":{"line":254,"column":11}},"loc":{"start":{"line":254,"column":22},"end":{"line":258,"column":null}},"line":254},"20":{"name":"(anonymous_20)","decl":{"start":{"line":261,"column":6},"end":{"line":261,"column":11}},"loc":{"start":{"line":261,"column":22},"end":{"line":262,"column":null}},"line":261},"21":{"name":"(anonymous_21)","decl":{"start":{"line":267,"column":2},"end":{"line":267,"column":23}},"loc":{"start":{"line":267,"column":23},"end":{"line":270,"column":null}},"line":267}},"branchMap":{"0":{"loc":{"start":{"line":47,"column":6},"end":{"line":47,"column":null}},"type":"if","locations":[{"start":{"line":47,"column":6},"end":{"line":47,"column":null}},{"start":{},"end":{}}],"line":47},"1":{"loc":{"start":{"line":49,"column":6},"end":{"line":49,"column":null}},"type":"if","locations":[{"start":{"line":49,"column":6},"end":{"line":49,"column":null}},{"start":{},"end":{}}],"line":49},"2":{"loc":{"start":{"line":67,"column":6},"end":{"line":67,"column":null}},"type":"if","locations":[{"start":{"line":67,"column":6},"end":{"line":67,"column":null}},{"start":{},"end":{}}],"line":67},"3":{"loc":{"start":{"line":86,"column":8},"end":{"line":86,"column":null}},"type":"binary-expr","locations":[{"start":{"line":86,"column":8},"end":{"line":86,"column":35}},{"start":{"line":86,"column":35},"end":{"line":86,"column":48}},{"start":{"line":86,"column":48},"end":{"line":86,"column":null}}],"line":86},"4":{"loc":{"start":{"line":109,"column":6},"end":{"line":109,"column":null}},"type":"if","locations":[{"start":{"line":109,"column":6},"end":{"line":109,"column":null}},{"start":{},"end":{}}],"line":109},"5":{"loc":{"start":{"line":111,"column":6},"end":{"line":117,"column":null}},"type":"if","locations":[{"start":{"line":111,"column":6},"end":{"line":117,"column":null}},{"start":{},"end":{}}],"line":111},"6":{"loc":{"start":{"line":112,"column":8},"end":{"line":115,"column":null}},"type":"binary-expr","locations":[{"start":{"line":112,"column":8},"end":{"line":112,"column":null}},{"start":{"line":113,"column":8},"end":{"line":113,"column":null}},{"start":{"line":114,"column":8},"end":{"line":114,"column":null}},{"start":{"line":115,"column":8},"end":{"line":115,"column":null}}],"line":112},"7":{"loc":{"start":{"line":128,"column":6},"end":{"line":129,"column":null}},"type":"if","locations":[{"start":{"line":128,"column":6},"end":{"line":129,"column":null}},{"start":{},"end":{}}],"line":128},"8":{"loc":{"start":{"line":148,"column":8},"end":{"line":150,"column":null}},"type":"binary-expr","locations":[{"start":{"line":148,"column":8},"end":{"line":148,"column":null}},{"start":{"line":149,"column":8},"end":{"line":149,"column":null}},{"start":{"line":150,"column":8},"end":{"line":150,"column":null}}],"line":148},"9":{"loc":{"start":{"line":174,"column":6},"end":{"line":174,"column":null}},"type":"if","locations":[{"start":{"line":174,"column":6},"end":{"line":174,"column":null}},{"start":{},"end":{}}],"line":174},"10":{"loc":{"start":{"line":175,"column":6},"end":{"line":175,"column":null}},"type":"if","locations":[{"start":{"line":175,"column":6},"end":{"line":175,"column":null}},{"start":{},"end":{}}],"line":175},"11":{"loc":{"start":{"line":187,"column":6},"end":{"line":187,"column":null}},"type":"if","locations":[{"start":{"line":187,"column":6},"end":{"line":187,"column":null}},{"start":{},"end":{}}],"line":187},"12":{"loc":{"start":{"line":195,"column":6},"end":{"line":196,"column":null}},"type":"if","locations":[{"start":{"line":195,"column":6},"end":{"line":196,"column":null}},{"start":{},"end":{}}],"line":195},"13":{"loc":{"start":{"line":209,"column":8},"end":{"line":209,"column":null}},"type":"binary-expr","locations":[{"start":{"line":209,"column":8},"end":{"line":209,"column":35}},{"start":{"line":209,"column":35},"end":{"line":209,"column":48}},{"start":{"line":209,"column":48},"end":{"line":209,"column":null}}],"line":209},"14":{"loc":{"start":{"line":237,"column":6},"end":{"line":237,"column":null}},"type":"if","locations":[{"start":{"line":237,"column":6},"end":{"line":237,"column":null}},{"start":{},"end":{}}],"line":237},"15":{"loc":{"start":{"line":238,"column":6},"end":{"line":238,"column":null}},"type":"if","locations":[{"start":{"line":238,"column":6},"end":{"line":238,"column":null}},{"start":{},"end":{}}],"line":238},"16":{"loc":{"start":{"line":239,"column":6},"end":{"line":242,"column":null}},"type":"if","locations":[{"start":{"line":239,"column":6},"end":{"line":242,"column":null}},{"start":{},"end":{}}],"line":239},"17":{"loc":{"start":{"line":251,"column":8},"end":{"line":253,"column":null}},"type":"binary-expr","locations":[{"start":{"line":251,"column":8},"end":{"line":251,"column":null}},{"start":{"line":252,"column":8},"end":{"line":252,"column":null}},{"start":{"line":253,"column":8},"end":{"line":253,"column":null}}],"line":251}},"s":{"0":4,"1":4,"2":4,"3":1,"4":1,"5":1,"6":1,"7":0,"8":1,"9":0,"10":1,"11":1,"12":1,"13":1,"14":1,"15":1,"16":1,"17":0,"18":1,"19":1,"20":1,"21":1,"22":1,"23":0,"24":0,"25":0,"26":0,"27":1,"28":1,"29":1,"30":1,"31":1,"32":1,"33":1,"34":0,"35":1,"36":0,"37":1,"38":1,"39":1,"40":0,"41":1,"42":1,"43":0,"44":0,"45":0,"46":0,"47":1,"48":1,"49":1,"50":1,"51":1,"52":1,"53":1,"54":0,"55":1,"56":0,"57":1,"58":1,"59":1,"60":1,"61":0,"62":1,"63":1,"64":1,"65":0,"66":1,"67":1,"68":1,"69":0,"70":0,"71":0,"72":1,"73":1,"74":1,"75":1,"76":1,"77":1,"78":1,"79":1,"80":0,"81":1,"82":0,"83":1,"84":0,"85":1,"86":0,"87":0,"88":0,"89":1,"90":1,"91":1},"f":{"0":4,"1":1,"2":1,"3":1,"4":1,"5":0,"6":1,"7":1,"8":1,"9":1,"10":0,"11":1,"12":1,"13":1,"14":1,"15":0,"16":1,"17":1,"18":1,"19":0,"20":1,"21":1},"b":{"0":[0,1],"1":[0,1],"2":[0,1],"3":[0,0,0],"4":[0,1],"5":[0,1],"6":[1,1,1,1],"7":[0,1],"8":[0,0,0],"9":[0,1],"10":[0,1],"11":[0,1],"12":[0,1],"13":[0,0,0],"14":[0,1],"15":[0,1],"16":[0,1],"17":[0,0,0]},"meta":{"lastBranch":18,"lastFunction":22,"lastStatement":92,"seen":{"s:6:29:20:Infinity":0,"s:22:13:272:3":1,"f:22:32:22:40":0,"s:22:54:272:3":2,"f:34:15:34:22":1,"s:35:4:44:Infinity":3,"f:35:4:35:9":2,"s:35:20:44:7":4,"s:46:4:97:Infinity":5,"b:47:6:47:Infinity:undefined:undefined:undefined:undefined":0,"s:47:6:47:Infinity":6,"s:47:26:47:Infinity":7,"b:49:6:49:Infinity:undefined:undefined:undefined:undefined":1,"s:49:6:49:Infinity":8,"s:49:32:49:Infinity":9,"s:51:12:51:59":10,"s:52:30:56:9":11,"f:52:43:52:48":3,"s:52:58:56:9":12,"s:58:27:62:Infinity":13,"s:63:18:63:56":14,"s:65:19:65:Infinity":15,"b:67:6:67:Infinity:undefined:undefined:undefined:undefined":2,"s:67:6:67:Infinity":16,"s:67:17:67:Infinity":17,"s:69:22:69:Infinity":18,"s:70:20:70:Infinity":19,"s:71:21:71:Infinity":20,"s:73:6:83:Infinity":21,"f:73:6:73:11":4,"s:73:22:82:Infinity":22,"s:86:8:86:Infinity":23,"b:86:8:86:35:86:35:86:48:86:48:86:Infinity":3,"s:87:6:92:Infinity":24,"f:87:6:87:11":5,"s:87:22:91:Infinity":25,"s:93:6:93:Infinity":26,"s:95:6:97:Infinity":27,"f:95:6:95:11":6,"s:95:22:96:Infinity":28,"f:101:22:101:29":7,"s:102:4:105:Infinity":29,"f:102:4:102:9":8,"s:102:20:105:7":30,"s:106:20:106:Infinity":31,"s:108:4:161:Infinity":32,"b:109:6:109:Infinity:undefined:undefined:undefined:undefined":4,"s:109:6:109:Infinity":33,"s:109:27:109:Infinity":34,"b:111:6:117:Infinity:undefined:undefined:undefined:undefined":5,"s:111:6:117:Infinity":35,"b:112:8:112:Infinity:113:8:113:Infinity:114:8:114:Infinity:115:8:115:Infinity":6,"s:117:8:117:Infinity":36,"s:119:18:125:8":37,"s:127:19:127:Infinity":38,"b:128:6:129:Infinity:undefined:undefined:undefined:undefined":7,"s:128:6:129:Infinity":39,"s:129:8:129:Infinity":40,"s:131:6:145:Infinity":41,"f:131:6:131:11":9,"s:131:22:144:Infinity":42,"s:148:8:150:Infinity":43,"b:148:8:148:Infinity:149:8:149:Infinity:150:8:150:Infinity":8,"s:151:6:156:Infinity":44,"f:151:6:151:11":10,"s:151:22:155:Infinity":45,"s:157:6:157:Infinity":46,"s:159:6:161:Infinity":47,"f:159:6:159:11":11,"s:159:22:160:Infinity":48,"f:165:20:165:27":12,"s:166:4:169:Infinity":49,"f:166:4:166:9":13,"s:166:20:169:7":50,"s:171:20:171:Infinity":51,"s:173:4:222:Infinity":52,"b:174:6:174:Infinity:undefined:undefined:undefined:undefined":9,"s:174:6:174:Infinity":53,"s:174:26:174:Infinity":54,"b:175:6:175:Infinity:undefined:undefined:undefined:undefined":10,"s:175:6:175:Infinity":55,"s:175:32:175:Infinity":56,"s:177:6:185:Infinity":57,"f:178:21:178:26":14,"s:179:26:180:Infinity":58,"s:183:10:183:Infinity":59,"b:187:6:187:Infinity:undefined:undefined:undefined:undefined":11,"s:187:6:187:Infinity":60,"s:187:27:187:Infinity":61,"s:189:18:191:8":62,"s:193:27:193:Infinity":63,"b:195:6:196:Infinity:undefined:undefined:undefined:undefined":12,"s:195:6:196:Infinity":64,"s:196:8:196:Infinity":65,"s:198:6:203:Infinity":66,"s:205:6:205:Infinity":67,"s:206:6:206:Infinity":68,"s:209:8:209:Infinity":69,"b:209:8:209:35:209:35:209:48:209:48:209:Infinity":13,"s:210:6:215:Infinity":70,"f:210:6:210:11":15,"s:210:22:214:Infinity":71,"s:217:6:222:Infinity":72,"f:217:6:217:11":16,"s:217:22:221:Infinity":73,"f:226:16:226:23":17,"s:227:4:233:Infinity":74,"f:227:4:227:9":18,"s:227:20:233:7":75,"s:234:20:234:Infinity":76,"s:235:18:235:Infinity":77,"s:236:4:263:Infinity":78,"b:237:6:237:Infinity:undefined:undefined:undefined:undefined":14,"s:237:6:237:Infinity":79,"s:237:26:237:Infinity":80,"b:238:6:238:Infinity:undefined:undefined:undefined:undefined":15,"s:238:6:238:Infinity":81,"s:238:27:238:Infinity":82,"b:239:6:242:Infinity:undefined:undefined:undefined:undefined":16,"s:239:6:242:Infinity":83,"s:240:8:242:Infinity":84,"s:244:6:248:Infinity":85,"s:251:8:253:Infinity":86,"b:251:8:251:Infinity:252:8:252:Infinity:253:8:253:Infinity":17,"s:254:6:259:Infinity":87,"f:254:6:254:11":19,"s:254:22:258:Infinity":88,"s:261:6:263:Infinity":89,"f:261:6:261:11":20,"s:261:22:262:Infinity":90,"f:267:2:267:23":21,"s:268:4:270:Infinity":91}}}
,"C:\\Users\\Sebas Berrios\\OneDrive\\Escritorio\\Lyfter\\duad_sebas\\duad_sebas\\react\\paw-store\\src\\utils\\helpers.js": {"path":"C:\\Users\\Sebas Berrios\\OneDrive\\Escritorio\\Lyfter\\duad_sebas\\duad_sebas\\react\\paw-store\\src\\utils\\helpers.js","statementMap":{"0":{"start":{"line":1,"column":6},"end":{"line":2,"column":53}},"1":{"start":{"line":2,"column":2},"end":{"line":2,"column":53}},"2":{"start":{"line":4,"column":13},"end":{"line":17,"column":null}},"3":{"start":{"line":5,"column":2},"end":{"line":6,"column":null}},"4":{"start":{"line":6,"column":4},"end":{"line":6,"column":null}},"5":{"start":{"line":9,"column":2},"end":{"line":10,"column":null}},"6":{"start":{"line":10,"column":4},"end":{"line":10,"column":null}},"7":{"start":{"line":13,"column":2},"end":{"line":14,"column":null}},"8":{"start":{"line":14,"column":4},"end":{"line":14,"column":null}},"9":{"start":{"line":17,"column":2},"end":{"line":17,"column":null}},"10":{"start":{"line":20,"column":13},"end":{"line":27,"column":null}},"11":{"start":{"line":21,"column":2},"end":{"line":22,"column":null}},"12":{"start":{"line":22,"column":4},"end":{"line":22,"column":null}},"13":{"start":{"line":25,"column":2},"end":{"line":27,"column":null}},"14":{"start":{"line":26,"column":4},"end":{"line":26,"column":null}},"15":{"start":{"line":30,"column":13},"end":{"line":35,"column":null}},"16":{"start":{"line":31,"column":19},"end":{"line":31,"column":43}},"17":{"start":{"line":33,"column":21},"end":{"line":33,"column":null}},"18":{"start":{"line":35,"column":2},"end":{"line":35,"column":null}}},"fnMap":{"0":{"name":"(anonymous_0)","decl":{"start":{"line":1,"column":6},"end":{"line":1,"column":23}},"loc":{"start":{"line":2,"column":2},"end":{"line":2,"column":53}},"line":2},"1":{"name":"(anonymous_1)","decl":{"start":{"line":4,"column":13},"end":{"line":4,"column":35}},"loc":{"start":{"line":4,"column":44},"end":{"line":17,"column":null}},"line":4},"2":{"name":"(anonymous_2)","decl":{"start":{"line":20,"column":13},"end":{"line":20,"column":34}},"loc":{"start":{"line":20,"column":44},"end":{"line":27,"column":null}},"line":20},"3":{"name":"(anonymous_3)","decl":{"start":{"line":25,"column":15},"end":{"line":25,"column":23}},"loc":{"start":{"line":25,"column":37},"end":{"line":27,"column":7}},"line":25},"4":{"name":"(anonymous_4)","decl":{"start":{"line":30,"column":13},"end":{"line":30,"column":31}},"loc":{"start":{"line":30,"column":56},"end":{"line":35,"column":null}},"line":30}},"branchMap":{"0":{"loc":{"start":{"line":2,"column":2},"end":{"line":2,"column":53}},"type":"binary-expr","locations":[{"start":{"line":2,"column":2},"end":{"line":2,"column":31}},{"start":{"line":2,"column":31},"end":{"line":2,"column":53}}],"line":2},"1":{"loc":{"start":{"line":5,"column":2},"end":{"line":6,"column":null}},"type":"if","locations":[{"start":{"line":5,"column":2},"end":{"line":6,"column":null}},{"start":{},"end":{}}],"line":5},"2":{"loc":{"start":{"line":5,"column":6},"end":{"line":5,"column":41}},"type":"binary-expr","locations":[{"start":{"line":5,"column":6},"end":{"line":5,"column":15}},{"start":{"line":5,"column":15},"end":{"line":5,"column":41}}],"line":5},"3":{"loc":{"start":{"line":9,"column":2},"end":{"line":10,"column":null}},"type":"if","locations":[{"start":{"line":9,"column":2},"end":{"line":10,"column":null}},{"start":{},"end":{}}],"line":9},"4":{"loc":{"start":{"line":9,"column":6},"end":{"line":9,"column":65}},"type":"binary-expr","locations":[{"start":{"line":9,"column":6},"end":{"line":9,"column":32}},{"start":{"line":9,"column":36},"end":{"line":9,"column":65}}],"line":9},"5":{"loc":{"start":{"line":13,"column":2},"end":{"line":14,"column":null}},"type":"if","locations":[{"start":{"line":13,"column":2},"end":{"line":14,"column":null}},{"start":{},"end":{}}],"line":13},"6":{"loc":{"start":{"line":13,"column":6},"end":{"line":13,"column":43}},"type":"binary-expr","locations":[{"start":{"line":13,"column":6},"end":{"line":13,"column":24}},{"start":{"line":13,"column":24},"end":{"line":13,"column":43}}],"line":13},"7":{"loc":{"start":{"line":21,"column":2},"end":{"line":22,"column":null}},"type":"if","locations":[{"start":{"line":21,"column":2},"end":{"line":22,"column":null}},{"start":{},"end":{}}],"line":21}},"s":{"0":7,"1":241,"2":7,"3":123,"4":1,"5":122,"6":3,"7":119,"8":1,"9":118,"10":7,"11":38,"12":2,"13":36,"14":57,"15":7,"16":7,"17":7,"18":7},"f":{"0":241,"1":123,"2":38,"3":57,"4":7},"b":{"0":[241,238],"1":[1,122],"2":[123,123],"3":[3,119],"4":[122,119],"5":[1,118],"6":[119,119],"7":[2,36]},"meta":{"lastBranch":8,"lastFunction":5,"lastStatement":19,"seen":{"s:1:6:2:53":0,"f:1:6:1:23":0,"s:2:2:2:53":1,"b:2:2:2:31:2:31:2:53":0,"s:4:13:17:Infinity":2,"f:4:13:4:35":1,"b:5:2:6:Infinity:undefined:undefined:undefined:undefined":1,"s:5:2:6:Infinity":3,"b:5:6:5:15:5:15:5:41":2,"s:6:4:6:Infinity":4,"b:9:2:10:Infinity:undefined:undefined:undefined:undefined":3,"s:9:2:10:Infinity":5,"b:9:6:9:32:9:36:9:65":4,"s:10:4:10:Infinity":6,"b:13:2:14:Infinity:undefined:undefined:undefined:undefined":5,"s:13:2:14:Infinity":7,"b:13:6:13:24:13:24:13:43":6,"s:14:4:14:Infinity":8,"s:17:2:17:Infinity":9,"s:20:13:27:Infinity":10,"f:20:13:20:34":2,"b:21:2:22:Infinity:undefined:undefined:undefined:undefined":7,"s:21:2:22:Infinity":11,"s:22:4:22:Infinity":12,"s:25:2:27:Infinity":13,"f:25:15:25:23":3,"s:26:4:26:Infinity":14,"s:30:13:35:Infinity":15,"f:30:13:30:31":4,"s:31:19:31:43":16,"s:33:21:33:Infinity":17,"s:35:2:35:Infinity":18}}}
}
